{"/home/albertosanzdev/Projects/arunachala_web/frontend/src/App.tsx": {"path":"/home/albertosanzdev/Projects/arunachala_web/frontend/src/App.tsx","statementMap":{"0":{"start":{"line":13,"column":17},"end":{"line":13,"column":55}},"1":{"start":{"line":13,"column":28},"end":{"line":13,"column":54}},"2":{"start":{"line":14,"column":17},"end":{"line":14,"column":55}},"3":{"start":{"line":14,"column":28},"end":{"line":14,"column":54}},"4":{"start":{"line":15,"column":22},"end":{"line":15,"column":65}},"5":{"start":{"line":15,"column":33},"end":{"line":15,"column":64}},"6":{"start":{"line":16,"column":17},"end":{"line":16,"column":55}},"7":{"start":{"line":16,"column":28},"end":{"line":16,"column":54}},"8":{"start":{"line":17,"column":23},"end":{"line":17,"column":67}},"9":{"start":{"line":17,"column":34},"end":{"line":17,"column":66}},"10":{"start":{"line":18,"column":24},"end":{"line":18,"column":69}},"11":{"start":{"line":18,"column":35},"end":{"line":18,"column":68}},"12":{"start":{"line":19,"column":29},"end":{"line":19,"column":79}},"13":{"start":{"line":19,"column":40},"end":{"line":19,"column":78}},"14":{"start":{"line":20,"column":24},"end":{"line":20,"column":69}},"15":{"start":{"line":20,"column":35},"end":{"line":20,"column":68}},"16":{"start":{"line":21,"column":25},"end":{"line":21,"column":71}},"17":{"start":{"line":21,"column":36},"end":{"line":21,"column":70}},"18":{"start":{"line":22,"column":23},"end":{"line":22,"column":67}},"19":{"start":{"line":22,"column":34},"end":{"line":22,"column":66}},"20":{"start":{"line":23,"column":21},"end":{"line":23,"column":63}},"21":{"start":{"line":23,"column":32},"end":{"line":23,"column":62}},"22":{"start":{"line":26,"column":18},"end":{"line":26,"column":57}},"23":{"start":{"line":26,"column":29},"end":{"line":26,"column":56}},"24":{"start":{"line":27,"column":21},"end":{"line":27,"column":63}},"25":{"start":{"line":27,"column":32},"end":{"line":27,"column":62}},"26":{"start":{"line":28,"column":27},"end":{"line":28,"column":75}},"27":{"start":{"line":28,"column":38},"end":{"line":28,"column":74}},"28":{"start":{"line":29,"column":26},"end":{"line":29,"column":73}},"29":{"start":{"line":29,"column":37},"end":{"line":29,"column":72}},"30":{"start":{"line":30,"column":22},"end":{"line":30,"column":75}},"31":{"start":{"line":30,"column":33},"end":{"line":30,"column":74}},"32":{"start":{"line":31,"column":23},"end":{"line":31,"column":77}},"33":{"start":{"line":31,"column":34},"end":{"line":31,"column":76}},"34":{"start":{"line":32,"column":23},"end":{"line":32,"column":77}},"35":{"start":{"line":32,"column":34},"end":{"line":32,"column":76}},"36":{"start":{"line":33,"column":24},"end":{"line":33,"column":79}},"37":{"start":{"line":33,"column":35},"end":{"line":33,"column":78}},"38":{"start":{"line":34,"column":17},"end":{"line":34,"column":65}},"39":{"start":{"line":34,"column":28},"end":{"line":34,"column":64}},"40":{"start":{"line":35,"column":20},"end":{"line":35,"column":79}},"41":{"start":{"line":35,"column":31},"end":{"line":35,"column":78}},"42":{"start":{"line":36,"column":19},"end":{"line":36,"column":69}},"43":{"start":{"line":36,"column":30},"end":{"line":36,"column":68}},"44":{"start":{"line":37,"column":25},"end":{"line":37,"column":81}},"45":{"start":{"line":37,"column":36},"end":{"line":37,"column":80}},"46":{"start":{"line":38,"column":26},"end":{"line":38,"column":83}},"47":{"start":{"line":38,"column":37},"end":{"line":38,"column":82}},"48":{"start":{"line":39,"column":20},"end":{"line":39,"column":71}},"49":{"start":{"line":39,"column":31},"end":{"line":39,"column":70}},"50":{"start":{"line":40,"column":21},"end":{"line":40,"column":73}},"51":{"start":{"line":40,"column":32},"end":{"line":40,"column":72}},"52":{"start":{"line":41,"column":24},"end":{"line":41,"column":79}},"53":{"start":{"line":41,"column":35},"end":{"line":41,"column":78}},"54":{"start":{"line":42,"column":18},"end":{"line":42,"column":57}},"55":{"start":{"line":42,"column":29},"end":{"line":42,"column":56}},"56":{"start":{"line":43,"column":20},"end":{"line":43,"column":61}},"57":{"start":{"line":43,"column":31},"end":{"line":43,"column":60}},"58":{"start":{"line":44,"column":24},"end":{"line":44,"column":69}},"59":{"start":{"line":44,"column":35},"end":{"line":44,"column":68}},"60":{"start":{"line":45,"column":26},"end":{"line":45,"column":73}},"61":{"start":{"line":45,"column":37},"end":{"line":45,"column":72}},"62":{"start":{"line":50,"column":19},"end":{"line":114,"column":1}},"63":{"start":{"line":51,"column":21},"end":{"line":51,"column":34}},"64":{"start":{"line":55,"column":8},"end":{"line":59,"column":55}},"65":{"start":{"line":61,"column":4},"end":{"line":113,"column":6}},"66":{"start":{"line":117,"column":4},"end":{"line":125,"column":6}}},"fnMap":{"0":{"name":"(anonymous_0)","decl":{"start":{"line":13,"column":22},"end":{"line":13,"column":23}},"loc":{"start":{"line":13,"column":28},"end":{"line":13,"column":54}},"line":13},"1":{"name":"(anonymous_1)","decl":{"start":{"line":14,"column":22},"end":{"line":14,"column":23}},"loc":{"start":{"line":14,"column":28},"end":{"line":14,"column":54}},"line":14},"2":{"name":"(anonymous_2)","decl":{"start":{"line":15,"column":27},"end":{"line":15,"column":28}},"loc":{"start":{"line":15,"column":33},"end":{"line":15,"column":64}},"line":15},"3":{"name":"(anonymous_3)","decl":{"start":{"line":16,"column":22},"end":{"line":16,"column":23}},"loc":{"start":{"line":16,"column":28},"end":{"line":16,"column":54}},"line":16},"4":{"name":"(anonymous_4)","decl":{"start":{"line":17,"column":28},"end":{"line":17,"column":29}},"loc":{"start":{"line":17,"column":34},"end":{"line":17,"column":66}},"line":17},"5":{"name":"(anonymous_5)","decl":{"start":{"line":18,"column":29},"end":{"line":18,"column":30}},"loc":{"start":{"line":18,"column":35},"end":{"line":18,"column":68}},"line":18},"6":{"name":"(anonymous_6)","decl":{"start":{"line":19,"column":34},"end":{"line":19,"column":35}},"loc":{"start":{"line":19,"column":40},"end":{"line":19,"column":78}},"line":19},"7":{"name":"(anonymous_7)","decl":{"start":{"line":20,"column":29},"end":{"line":20,"column":30}},"loc":{"start":{"line":20,"column":35},"end":{"line":20,"column":68}},"line":20},"8":{"name":"(anonymous_8)","decl":{"start":{"line":21,"column":30},"end":{"line":21,"column":31}},"loc":{"start":{"line":21,"column":36},"end":{"line":21,"column":70}},"line":21},"9":{"name":"(anonymous_9)","decl":{"start":{"line":22,"column":28},"end":{"line":22,"column":29}},"loc":{"start":{"line":22,"column":34},"end":{"line":22,"column":66}},"line":22},"10":{"name":"(anonymous_10)","decl":{"start":{"line":23,"column":26},"end":{"line":23,"column":27}},"loc":{"start":{"line":23,"column":32},"end":{"line":23,"column":62}},"line":23},"11":{"name":"(anonymous_11)","decl":{"start":{"line":26,"column":23},"end":{"line":26,"column":24}},"loc":{"start":{"line":26,"column":29},"end":{"line":26,"column":56}},"line":26},"12":{"name":"(anonymous_12)","decl":{"start":{"line":27,"column":26},"end":{"line":27,"column":27}},"loc":{"start":{"line":27,"column":32},"end":{"line":27,"column":62}},"line":27},"13":{"name":"(anonymous_13)","decl":{"start":{"line":28,"column":32},"end":{"line":28,"column":33}},"loc":{"start":{"line":28,"column":38},"end":{"line":28,"column":74}},"line":28},"14":{"name":"(anonymous_14)","decl":{"start":{"line":29,"column":31},"end":{"line":29,"column":32}},"loc":{"start":{"line":29,"column":37},"end":{"line":29,"column":72}},"line":29},"15":{"name":"(anonymous_15)","decl":{"start":{"line":30,"column":27},"end":{"line":30,"column":28}},"loc":{"start":{"line":30,"column":33},"end":{"line":30,"column":74}},"line":30},"16":{"name":"(anonymous_16)","decl":{"start":{"line":31,"column":28},"end":{"line":31,"column":29}},"loc":{"start":{"line":31,"column":34},"end":{"line":31,"column":76}},"line":31},"17":{"name":"(anonymous_17)","decl":{"start":{"line":32,"column":28},"end":{"line":32,"column":29}},"loc":{"start":{"line":32,"column":34},"end":{"line":32,"column":76}},"line":32},"18":{"name":"(anonymous_18)","decl":{"start":{"line":33,"column":29},"end":{"line":33,"column":30}},"loc":{"start":{"line":33,"column":35},"end":{"line":33,"column":78}},"line":33},"19":{"name":"(anonymous_19)","decl":{"start":{"line":34,"column":22},"end":{"line":34,"column":23}},"loc":{"start":{"line":34,"column":28},"end":{"line":34,"column":64}},"line":34},"20":{"name":"(anonymous_20)","decl":{"start":{"line":35,"column":25},"end":{"line":35,"column":26}},"loc":{"start":{"line":35,"column":31},"end":{"line":35,"column":78}},"line":35},"21":{"name":"(anonymous_21)","decl":{"start":{"line":36,"column":24},"end":{"line":36,"column":25}},"loc":{"start":{"line":36,"column":30},"end":{"line":36,"column":68}},"line":36},"22":{"name":"(anonymous_22)","decl":{"start":{"line":37,"column":30},"end":{"line":37,"column":31}},"loc":{"start":{"line":37,"column":36},"end":{"line":37,"column":80}},"line":37},"23":{"name":"(anonymous_23)","decl":{"start":{"line":38,"column":31},"end":{"line":38,"column":32}},"loc":{"start":{"line":38,"column":37},"end":{"line":38,"column":82}},"line":38},"24":{"name":"(anonymous_24)","decl":{"start":{"line":39,"column":25},"end":{"line":39,"column":26}},"loc":{"start":{"line":39,"column":31},"end":{"line":39,"column":70}},"line":39},"25":{"name":"(anonymous_25)","decl":{"start":{"line":40,"column":26},"end":{"line":40,"column":27}},"loc":{"start":{"line":40,"column":32},"end":{"line":40,"column":72}},"line":40},"26":{"name":"(anonymous_26)","decl":{"start":{"line":41,"column":29},"end":{"line":41,"column":30}},"loc":{"start":{"line":41,"column":35},"end":{"line":41,"column":78}},"line":41},"27":{"name":"(anonymous_27)","decl":{"start":{"line":42,"column":23},"end":{"line":42,"column":24}},"loc":{"start":{"line":42,"column":29},"end":{"line":42,"column":56}},"line":42},"28":{"name":"(anonymous_28)","decl":{"start":{"line":43,"column":25},"end":{"line":43,"column":26}},"loc":{"start":{"line":43,"column":31},"end":{"line":43,"column":60}},"line":43},"29":{"name":"(anonymous_29)","decl":{"start":{"line":44,"column":29},"end":{"line":44,"column":30}},"loc":{"start":{"line":44,"column":35},"end":{"line":44,"column":68}},"line":44},"30":{"name":"(anonymous_30)","decl":{"start":{"line":45,"column":31},"end":{"line":45,"column":32}},"loc":{"start":{"line":45,"column":37},"end":{"line":45,"column":72}},"line":45},"31":{"name":"(anonymous_31)","decl":{"start":{"line":50,"column":19},"end":{"line":50,"column":20}},"loc":{"start":{"line":50,"column":25},"end":{"line":114,"column":1}},"line":50},"32":{"name":"App","decl":{"start":{"line":116,"column":9},"end":{"line":116,"column":12}},"loc":{"start":{"line":116,"column":15},"end":{"line":126,"column":1}},"line":116}},"branchMap":{"0":{"loc":{"start":{"line":55,"column":8},"end":{"line":59,"column":55}},"type":"binary-expr","locations":[{"start":{"line":55,"column":8},"end":{"line":55,"column":46}},{"start":{"line":56,"column":8},"end":{"line":56,"column":50}},{"start":{"line":57,"column":8},"end":{"line":57,"column":49}},{"start":{"line":58,"column":8},"end":{"line":58,"column":56}},{"start":{"line":59,"column":8},"end":{"line":59,"column":55}}],"line":55},"1":{"loc":{"start":{"line":63,"column":13},"end":{"line":63,"column":40}},"type":"binary-expr","locations":[{"start":{"line":63,"column":13},"end":{"line":63,"column":25}},{"start":{"line":63,"column":29},"end":{"line":63,"column":40}}],"line":63}},"s":{"0":0,"1":0,"2":0,"3":0,"4":0,"5":0,"6":0,"7":0,"8":0,"9":0,"10":0,"11":0,"12":0,"13":0,"14":0,"15":0,"16":0,"17":0,"18":0,"19":0,"20":0,"21":0,"22":0,"23":0,"24":0,"25":0,"26":0,"27":0,"28":0,"29":0,"30":0,"31":0,"32":0,"33":0,"34":0,"35":0,"36":0,"37":0,"38":0,"39":0,"40":0,"41":0,"42":0,"43":0,"44":0,"45":0,"46":0,"47":0,"48":0,"49":0,"50":0,"51":0,"52":0,"53":0,"54":0,"55":0,"56":0,"57":0,"58":0,"59":0,"60":0,"61":0,"62":0,"63":0,"64":0,"65":0,"66":0},"f":{"0":0,"1":0,"2":0,"3":0,"4":0,"5":0,"6":0,"7":0,"8":0,"9":0,"10":0,"11":0,"12":0,"13":0,"14":0,"15":0,"16":0,"17":0,"18":0,"19":0,"20":0,"21":0,"22":0,"23":0,"24":0,"25":0,"26":0,"27":0,"28":0,"29":0,"30":0,"31":0,"32":0},"b":{"0":[0,0,0,0,0],"1":[0,0]}}
,"/home/albertosanzdev/Projects/arunachala_web/frontend/src/config.ts": {"path":"/home/albertosanzdev/Projects/arunachala_web/frontend/src/config.ts","statementMap":{"0":{"start":{"line":1,"column":28},"end":{"line":1,"column":51}}},"fnMap":{},"branchMap":{},"s":{"0":0},"f":{},"b":{}}
,"/home/albertosanzdev/Projects/arunachala_web/frontend/src/i18n.ts": {"path":"/home/albertosanzdev/Projects/arunachala_web/frontend/src/i18n.ts","statementMap":{"0":{"start":{"line":9,"column":0},"end":{"line":34,"column":7}}},"fnMap":{},"branchMap":{},"s":{"0":0},"f":{},"b":{}}
,"/home/albertosanzdev/Projects/arunachala_web/frontend/src/index.tsx": {"path":"/home/albertosanzdev/Projects/arunachala_web/frontend/src/index.tsx","statementMap":{"0":{"start":{"line":9,"column":13},"end":{"line":11,"column":1}},"1":{"start":{"line":12,"column":0},"end":{"line":16,"column":2}}},"fnMap":{},"branchMap":{},"s":{"0":0,"1":0},"f":{},"b":{}}
,"/home/albertosanzdev/Projects/arunachala_web/frontend/src/original_config.ts": {"path":"/home/albertosanzdev/Projects/arunachala_web/frontend/src/original_config.ts","statementMap":{"0":{"start":{"line":4,"column":28},"end":{"line":4,"column":84}}},"fnMap":{},"branchMap":{"0":{"loc":{"start":{"line":4,"column":28},"end":{"line":4,"column":84}},"type":"binary-expr","locations":[{"start":{"line":4,"column":28},"end":{"line":4,"column":57}},{"start":{"line":4,"column":61},"end":{"line":4,"column":84}}],"line":4}},"s":{"0":0},"f":{},"b":{"0":[0,0]}}
,"/home/albertosanzdev/Projects/arunachala_web/frontend/src/components/ArticleModal.tsx": {"path":"/home/albertosanzdev/Projects/arunachala_web/frontend/src/components/ArticleModal.tsx","statementMap":{"0":{"start":{"line":32,"column":50},"end":{"line":253,"column":1}},"1":{"start":{"line":33,"column":24},"end":{"line":33,"column":40}},"2":{"start":{"line":35,"column":4},"end":{"line":35,"column":30}},"3":{"start":{"line":35,"column":18},"end":{"line":35,"column":30}},"4":{"start":{"line":37,"column":28},"end":{"line":37,"column":74}},"5":{"start":{"line":38,"column":27},"end":{"line":38,"column":72}},"6":{"start":{"line":39,"column":30},"end":{"line":39,"column":78}},"7":{"start":{"line":41,"column":23},"end":{"line":48,"column":5}},"8":{"start":{"line":42,"column":21},"end":{"line":42,"column":41}},"9":{"start":{"line":43,"column":8},"end":{"line":47,"column":11}},"10":{"start":{"line":50,"column":29},"end":{"line":57,"column":5}},"11":{"start":{"line":51,"column":47},"end":{"line":55,"column":9}},"12":{"start":{"line":56,"column":8},"end":{"line":56,"column":44}},"13":{"start":{"line":59,"column":25},"end":{"line":71,"column":5}},"14":{"start":{"line":60,"column":8},"end":{"line":60,"column":32}},"15":{"start":{"line":60,"column":22},"end":{"line":60,"column":32}},"16":{"start":{"line":61,"column":22},"end":{"line":64,"column":33}},"17":{"start":{"line":68,"column":8},"end":{"line":68,"column":62}},"18":{"start":{"line":70,"column":8},"end":{"line":70,"column":23}},"19":{"start":{"line":73,"column":4},"end":{"line":252,"column":6}},"20":{"start":{"line":117,"column":63},"end":{"line":117,"column":78}},"21":{"start":{"line":118,"column":48},"end":{"line":129,"column":49}},"22":{"start":{"line":119,"column":52},"end":{"line":119,"column":82}},"23":{"start":{"line":120,"column":67},"end":{"line":120,"column":87}},"24":{"start":{"line":121,"column":52},"end":{"line":127,"column":53}},"25":{"start":{"line":122,"column":73},"end":{"line":122,"column":124}},"26":{"start":{"line":123,"column":71},"end":{"line":123,"column":100}},"27":{"start":{"line":124,"column":56},"end":{"line":124,"column":185}},"28":{"start":{"line":125,"column":56},"end":{"line":125,"column":84}},"29":{"start":{"line":126,"column":56},"end":{"line":126,"column":83}},"30":{"start":{"line":128,"column":52},"end":{"line":128,"column":59}},"31":{"start":{"line":130,"column":48},"end":{"line":130,"column":93}},"32":{"start":{"line":131,"column":48},"end":{"line":133,"column":112}},"33":{"start":{"line":134,"column":48},"end":{"line":134,"column":165}},"34":{"start":{"line":193,"column":53},"end":{"line":193,"column":89}},"35":{"start":{"line":194,"column":59},"end":{"line":194,"column":80}},"36":{"start":{"line":196,"column":40},"end":{"line":202,"column":41}},"37":{"start":{"line":197,"column":44},"end":{"line":201,"column":45}},"38":{"start":{"line":198,"column":48},"end":{"line":198,"column":88}},"39":{"start":{"line":204,"column":58},"end":{"line":204,"column":77}},"40":{"start":{"line":206,"column":40},"end":{"line":208,"column":41}},"41":{"start":{"line":207,"column":44},"end":{"line":207,"column":82}},"42":{"start":{"line":210,"column":40},"end":{"line":210,"column":98}},"43":{"start":{"line":210,"column":86},"end":{"line":210,"column":98}},"44":{"start":{"line":212,"column":40},"end":{"line":223,"column":42}},"45":{"start":{"line":215,"column":52},"end":{"line":220,"column":59}}},"fnMap":{"0":{"name":"(anonymous_0)","decl":{"start":{"line":32,"column":50},"end":{"line":32,"column":51}},"loc":{"start":{"line":32,"column":84},"end":{"line":253,"column":1}},"line":32},"1":{"name":"(anonymous_1)","decl":{"start":{"line":41,"column":23},"end":{"line":41,"column":24}},"loc":{"start":{"line":41,"column":47},"end":{"line":48,"column":5}},"line":41},"2":{"name":"(anonymous_2)","decl":{"start":{"line":50,"column":29},"end":{"line":50,"column":30}},"loc":{"start":{"line":50,"column":51},"end":{"line":57,"column":5}},"line":50},"3":{"name":"(anonymous_3)","decl":{"start":{"line":59,"column":25},"end":{"line":59,"column":26}},"loc":{"start":{"line":59,"column":46},"end":{"line":71,"column":5}},"line":59},"4":{"name":"(anonymous_4)","decl":{"start":{"line":116,"column":53},"end":{"line":116,"column":54}},"loc":{"start":{"line":116,"column":60},"end":{"line":135,"column":45}},"line":116},"5":{"name":"(anonymous_5)","decl":{"start":{"line":192,"column":38},"end":{"line":192,"column":39}},"loc":{"start":{"line":192,"column":44},"end":{"line":224,"column":37}},"line":192},"6":{"name":"(anonymous_6)","decl":{"start":{"line":214,"column":65},"end":{"line":214,"column":66}},"loc":{"start":{"line":215,"column":52},"end":{"line":220,"column":59}},"line":215}},"branchMap":{"0":{"loc":{"start":{"line":35,"column":4},"end":{"line":35,"column":30}},"type":"if","locations":[{"start":{"line":35,"column":4},"end":{"line":35,"column":30}},{"start":{},"end":{}}],"line":35},"1":{"loc":{"start":{"line":56,"column":15},"end":{"line":56,"column":43}},"type":"binary-expr","locations":[{"start":{"line":56,"column":15},"end":{"line":56,"column":31}},{"start":{"line":56,"column":35},"end":{"line":56,"column":43}}],"line":56},"2":{"loc":{"start":{"line":60,"column":8},"end":{"line":60,"column":32}},"type":"if","locations":[{"start":{"line":60,"column":8},"end":{"line":60,"column":32}},{"start":{},"end":{}}],"line":60},"3":{"loc":{"start":{"line":111,"column":37},"end":{"line":147,"column":37}},"type":"cond-expr","locations":[{"start":{"line":112,"column":40},"end":{"line":136,"column":42}},{"start":{"line":138,"column":40},"end":{"line":146,"column":46}}],"line":111},"4":{"loc":{"start":{"line":111,"column":37},"end":{"line":111,"column":167}},"type":"binary-expr","locations":[{"start":{"line":111,"column":37},"end":{"line":111,"column":58}},{"start":{"line":111,"column":62},"end":{"line":111,"column":111}},{"start":{"line":111,"column":115},"end":{"line":111,"column":167}}],"line":111},"5":{"loc":{"start":{"line":118,"column":48},"end":{"line":129,"column":49}},"type":"if","locations":[{"start":{"line":118,"column":48},"end":{"line":129,"column":49}},{"start":{},"end":{}}],"line":118},"6":{"loc":{"start":{"line":121,"column":52},"end":{"line":127,"column":53}},"type":"if","locations":[{"start":{"line":121,"column":52},"end":{"line":127,"column":53}},{"start":{},"end":{}}],"line":121},"7":{"loc":{"start":{"line":122,"column":73},"end":{"line":122,"column":124}},"type":"binary-expr","locations":[{"start":{"line":122,"column":73},"end":{"line":122,"column":112}},{"start":{"line":122,"column":116},"end":{"line":122,"column":124}}],"line":122},"8":{"loc":{"start":{"line":131,"column":61},"end":{"line":133,"column":111}},"type":"cond-expr","locations":[{"start":{"line":132,"column":54},"end":{"line":132,"column":108}},{"start":{"line":133,"column":54},"end":{"line":133,"column":111}}],"line":131},"9":{"loc":{"start":{"line":139,"column":45},"end":{"line":145,"column":45}},"type":"cond-expr","locations":[{"start":{"line":140,"column":48},"end":{"line":140,"column":175}},{"start":{"line":141,"column":48},"end":{"line":145,"column":45}}],"line":139},"10":{"loc":{"start":{"line":139,"column":46},"end":{"line":139,"column":152}},"type":"binary-expr","locations":[{"start":{"line":139,"column":46},"end":{"line":139,"column":73}},{"start":{"line":139,"column":78},"end":{"line":139,"column":99}},{"start":{"line":139,"column":103},"end":{"line":139,"column":151}}],"line":139},"11":{"loc":{"start":{"line":141,"column":48},"end":{"line":145,"column":45}},"type":"cond-expr","locations":[{"start":{"line":142,"column":48},"end":{"line":142,"column":181}},{"start":{"line":144,"column":48},"end":{"line":144,"column":96}}],"line":141},"12":{"loc":{"start":{"line":141,"column":49},"end":{"line":141,"column":161}},"type":"binary-expr","locations":[{"start":{"line":141,"column":49},"end":{"line":141,"column":79}},{"start":{"line":141,"column":84},"end":{"line":141,"column":105}},{"start":{"line":141,"column":109},"end":{"line":141,"column":160}}],"line":141},"13":{"loc":{"start":{"line":174,"column":37},"end":{"line":178,"column":37}},"type":"binary-expr","locations":[{"start":{"line":174,"column":37},"end":{"line":174,"column":54}},{"start":{"line":175,"column":40},"end":{"line":177,"column":46}}],"line":174},"14":{"loc":{"start":{"line":182,"column":41},"end":{"line":188,"column":41}},"type":"cond-expr","locations":[{"start":{"line":183,"column":44},"end":{"line":183,"column":118}},{"start":{"line":185,"column":44},"end":{"line":187,"column":60}}],"line":182},"15":{"loc":{"start":{"line":182,"column":64},"end":{"line":182,"column":84}},"type":"binary-expr","locations":[{"start":{"line":182,"column":64},"end":{"line":182,"column":78}},{"start":{"line":182,"column":82},"end":{"line":182,"column":84}}],"line":182},"16":{"loc":{"start":{"line":193,"column":53},"end":{"line":193,"column":89}},"type":"binary-expr","locations":[{"start":{"line":193,"column":53},"end":{"line":193,"column":81}},{"start":{"line":193,"column":85},"end":{"line":193,"column":89}}],"line":193},"17":{"loc":{"start":{"line":196,"column":40},"end":{"line":202,"column":41}},"type":"if","locations":[{"start":{"line":196,"column":40},"end":{"line":202,"column":41}},{"start":{},"end":{}}],"line":196},"18":{"loc":{"start":{"line":204,"column":58},"end":{"line":204,"column":77}},"type":"binary-expr","locations":[{"start":{"line":204,"column":58},"end":{"line":204,"column":71}},{"start":{"line":204,"column":75},"end":{"line":204,"column":77}}],"line":204},"19":{"loc":{"start":{"line":206,"column":40},"end":{"line":208,"column":41}},"type":"if","locations":[{"start":{"line":206,"column":40},"end":{"line":208,"column":41}},{"start":{},"end":{}}],"line":206},"20":{"loc":{"start":{"line":206,"column":44},"end":{"line":206,"column":120}},"type":"binary-expr","locations":[{"start":{"line":206,"column":44},"end":{"line":206,"column":56}},{"start":{"line":206,"column":60},"end":{"line":206,"column":78}},{"start":{"line":206,"column":82},"end":{"line":206,"column":120}}],"line":206},"21":{"loc":{"start":{"line":210,"column":40},"end":{"line":210,"column":98}},"type":"if","locations":[{"start":{"line":210,"column":40},"end":{"line":210,"column":98}},{"start":{},"end":{}}],"line":210},"22":{"loc":{"start":{"line":210,"column":44},"end":{"line":210,"column":84}},"type":"binary-expr","locations":[{"start":{"line":210,"column":44},"end":{"line":210,"column":56}},{"start":{"line":210,"column":60},"end":{"line":210,"column":84}}],"line":210},"23":{"loc":{"start":{"line":232,"column":45},"end":{"line":234,"column":174}},"type":"cond-expr","locations":[{"start":{"line":233,"column":50},"end":{"line":233,"column":164}},{"start":{"line":234,"column":50},"end":{"line":234,"column":174}}],"line":232}},"s":{"0":0,"1":0,"2":0,"3":0,"4":0,"5":0,"6":0,"7":0,"8":0,"9":0,"10":0,"11":0,"12":0,"13":0,"14":0,"15":0,"16":0,"17":0,"18":0,"19":0,"20":0,"21":0,"22":0,"23":0,"24":0,"25":0,"26":0,"27":0,"28":0,"29":0,"30":0,"31":0,"32":0,"33":0,"34":0,"35":0,"36":0,"37":0,"38":0,"39":0,"40":0,"41":0,"42":0,"43":0,"44":0,"45":0},"f":{"0":0,"1":0,"2":0,"3":0,"4":0,"5":0,"6":0},"b":{"0":[0,0],"1":[0,0],"2":[0,0],"3":[0,0],"4":[0,0,0],"5":[0,0],"6":[0,0],"7":[0,0],"8":[0,0],"9":[0,0],"10":[0,0,0],"11":[0,0],"12":[0,0,0],"13":[0,0],"14":[0,0],"15":[0,0],"16":[0,0],"17":[0,0],"18":[0,0],"19":[0,0],"20":[0,0,0],"21":[0,0],"22":[0,0],"23":[0,0]}}
,"/home/albertosanzdev/Projects/arunachala_web/frontend/src/components/BackButton.tsx": {"path":"/home/albertosanzdev/Projects/arunachala_web/frontend/src/components/BackButton.tsx","statementMap":{"0":{"start":{"line":11,"column":46},"end":{"line":23,"column":1}},"1":{"start":{"line":12,"column":21},"end":{"line":12,"column":34}},"2":{"start":{"line":14,"column":4},"end":{"line":22,"column":6}},"3":{"start":{"line":16,"column":27},"end":{"line":16,"column":39}}},"fnMap":{"0":{"name":"(anonymous_0)","decl":{"start":{"line":11,"column":46},"end":{"line":11,"column":47}},"loc":{"start":{"line":11,"column":108},"end":{"line":23,"column":1}},"line":11},"1":{"name":"(anonymous_1)","decl":{"start":{"line":16,"column":21},"end":{"line":16,"column":22}},"loc":{"start":{"line":16,"column":27},"end":{"line":16,"column":39}},"line":16}},"branchMap":{"0":{"loc":{"start":{"line":11,"column":49},"end":{"line":11,"column":63}},"type":"default-arg","locations":[{"start":{"line":11,"column":61},"end":{"line":11,"column":63}}],"line":11},"1":{"loc":{"start":{"line":11,"column":65},"end":{"line":11,"column":73}},"type":"default-arg","locations":[{"start":{"line":11,"column":70},"end":{"line":11,"column":73}}],"line":11},"2":{"loc":{"start":{"line":11,"column":75},"end":{"line":11,"column":101}},"type":"default-arg","locations":[{"start":{"line":11,"column":83},"end":{"line":11,"column":101}}],"line":11}},"s":{"0":0,"1":0,"2":0,"3":0},"f":{"0":0,"1":0},"b":{"0":[0],"1":[0],"2":[0]}}
,"/home/albertosanzdev/Projects/arunachala_web/frontend/src/components/BlogSearch.tsx": {"path":"/home/albertosanzdev/Projects/arunachala_web/frontend/src/components/BlogSearch.tsx","statementMap":{"0":{"start":{"line":25,"column":46},"end":{"line":355,"column":1}},"1":{"start":{"line":26,"column":24},"end":{"line":26,"column":40}},"2":{"start":{"line":27,"column":34},"end":{"line":27,"column":53}},"3":{"start":{"line":28,"column":50},"end":{"line":28,"column":65}},"4":{"start":{"line":30,"column":4},"end":{"line":37,"column":42}},"5":{"start":{"line":32,"column":30},"end":{"line":32,"column":95}},"6":{"start":{"line":33,"column":8},"end":{"line":36,"column":81}},"7":{"start":{"line":34,"column":25},"end":{"line":34,"column":49}},"8":{"start":{"line":35,"column":26},"end":{"line":35,"column":42}},"9":{"start":{"line":36,"column":26},"end":{"line":36,"column":79}},"10":{"start":{"line":40,"column":18},"end":{"line":43,"column":18}},"11":{"start":{"line":41,"column":28},"end":{"line":41,"column":150}},"12":{"start":{"line":41,"column":65},"end":{"line":41,"column":112}},"13":{"start":{"line":41,"column":131},"end":{"line":41,"column":149}},"14":{"start":{"line":42,"column":8},"end":{"line":42,"column":39}},"15":{"start":{"line":46,"column":19},"end":{"line":59,"column":32}},"16":{"start":{"line":47,"column":8},"end":{"line":47,"column":46}},"17":{"start":{"line":47,"column":36},"end":{"line":47,"column":46}},"18":{"start":{"line":49,"column":29},"end":{"line":49,"column":46}},"19":{"start":{"line":50,"column":8},"end":{"line":56,"column":11}},"20":{"start":{"line":51,"column":22},"end":{"line":51,"column":44}},"21":{"start":{"line":52,"column":12},"end":{"line":52,"column":86}},"22":{"start":{"line":54,"column":22},"end":{"line":54,"column":44}},"23":{"start":{"line":55,"column":12},"end":{"line":55,"column":54}},"24":{"start":{"line":58,"column":8},"end":{"line":58,"column":82}},"25":{"start":{"line":58,"column":55},"end":{"line":58,"column":80}},"26":{"start":{"line":62,"column":4},"end":{"line":66,"column":63}},"27":{"start":{"line":63,"column":8},"end":{"line":65,"column":9}},"28":{"start":{"line":64,"column":12},"end":{"line":64,"column":57}},"29":{"start":{"line":68,"column":29},"end":{"line":73,"column":5}},"30":{"start":{"line":69,"column":8},"end":{"line":69,"column":88}},"31":{"start":{"line":69,"column":34},"end":{"line":69,"column":88}},"32":{"start":{"line":70,"column":21},"end":{"line":70,"column":60}},"33":{"start":{"line":71,"column":22},"end":{"line":71,"column":79}},"34":{"start":{"line":72,"column":8},"end":{"line":72,"column":62}},"35":{"start":{"line":76,"column":26},"end":{"line":90,"column":32}},"36":{"start":{"line":77,"column":28},"end":{"line":77,"column":55}},"37":{"start":{"line":79,"column":32},"end":{"line":87,"column":26}},"38":{"start":{"line":80,"column":12},"end":{"line":82,"column":13}},"39":{"start":{"line":81,"column":16},"end":{"line":81,"column":58}},"40":{"start":{"line":83,"column":12},"end":{"line":85,"column":13}},"41":{"start":{"line":84,"column":16},"end":{"line":84,"column":28}},"42":{"start":{"line":86,"column":12},"end":{"line":86,"column":28}},"43":{"start":{"line":89,"column":8},"end":{"line":89,"column":59}},"44":{"start":{"line":93,"column":32},"end":{"line":98,"column":22}},"45":{"start":{"line":96,"column":26},"end":{"line":96,"column":94}},"46":{"start":{"line":97,"column":12},"end":{"line":97,"column":63}},"47":{"start":{"line":100,"column":23},"end":{"line":104,"column":5}},"48":{"start":{"line":106,"column":22},"end":{"line":112,"column":5}},"49":{"start":{"line":107,"column":8},"end":{"line":111,"column":9}},"50":{"start":{"line":108,"column":12},"end":{"line":108,"column":86}},"51":{"start":{"line":108,"column":72},"end":{"line":108,"column":81}},"52":{"start":{"line":110,"column":12},"end":{"line":110,"column":73}},"53":{"start":{"line":114,"column":4},"end":{"line":354,"column":6}},"54":{"start":{"line":129,"column":36},"end":{"line":129,"column":90}},"55":{"start":{"line":130,"column":36},"end":{"line":130,"column":61}},"56":{"start":{"line":132,"column":47},"end":{"line":132,"column":71}},"57":{"start":{"line":133,"column":46},"end":{"line":133,"column":94}},"58":{"start":{"line":133,"column":63},"end":{"line":133,"column":88}},"59":{"start":{"line":135,"column":36},"end":{"line":137,"column":37}},"60":{"start":{"line":136,"column":40},"end":{"line":136,"column":66}},"61":{"start":{"line":146,"column":40},"end":{"line":146,"column":82}},"62":{"start":{"line":147,"column":40},"end":{"line":147,"column":66}},"63":{"start":{"line":169,"column":69},"end":{"line":169,"column":115}},"64":{"start":{"line":170,"column":48},"end":{"line":183,"column":50}},"65":{"start":{"line":175,"column":60},"end":{"line":175,"column":112}},"66":{"start":{"line":176,"column":60},"end":{"line":176,"column":86}},"67":{"start":{"line":195,"column":28},"end":{"line":204,"column":37}},"68":{"start":{"line":197,"column":47},"end":{"line":197,"column":95}},"69":{"start":{"line":221,"column":77},"end":{"line":221,"column":118}},"70":{"start":{"line":234,"column":48},"end":{"line":247,"column":65}},"71":{"start":{"line":236,"column":79},"end":{"line":236,"column":186}},"72":{"start":{"line":240,"column":56},"end":{"line":245,"column":62}},"73":{"start":{"line":261,"column":82},"end":{"line":261,"column":124}},"74":{"start":{"line":274,"column":79},"end":{"line":274,"column":186}},"75":{"start":{"line":278,"column":56},"end":{"line":283,"column":62}},"76":{"start":{"line":288,"column":52},"end":{"line":301,"column":69}},"77":{"start":{"line":290,"column":83},"end":{"line":290,"column":190}},"78":{"start":{"line":294,"column":60},"end":{"line":299,"column":66}},"79":{"start":{"line":324,"column":57},"end":{"line":324,"column":83}},"80":{"start":{"line":325,"column":40},"end":{"line":336,"column":42}},"81":{"start":{"line":328,"column":63},"end":{"line":328,"column":77}},"82":{"start":{"line":341,"column":55},"end":{"line":341,"column":95}}},"fnMap":{"0":{"name":"(anonymous_0)","decl":{"start":{"line":25,"column":46},"end":{"line":25,"column":47}},"loc":{"start":{"line":25,"column":114},"end":{"line":355,"column":1}},"line":25},"1":{"name":"(anonymous_1)","decl":{"start":{"line":30,"column":14},"end":{"line":30,"column":15}},"loc":{"start":{"line":30,"column":20},"end":{"line":37,"column":5}},"line":30},"2":{"name":"(anonymous_2)","decl":{"start":{"line":34,"column":18},"end":{"line":34,"column":19}},"loc":{"start":{"line":34,"column":25},"end":{"line":34,"column":49}},"line":34},"3":{"name":"(anonymous_3)","decl":{"start":{"line":35,"column":18},"end":{"line":35,"column":19}},"loc":{"start":{"line":35,"column":26},"end":{"line":35,"column":42}},"line":35},"4":{"name":"(anonymous_4)","decl":{"start":{"line":36,"column":19},"end":{"line":36,"column":20}},"loc":{"start":{"line":36,"column":26},"end":{"line":36,"column":79}},"line":36},"5":{"name":"(anonymous_5)","decl":{"start":{"line":40,"column":26},"end":{"line":40,"column":27}},"loc":{"start":{"line":40,"column":32},"end":{"line":43,"column":5}},"line":40},"6":{"name":"(anonymous_6)","decl":{"start":{"line":41,"column":60},"end":{"line":41,"column":61}},"loc":{"start":{"line":41,"column":65},"end":{"line":41,"column":112}},"line":41},"7":{"name":"(anonymous_7)","decl":{"start":{"line":41,"column":121},"end":{"line":41,"column":122}},"loc":{"start":{"line":41,"column":131},"end":{"line":41,"column":149}},"line":41},"8":{"name":"(anonymous_8)","decl":{"start":{"line":46,"column":27},"end":{"line":46,"column":28}},"loc":{"start":{"line":46,"column":33},"end":{"line":59,"column":5}},"line":46},"9":{"name":"(anonymous_9)","decl":{"start":{"line":50,"column":24},"end":{"line":50,"column":25}},"loc":{"start":{"line":50,"column":29},"end":{"line":53,"column":9}},"line":50},"10":{"name":"(anonymous_10)","decl":{"start":{"line":53,"column":19},"end":{"line":53,"column":20}},"loc":{"start":{"line":53,"column":24},"end":{"line":56,"column":9}},"line":53},"11":{"name":"(anonymous_11)","decl":{"start":{"line":58,"column":45},"end":{"line":58,"column":46}},"loc":{"start":{"line":58,"column":55},"end":{"line":58,"column":80}},"line":58},"12":{"name":"(anonymous_12)","decl":{"start":{"line":62,"column":14},"end":{"line":62,"column":15}},"loc":{"start":{"line":62,"column":20},"end":{"line":66,"column":5}},"line":62},"13":{"name":"(anonymous_13)","decl":{"start":{"line":68,"column":29},"end":{"line":68,"column":30}},"loc":{"start":{"line":68,"column":53},"end":{"line":73,"column":5}},"line":68},"14":{"name":"(anonymous_14)","decl":{"start":{"line":76,"column":34},"end":{"line":76,"column":35}},"loc":{"start":{"line":76,"column":40},"end":{"line":90,"column":5}},"line":76},"15":{"name":"(anonymous_15)","decl":{"start":{"line":79,"column":44},"end":{"line":79,"column":45}},"loc":{"start":{"line":79,"column":51},"end":{"line":87,"column":9}},"line":79},"16":{"name":"(anonymous_16)","decl":{"start":{"line":95,"column":26},"end":{"line":95,"column":27}},"loc":{"start":{"line":95,"column":39},"end":{"line":98,"column":9}},"line":95},"17":{"name":"(anonymous_17)","decl":{"start":{"line":106,"column":22},"end":{"line":106,"column":23}},"loc":{"start":{"line":106,"column":39},"end":{"line":112,"column":5}},"line":106},"18":{"name":"(anonymous_18)","decl":{"start":{"line":108,"column":67},"end":{"line":108,"column":68}},"loc":{"start":{"line":108,"column":72},"end":{"line":108,"column":81}},"line":108},"19":{"name":"(anonymous_19)","decl":{"start":{"line":128,"column":42},"end":{"line":128,"column":43}},"loc":{"start":{"line":128,"column":49},"end":{"line":131,"column":33}},"line":128},"20":{"name":"(anonymous_20)","decl":{"start":{"line":132,"column":41},"end":{"line":132,"column":42}},"loc":{"start":{"line":132,"column":47},"end":{"line":132,"column":71}},"line":132},"21":{"name":"(anonymous_21)","decl":{"start":{"line":133,"column":40},"end":{"line":133,"column":41}},"loc":{"start":{"line":133,"column":46},"end":{"line":133,"column":94}},"line":133},"22":{"name":"(anonymous_22)","decl":{"start":{"line":133,"column":57},"end":{"line":133,"column":58}},"loc":{"start":{"line":133,"column":63},"end":{"line":133,"column":88}},"line":133},"23":{"name":"(anonymous_23)","decl":{"start":{"line":134,"column":43},"end":{"line":134,"column":44}},"loc":{"start":{"line":134,"column":50},"end":{"line":138,"column":33}},"line":134},"24":{"name":"(anonymous_24)","decl":{"start":{"line":145,"column":45},"end":{"line":145,"column":46}},"loc":{"start":{"line":145,"column":51},"end":{"line":148,"column":37}},"line":145},"25":{"name":"(anonymous_25)","decl":{"start":{"line":168,"column":68},"end":{"line":168,"column":69}},"loc":{"start":{"line":168,"column":81},"end":{"line":184,"column":45}},"line":168},"26":{"name":"(anonymous_26)","decl":{"start":{"line":174,"column":65},"end":{"line":174,"column":66}},"loc":{"start":{"line":174,"column":71},"end":{"line":177,"column":57}},"line":174},"27":{"name":"(anonymous_27)","decl":{"start":{"line":194,"column":40},"end":{"line":194,"column":41}},"loc":{"start":{"line":195,"column":28},"end":{"line":204,"column":37}},"line":195},"28":{"name":"(anonymous_28)","decl":{"start":{"line":197,"column":41},"end":{"line":197,"column":42}},"loc":{"start":{"line":197,"column":47},"end":{"line":197,"column":95}},"line":197},"29":{"name":"(anonymous_29)","decl":{"start":{"line":221,"column":68},"end":{"line":221,"column":69}},"loc":{"start":{"line":221,"column":77},"end":{"line":221,"column":118}},"line":221},"30":{"name":"(anonymous_30)","decl":{"start":{"line":233,"column":55},"end":{"line":233,"column":56}},"loc":{"start":{"line":234,"column":48},"end":{"line":247,"column":65}},"line":234},"31":{"name":"(anonymous_31)","decl":{"start":{"line":236,"column":63},"end":{"line":236,"column":64}},"loc":{"start":{"line":236,"column":79},"end":{"line":236,"column":186}},"line":236},"32":{"name":"(anonymous_32)","decl":{"start":{"line":239,"column":53},"end":{"line":239,"column":54}},"loc":{"start":{"line":240,"column":56},"end":{"line":245,"column":62}},"line":240},"33":{"name":"(anonymous_33)","decl":{"start":{"line":261,"column":73},"end":{"line":261,"column":74}},"loc":{"start":{"line":261,"column":82},"end":{"line":261,"column":124}},"line":261},"34":{"name":"(anonymous_34)","decl":{"start":{"line":274,"column":63},"end":{"line":274,"column":64}},"loc":{"start":{"line":274,"column":79},"end":{"line":274,"column":186}},"line":274},"35":{"name":"(anonymous_35)","decl":{"start":{"line":277,"column":53},"end":{"line":277,"column":54}},"loc":{"start":{"line":278,"column":56},"end":{"line":283,"column":62}},"line":278},"36":{"name":"(anonymous_36)","decl":{"start":{"line":287,"column":60},"end":{"line":287,"column":61}},"loc":{"start":{"line":288,"column":52},"end":{"line":301,"column":69}},"line":288},"37":{"name":"(anonymous_37)","decl":{"start":{"line":290,"column":67},"end":{"line":290,"column":68}},"loc":{"start":{"line":290,"column":83},"end":{"line":290,"column":190}},"line":290},"38":{"name":"(anonymous_38)","decl":{"start":{"line":293,"column":57},"end":{"line":293,"column":58}},"loc":{"start":{"line":294,"column":60},"end":{"line":299,"column":66}},"line":294},"39":{"name":"(anonymous_39)","decl":{"start":{"line":323,"column":54},"end":{"line":323,"column":55}},"loc":{"start":{"line":323,"column":63},"end":{"line":337,"column":37}},"line":323},"40":{"name":"(anonymous_40)","decl":{"start":{"line":328,"column":57},"end":{"line":328,"column":58}},"loc":{"start":{"line":328,"column":63},"end":{"line":328,"column":77}},"line":328},"41":{"name":"(anonymous_41)","decl":{"start":{"line":341,"column":49},"end":{"line":341,"column":50}},"loc":{"start":{"line":341,"column":55},"end":{"line":341,"column":95}},"line":341}},"branchMap":{"0":{"loc":{"start":{"line":25,"column":75},"end":{"line":25,"column":98}},"type":"default-arg","locations":[{"start":{"line":25,"column":93},"end":{"line":25,"column":98}}],"line":25},"1":{"loc":{"start":{"line":32,"column":30},"end":{"line":32,"column":95}},"type":"cond-expr","locations":[{"start":{"line":32,"column":59},"end":{"line":32,"column":90}},{"start":{"line":32,"column":93},"end":{"line":32,"column":95}}],"line":32},"2":{"loc":{"start":{"line":34,"column":25},"end":{"line":34,"column":49}},"type":"cond-expr","locations":[{"start":{"line":34,"column":34},"end":{"line":34,"column":44}},{"start":{"line":34,"column":47},"end":{"line":34,"column":49}}],"line":34},"3":{"loc":{"start":{"line":47,"column":8},"end":{"line":47,"column":46}},"type":"if","locations":[{"start":{"line":47,"column":8},"end":{"line":47,"column":46}},{"start":{},"end":{}}],"line":47},"4":{"loc":{"start":{"line":52,"column":19},"end":{"line":52,"column":85}},"type":"binary-expr","locations":[{"start":{"line":52,"column":19},"end":{"line":52,"column":38}},{"start":{"line":52,"column":42},"end":{"line":52,"column":85}}],"line":52},"5":{"loc":{"start":{"line":63,"column":8},"end":{"line":65,"column":9}},"type":"if","locations":[{"start":{"line":63,"column":8},"end":{"line":65,"column":9}},{"start":{},"end":{}}],"line":63},"6":{"loc":{"start":{"line":63,"column":12},"end":{"line":63,"column":61}},"type":"binary-expr","locations":[{"start":{"line":63,"column":12},"end":{"line":63,"column":34}},{"start":{"line":63,"column":38},"end":{"line":63,"column":61}}],"line":63},"7":{"loc":{"start":{"line":69,"column":8},"end":{"line":69,"column":88}},"type":"if","locations":[{"start":{"line":69,"column":8},"end":{"line":69,"column":88}},{"start":{},"end":{}}],"line":69},"8":{"loc":{"start":{"line":80,"column":12},"end":{"line":82,"column":13}},"type":"if","locations":[{"start":{"line":80,"column":12},"end":{"line":82,"column":13}},{"start":{},"end":{}}],"line":80},"9":{"loc":{"start":{"line":80,"column":16},"end":{"line":80,"column":103}},"type":"binary-expr","locations":[{"start":{"line":80,"column":16},"end":{"line":80,"column":32}},{"start":{"line":80,"column":36},"end":{"line":80,"column":65}},{"start":{"line":80,"column":69},"end":{"line":80,"column":103}}],"line":80},"10":{"loc":{"start":{"line":83,"column":12},"end":{"line":85,"column":13}},"type":"if","locations":[{"start":{"line":83,"column":12},"end":{"line":85,"column":13}},{"start":{},"end":{}}],"line":83},"11":{"loc":{"start":{"line":93,"column":32},"end":{"line":98,"column":22}},"type":"cond-expr","locations":[{"start":{"line":94,"column":10},"end":{"line":94,"column":12}},{"start":{"line":95,"column":10},"end":{"line":98,"column":22}}],"line":93},"12":{"loc":{"start":{"line":96,"column":27},"end":{"line":96,"column":79}},"type":"binary-expr","locations":[{"start":{"line":96,"column":27},"end":{"line":96,"column":73}},{"start":{"line":96,"column":77},"end":{"line":96,"column":79}}],"line":96},"13":{"loc":{"start":{"line":107,"column":8},"end":{"line":111,"column":9}},"type":"if","locations":[{"start":{"line":107,"column":8},"end":{"line":111,"column":9}},{"start":{"line":109,"column":15},"end":{"line":111,"column":9}}],"line":107},"14":{"loc":{"start":{"line":135,"column":36},"end":{"line":137,"column":37}},"type":"if","locations":[{"start":{"line":135,"column":36},"end":{"line":137,"column":37}},{"start":{},"end":{}}],"line":135},"15":{"loc":{"start":{"line":143,"column":29},"end":{"line":153,"column":29}},"type":"binary-expr","locations":[{"start":{"line":143,"column":29},"end":{"line":143,"column":42}},{"start":{"line":144,"column":32},"end":{"line":152,"column":41}}],"line":143},"16":{"loc":{"start":{"line":156,"column":33},"end":{"line":187,"column":33}},"type":"binary-expr","locations":[{"start":{"line":156,"column":33},"end":{"line":156,"column":48}},{"start":{"line":156,"column":53},"end":{"line":156,"column":73}},{"start":{"line":156,"column":77},"end":{"line":156,"column":107}},{"start":{"line":157,"column":36},"end":{"line":186,"column":49}}],"line":156},"17":{"loc":{"start":{"line":163,"column":41},"end":{"line":185,"column":41}},"type":"cond-expr","locations":[{"start":{"line":164,"column":44},"end":{"line":166,"column":50}},{"start":{"line":168,"column":44},"end":{"line":184,"column":46}}],"line":163},"18":{"loc":{"start":{"line":198,"column":163},"end":{"line":200,"column":89}},"type":"cond-expr","locations":[{"start":{"line":199,"column":38},"end":{"line":199,"column":90}},{"start":{"line":200,"column":38},"end":{"line":200,"column":89}}],"line":198},"19":{"loc":{"start":{"line":225,"column":45},"end":{"line":225,"column":120}},"type":"cond-expr","locations":[{"start":{"line":225,"column":70},"end":{"line":225,"column":105}},{"start":{"line":225,"column":108},"end":{"line":225,"column":120}}],"line":225},"20":{"loc":{"start":{"line":236,"column":133},"end":{"line":236,"column":184}},"type":"cond-expr","locations":[{"start":{"line":236,"column":142},"end":{"line":236,"column":167}},{"start":{"line":236,"column":170},"end":{"line":236,"column":184}}],"line":236},"21":{"loc":{"start":{"line":241,"column":95},"end":{"line":241,"column":147}},"type":"cond-expr","locations":[{"start":{"line":241,"column":106},"end":{"line":241,"column":131}},{"start":{"line":241,"column":134},"end":{"line":241,"column":147}}],"line":241},"22":{"loc":{"start":{"line":242,"column":65},"end":{"line":242,"column":124}},"type":"cond-expr","locations":[{"start":{"line":242,"column":82},"end":{"line":242,"column":117}},{"start":{"line":242,"column":120},"end":{"line":242,"column":124}}],"line":242},"23":{"loc":{"start":{"line":244,"column":61},"end":{"line":244,"column":118}},"type":"binary-expr","locations":[{"start":{"line":244,"column":61},"end":{"line":244,"column":69}},{"start":{"line":244,"column":73},"end":{"line":244,"column":118}}],"line":244},"24":{"loc":{"start":{"line":256,"column":25},"end":{"line":308,"column":25}},"type":"binary-expr","locations":[{"start":{"line":256,"column":25},"end":{"line":256,"column":47}},{"start":{"line":257,"column":28},"end":{"line":307,"column":34}}],"line":256},"25":{"loc":{"start":{"line":274,"column":133},"end":{"line":274,"column":184}},"type":"cond-expr","locations":[{"start":{"line":274,"column":142},"end":{"line":274,"column":167}},{"start":{"line":274,"column":170},"end":{"line":274,"column":184}}],"line":274},"26":{"loc":{"start":{"line":279,"column":95},"end":{"line":279,"column":147}},"type":"cond-expr","locations":[{"start":{"line":279,"column":106},"end":{"line":279,"column":131}},{"start":{"line":279,"column":134},"end":{"line":279,"column":147}}],"line":279},"27":{"loc":{"start":{"line":282,"column":61},"end":{"line":282,"column":124}},"type":"cond-expr","locations":[{"start":{"line":282,"column":72},"end":{"line":282,"column":117}},{"start":{"line":282,"column":120},"end":{"line":282,"column":124}}],"line":282},"28":{"loc":{"start":{"line":290,"column":137},"end":{"line":290,"column":188}},"type":"cond-expr","locations":[{"start":{"line":290,"column":146},"end":{"line":290,"column":171}},{"start":{"line":290,"column":174},"end":{"line":290,"column":188}}],"line":290},"29":{"loc":{"start":{"line":295,"column":99},"end":{"line":295,"column":151}},"type":"cond-expr","locations":[{"start":{"line":295,"column":110},"end":{"line":295,"column":135}},{"start":{"line":295,"column":138},"end":{"line":295,"column":151}}],"line":295},"30":{"loc":{"start":{"line":298,"column":65},"end":{"line":298,"column":122}},"type":"binary-expr","locations":[{"start":{"line":298,"column":65},"end":{"line":298,"column":73}},{"start":{"line":298,"column":77},"end":{"line":298,"column":122}}],"line":298},"31":{"loc":{"start":{"line":320,"column":33},"end":{"line":338,"column":33}},"type":"cond-expr","locations":[{"start":{"line":321,"column":36},"end":{"line":321,"column":145}},{"start":{"line":323,"column":36},"end":{"line":337,"column":38}}],"line":320},"32":{"loc":{"start":{"line":329,"column":130},"end":{"line":331,"column":133}},"type":"cond-expr","locations":[{"start":{"line":330,"column":54},"end":{"line":330,"column":100}},{"start":{"line":331,"column":54},"end":{"line":331,"column":133}}],"line":329},"33":{"loc":{"start":{"line":339,"column":33},"end":{"line":346,"column":33}},"type":"binary-expr","locations":[{"start":{"line":339,"column":33},"end":{"line":339,"column":56}},{"start":{"line":340,"column":36},"end":{"line":345,"column":45}}],"line":339}},"s":{"0":0,"1":0,"2":0,"3":0,"4":0,"5":0,"6":0,"7":0,"8":0,"9":0,"10":0,"11":0,"12":0,"13":0,"14":0,"15":0,"16":0,"17":0,"18":0,"19":0,"20":0,"21":0,"22":0,"23":0,"24":0,"25":0,"26":0,"27":0,"28":0,"29":0,"30":0,"31":0,"32":0,"33":0,"34":0,"35":0,"36":0,"37":0,"38":0,"39":0,"40":0,"41":0,"42":0,"43":0,"44":0,"45":0,"46":0,"47":0,"48":0,"49":0,"50":0,"51":0,"52":0,"53":0,"54":0,"55":0,"56":0,"57":0,"58":0,"59":0,"60":0,"61":0,"62":0,"63":0,"64":0,"65":0,"66":0,"67":0,"68":0,"69":0,"70":0,"71":0,"72":0,"73":0,"74":0,"75":0,"76":0,"77":0,"78":0,"79":0,"80":0,"81":0,"82":0},"f":{"0":0,"1":0,"2":0,"3":0,"4":0,"5":0,"6":0,"7":0,"8":0,"9":0,"10":0,"11":0,"12":0,"13":0,"14":0,"15":0,"16":0,"17":0,"18":0,"19":0,"20":0,"21":0,"22":0,"23":0,"24":0,"25":0,"26":0,"27":0,"28":0,"29":0,"30":0,"31":0,"32":0,"33":0,"34":0,"35":0,"36":0,"37":0,"38":0,"39":0,"40":0,"41":0},"b":{"0":[0],"1":[0,0],"2":[0,0],"3":[0,0],"4":[0,0],"5":[0,0],"6":[0,0],"7":[0,0],"8":[0,0],"9":[0,0,0],"10":[0,0],"11":[0,0],"12":[0,0],"13":[0,0],"14":[0,0],"15":[0,0],"16":[0,0,0,0],"17":[0,0],"18":[0,0],"19":[0,0],"20":[0,0],"21":[0,0],"22":[0,0],"23":[0,0],"24":[0,0],"25":[0,0],"26":[0,0],"27":[0,0],"28":[0,0],"29":[0,0],"30":[0,0],"31":[0,0],"32":[0,0],"33":[0,0]}}
,"/home/albertosanzdev/Projects/arunachala_web/frontend/src/components/BlogSection.tsx": {"path":"/home/albertosanzdev/Projects/arunachala_web/frontend/src/components/BlogSection.tsx","statementMap":{"0":{"start":{"line":33,"column":48},"end":{"line":270,"column":1}},"1":{"start":{"line":41,"column":24},"end":{"line":41,"column":40}},"2":{"start":{"line":42,"column":21},"end":{"line":42,"column":34}},"3":{"start":{"line":43,"column":36},"end":{"line":43,"column":59}},"4":{"start":{"line":44,"column":38},"end":{"line":44,"column":52}},"5":{"start":{"line":47,"column":50},"end":{"line":47,"column":80}},"6":{"start":{"line":48,"column":42},"end":{"line":48,"column":57}},"7":{"start":{"line":50,"column":26},"end":{"line":66,"column":5}},"8":{"start":{"line":51,"column":8},"end":{"line":65,"column":9}},"9":{"start":{"line":52,"column":22},"end":{"line":52,"column":81}},"10":{"start":{"line":53,"column":12},"end":{"line":55,"column":13}},"11":{"start":{"line":54,"column":16},"end":{"line":54,"column":47}},"12":{"start":{"line":56,"column":29},"end":{"line":56,"column":45}},"13":{"start":{"line":57,"column":12},"end":{"line":60,"column":13}},"14":{"start":{"line":58,"column":29},"end":{"line":58,"column":50}},"15":{"start":{"line":59,"column":16},"end":{"line":59,"column":50}},"16":{"start":{"line":62,"column":12},"end":{"line":62,"column":61}},"17":{"start":{"line":64,"column":12},"end":{"line":64,"column":32}},"18":{"start":{"line":68,"column":4},"end":{"line":71,"column":19}},"19":{"start":{"line":69,"column":8},"end":{"line":69,"column":24}},"20":{"start":{"line":73,"column":31},"end":{"line":84,"column":5}},"21":{"start":{"line":74,"column":8},"end":{"line":83,"column":9}},"22":{"start":{"line":75,"column":29},"end":{"line":75,"column":92}},"23":{"start":{"line":76,"column":12},"end":{"line":80,"column":13}},"24":{"start":{"line":77,"column":36},"end":{"line":77,"column":57}},"25":{"start":{"line":78,"column":16},"end":{"line":78,"column":48}},"26":{"start":{"line":79,"column":16},"end":{"line":79,"column":37}},"27":{"start":{"line":82,"column":12},"end":{"line":82,"column":63}},"28":{"start":{"line":86,"column":23},"end":{"line":93,"column":5}},"29":{"start":{"line":87,"column":21},"end":{"line":87,"column":41}},"30":{"start":{"line":88,"column":8},"end":{"line":92,"column":11}},"31":{"start":{"line":95,"column":29},"end":{"line":102,"column":5}},"32":{"start":{"line":96,"column":47},"end":{"line":100,"column":9}},"33":{"start":{"line":101,"column":8},"end":{"line":101,"column":34}},"34":{"start":{"line":104,"column":4},"end":{"line":114,"column":5}},"35":{"start":{"line":105,"column":8},"end":{"line":113,"column":10}},"36":{"start":{"line":116,"column":4},"end":{"line":269,"column":6}},"37":{"start":{"line":153,"column":32},"end":{"line":238,"column":49}},"38":{"start":{"line":159,"column":51},"end":{"line":159,"column":78}},"39":{"start":{"line":170,"column":67},"end":{"line":170,"column":82}},"40":{"start":{"line":171,"column":52},"end":{"line":182,"column":53}},"41":{"start":{"line":172,"column":56},"end":{"line":172,"column":86}},"42":{"start":{"line":173,"column":71},"end":{"line":173,"column":91}},"43":{"start":{"line":174,"column":56},"end":{"line":180,"column":57}},"44":{"start":{"line":175,"column":77},"end":{"line":175,"column":128}},"45":{"start":{"line":176,"column":75},"end":{"line":176,"column":104}},"46":{"start":{"line":177,"column":60},"end":{"line":177,"column":189}},"47":{"start":{"line":178,"column":60},"end":{"line":178,"column":88}},"48":{"start":{"line":179,"column":60},"end":{"line":179,"column":87}},"49":{"start":{"line":181,"column":56},"end":{"line":181,"column":63}},"50":{"start":{"line":183,"column":52},"end":{"line":183,"column":97}},"51":{"start":{"line":184,"column":52},"end":{"line":186,"column":116}},"52":{"start":{"line":187,"column":52},"end":{"line":187,"column":225}},"53":{"start":{"line":228,"column":52},"end":{"line":233,"column":59}},"54":{"start":{"line":251,"column":51},"end":{"line":251,"column":117}},"55":{"start":{"line":266,"column":31},"end":{"line":266,"column":52}}},"fnMap":{"0":{"name":"(anonymous_0)","decl":{"start":{"line":33,"column":48},"end":{"line":33,"column":49}},"loc":{"start":{"line":40,"column":6},"end":{"line":270,"column":1}},"line":40},"1":{"name":"(anonymous_1)","decl":{"start":{"line":50,"column":26},"end":{"line":50,"column":27}},"loc":{"start":{"line":50,"column":38},"end":{"line":66,"column":5}},"line":50},"2":{"name":"(anonymous_2)","decl":{"start":{"line":68,"column":14},"end":{"line":68,"column":15}},"loc":{"start":{"line":68,"column":20},"end":{"line":71,"column":5}},"line":68},"3":{"name":"(anonymous_3)","decl":{"start":{"line":73,"column":31},"end":{"line":73,"column":32}},"loc":{"start":{"line":73,"column":59},"end":{"line":84,"column":5}},"line":73},"4":{"name":"(anonymous_4)","decl":{"start":{"line":86,"column":23},"end":{"line":86,"column":24}},"loc":{"start":{"line":86,"column":47},"end":{"line":93,"column":5}},"line":86},"5":{"name":"(anonymous_5)","decl":{"start":{"line":95,"column":29},"end":{"line":95,"column":30}},"loc":{"start":{"line":95,"column":46},"end":{"line":102,"column":5}},"line":95},"6":{"name":"(anonymous_6)","decl":{"start":{"line":152,"column":42},"end":{"line":152,"column":43}},"loc":{"start":{"line":153,"column":32},"end":{"line":238,"column":49}},"line":153},"7":{"name":"(anonymous_7)","decl":{"start":{"line":159,"column":45},"end":{"line":159,"column":46}},"loc":{"start":{"line":159,"column":51},"end":{"line":159,"column":78}},"line":159},"8":{"name":"(anonymous_8)","decl":{"start":{"line":169,"column":57},"end":{"line":169,"column":58}},"loc":{"start":{"line":169,"column":64},"end":{"line":188,"column":49}},"line":169},"9":{"name":"(anonymous_9)","decl":{"start":{"line":227,"column":78},"end":{"line":227,"column":79}},"loc":{"start":{"line":228,"column":52},"end":{"line":233,"column":59}},"line":228},"10":{"name":"(anonymous_10)","decl":{"start":{"line":251,"column":45},"end":{"line":251,"column":46}},"loc":{"start":{"line":251,"column":51},"end":{"line":251,"column":117}},"line":251},"11":{"name":"(anonymous_11)","decl":{"start":{"line":266,"column":25},"end":{"line":266,"column":26}},"loc":{"start":{"line":266,"column":31},"end":{"line":266,"column":52}},"line":266}},"branchMap":{"0":{"loc":{"start":{"line":35,"column":4},"end":{"line":35,"column":13}},"type":"default-arg","locations":[{"start":{"line":35,"column":12},"end":{"line":35,"column":13}}],"line":35},"1":{"loc":{"start":{"line":36,"column":4},"end":{"line":36,"column":22}},"type":"default-arg","locations":[{"start":{"line":36,"column":18},"end":{"line":36,"column":22}}],"line":36},"2":{"loc":{"start":{"line":53,"column":12},"end":{"line":55,"column":13}},"type":"if","locations":[{"start":{"line":53,"column":12},"end":{"line":55,"column":13}},{"start":{},"end":{}}],"line":53},"3":{"loc":{"start":{"line":57,"column":12},"end":{"line":60,"column":13}},"type":"if","locations":[{"start":{"line":57,"column":12},"end":{"line":60,"column":13}},{"start":{},"end":{}}],"line":57},"4":{"loc":{"start":{"line":76,"column":12},"end":{"line":80,"column":13}},"type":"if","locations":[{"start":{"line":76,"column":12},"end":{"line":80,"column":13}},{"start":{},"end":{}}],"line":76},"5":{"loc":{"start":{"line":101,"column":15},"end":{"line":101,"column":33}},"type":"binary-expr","locations":[{"start":{"line":101,"column":15},"end":{"line":101,"column":26}},{"start":{"line":101,"column":30},"end":{"line":101,"column":33}}],"line":101},"6":{"loc":{"start":{"line":104,"column":4},"end":{"line":114,"column":5}},"type":"if","locations":[{"start":{"line":104,"column":4},"end":{"line":114,"column":5}},{"start":{},"end":{}}],"line":104},"7":{"loc":{"start":{"line":127,"column":25},"end":{"line":127,"column":82}},"type":"binary-expr","locations":[{"start":{"line":127,"column":25},"end":{"line":127,"column":30}},{"start":{"line":127,"column":34},"end":{"line":127,"column":82}}],"line":127},"8":{"loc":{"start":{"line":129,"column":21},"end":{"line":139,"column":21}},"type":"binary-expr","locations":[{"start":{"line":129,"column":21},"end":{"line":129,"column":29}},{"start":{"line":130,"column":24},"end":{"line":138,"column":35}}],"line":129},"9":{"loc":{"start":{"line":142,"column":17},"end":{"line":260,"column":17}},"type":"cond-expr","locations":[{"start":{"line":143,"column":20},"end":{"line":147,"column":26}},{"start":{"line":149,"column":20},"end":{"line":259,"column":23}}],"line":142},"10":{"loc":{"start":{"line":164,"column":41},"end":{"line":200,"column":41}},"type":"cond-expr","locations":[{"start":{"line":165,"column":44},"end":{"line":189,"column":46}},{"start":{"line":191,"column":44},"end":{"line":199,"column":50}}],"line":164},"11":{"loc":{"start":{"line":164,"column":41},"end":{"line":164,"column":171}},"type":"binary-expr","locations":[{"start":{"line":164,"column":41},"end":{"line":164,"column":62}},{"start":{"line":164,"column":66},"end":{"line":164,"column":115}},{"start":{"line":164,"column":119},"end":{"line":164,"column":171}}],"line":164},"12":{"loc":{"start":{"line":171,"column":52},"end":{"line":182,"column":53}},"type":"if","locations":[{"start":{"line":171,"column":52},"end":{"line":182,"column":53}},{"start":{},"end":{}}],"line":171},"13":{"loc":{"start":{"line":174,"column":56},"end":{"line":180,"column":57}},"type":"if","locations":[{"start":{"line":174,"column":56},"end":{"line":180,"column":57}},{"start":{},"end":{}}],"line":174},"14":{"loc":{"start":{"line":175,"column":77},"end":{"line":175,"column":128}},"type":"binary-expr","locations":[{"start":{"line":175,"column":77},"end":{"line":175,"column":116}},{"start":{"line":175,"column":120},"end":{"line":175,"column":128}}],"line":175},"15":{"loc":{"start":{"line":184,"column":65},"end":{"line":186,"column":115}},"type":"cond-expr","locations":[{"start":{"line":185,"column":58},"end":{"line":185,"column":112}},{"start":{"line":186,"column":58},"end":{"line":186,"column":115}}],"line":184},"16":{"loc":{"start":{"line":192,"column":49},"end":{"line":198,"column":49}},"type":"cond-expr","locations":[{"start":{"line":193,"column":52},"end":{"line":193,"column":235}},{"start":{"line":194,"column":52},"end":{"line":198,"column":49}}],"line":192},"17":{"loc":{"start":{"line":192,"column":50},"end":{"line":192,"column":156}},"type":"binary-expr","locations":[{"start":{"line":192,"column":50},"end":{"line":192,"column":77}},{"start":{"line":192,"column":82},"end":{"line":192,"column":103}},{"start":{"line":192,"column":107},"end":{"line":192,"column":155}}],"line":192},"18":{"loc":{"start":{"line":194,"column":52},"end":{"line":198,"column":49}},"type":"cond-expr","locations":[{"start":{"line":195,"column":52},"end":{"line":195,"column":241}},{"start":{"line":197,"column":52},"end":{"line":197,"column":100}}],"line":194},"19":{"loc":{"start":{"line":194,"column":53},"end":{"line":194,"column":165}},"type":"binary-expr","locations":[{"start":{"line":194,"column":53},"end":{"line":194,"column":83}},{"start":{"line":194,"column":88},"end":{"line":194,"column":109}},{"start":{"line":194,"column":113},"end":{"line":194,"column":164}}],"line":194},"20":{"loc":{"start":{"line":225,"column":41},"end":{"line":236,"column":41}},"type":"binary-expr","locations":[{"start":{"line":225,"column":41},"end":{"line":225,"column":53}},{"start":{"line":225,"column":57},"end":{"line":225,"column":80}},{"start":{"line":226,"column":44},"end":{"line":235,"column":50}}],"line":225},"21":{"loc":{"start":{"line":243,"column":25},"end":{"line":258,"column":25}},"type":"binary-expr","locations":[{"start":{"line":243,"column":25},"end":{"line":243,"column":36}},{"start":{"line":243,"column":40},"end":{"line":243,"column":64}},{"start":{"line":244,"column":28},"end":{"line":257,"column":41}}],"line":243},"22":{"loc":{"start":{"line":251,"column":60},"end":{"line":251,"column":116}},"type":"binary-expr","locations":[{"start":{"line":251,"column":60},"end":{"line":251,"column":70}},{"start":{"line":251,"column":75},"end":{"line":251,"column":115}}],"line":251},"23":{"loc":{"start":{"line":251,"column":75},"end":{"line":251,"column":115}},"type":"cond-expr","locations":[{"start":{"line":251,"column":86},"end":{"line":251,"column":105}},{"start":{"line":251,"column":108},"end":{"line":251,"column":115}}],"line":251}},"s":{"0":0,"1":0,"2":0,"3":0,"4":0,"5":0,"6":0,"7":0,"8":0,"9":0,"10":0,"11":0,"12":0,"13":0,"14":0,"15":0,"16":0,"17":0,"18":0,"19":0,"20":0,"21":0,"22":0,"23":0,"24":0,"25":0,"26":0,"27":0,"28":0,"29":0,"30":0,"31":0,"32":0,"33":0,"34":0,"35":0,"36":0,"37":0,"38":0,"39":0,"40":0,"41":0,"42":0,"43":0,"44":0,"45":0,"46":0,"47":0,"48":0,"49":0,"50":0,"51":0,"52":0,"53":0,"54":0,"55":0},"f":{"0":0,"1":0,"2":0,"3":0,"4":0,"5":0,"6":0,"7":0,"8":0,"9":0,"10":0,"11":0},"b":{"0":[0],"1":[0],"2":[0,0],"3":[0,0],"4":[0,0],"5":[0,0],"6":[0,0],"7":[0,0],"8":[0,0],"9":[0,0],"10":[0,0],"11":[0,0,0],"12":[0,0],"13":[0,0],"14":[0,0],"15":[0,0],"16":[0,0],"17":[0,0,0],"18":[0,0],"19":[0,0,0],"20":[0,0,0],"21":[0,0,0],"22":[0,0],"23":[0,0]}}
,"/home/albertosanzdev/Projects/arunachala_web/frontend/src/components/ChatBot.tsx": {"path":"/home/albertosanzdev/Projects/arunachala_web/frontend/src/components/ChatBot.tsx","statementMap":{"0":{"start":{"line":22,"column":26},"end":{"line":336,"column":1}},"1":{"start":{"line":23,"column":24},"end":{"line":23,"column":40}},"2":{"start":{"line":24,"column":32},"end":{"line":24,"column":47}},"3":{"start":{"line":25,"column":36},"end":{"line":25,"column":50}},"4":{"start":{"line":28,"column":36},"end":{"line":34,"column":7}},"5":{"start":{"line":37,"column":4},"end":{"line":50,"column":27}},"6":{"start":{"line":38,"column":8},"end":{"line":49,"column":11}},"7":{"start":{"line":39,"column":12},"end":{"line":47,"column":13}},"8":{"start":{"line":40,"column":35},"end":{"line":40,"column":55}},"9":{"start":{"line":42,"column":16},"end":{"line":46,"column":17}},"10":{"start":{"line":43,"column":40},"end":{"line":43,"column":49}},"11":{"start":{"line":44,"column":20},"end":{"line":44,"column":77}},"12":{"start":{"line":45,"column":20},"end":{"line":45,"column":39}},"13":{"start":{"line":48,"column":12},"end":{"line":48,"column":24}},"14":{"start":{"line":51,"column":40},"end":{"line":51,"column":52}},"15":{"start":{"line":52,"column":36},"end":{"line":52,"column":51}},"16":{"start":{"line":53,"column":27},"end":{"line":53,"column":55}},"17":{"start":{"line":54,"column":21},"end":{"line":54,"column":51}},"18":{"start":{"line":56,"column":27},"end":{"line":58,"column":5}},"19":{"start":{"line":57,"column":8},"end":{"line":57,"column":71}},"20":{"start":{"line":60,"column":4},"end":{"line":73,"column":11}},"21":{"start":{"line":61,"column":28},"end":{"line":71,"column":9}},"22":{"start":{"line":62,"column":12},"end":{"line":70,"column":13}},"23":{"start":{"line":63,"column":33},"end":{"line":63,"column":74}},"24":{"start":{"line":64,"column":16},"end":{"line":67,"column":17}},"25":{"start":{"line":65,"column":33},"end":{"line":65,"column":54}},"26":{"start":{"line":66,"column":20},"end":{"line":66,"column":56}},"27":{"start":{"line":69,"column":16},"end":{"line":69,"column":67}},"28":{"start":{"line":72,"column":8},"end":{"line":72,"column":22}},"29":{"start":{"line":75,"column":4},"end":{"line":77,"column":37}},"30":{"start":{"line":76,"column":8},"end":{"line":76,"column":25}},"31":{"start":{"line":79,"column":4},"end":{"line":83,"column":17}},"32":{"start":{"line":80,"column":8},"end":{"line":82,"column":9}},"33":{"start":{"line":81,"column":12},"end":{"line":81,"column":37}},"34":{"start":{"line":85,"column":30},"end":{"line":213,"column":5}},"35":{"start":{"line":86,"column":8},"end":{"line":86,"column":28}},"36":{"start":{"line":87,"column":8},"end":{"line":87,"column":39}},"37":{"start":{"line":87,"column":32},"end":{"line":87,"column":39}},"38":{"start":{"line":89,"column":25},"end":{"line":89,"column":35}},"39":{"start":{"line":90,"column":33},"end":{"line":96,"column":9}},"40":{"start":{"line":98,"column":8},"end":{"line":98,"column":48}},"41":{"start":{"line":98,"column":28},"end":{"line":98,"column":46}},"42":{"start":{"line":99,"column":8},"end":{"line":99,"column":26}},"43":{"start":{"line":100,"column":8},"end":{"line":100,"column":26}},"44":{"start":{"line":102,"column":25},"end":{"line":102,"column":39}},"45":{"start":{"line":103,"column":39},"end":{"line":110,"column":9}},"46":{"start":{"line":111,"column":8},"end":{"line":111,"column":54}},"47":{"start":{"line":111,"column":28},"end":{"line":111,"column":52}},"48":{"start":{"line":113,"column":8},"end":{"line":212,"column":9}},"49":{"start":{"line":114,"column":32},"end":{"line":117,"column":15}},"50":{"start":{"line":114,"column":61},"end":{"line":117,"column":13}},"51":{"start":{"line":118,"column":12},"end":{"line":118,"column":66}},"52":{"start":{"line":120,"column":12},"end":{"line":120,"column":79}},"53":{"start":{"line":122,"column":29},"end":{"line":130,"column":14}},"54":{"start":{"line":132,"column":12},"end":{"line":132,"column":64}},"55":{"start":{"line":132,"column":30},"end":{"line":132,"column":64}},"56":{"start":{"line":134,"column":27},"end":{"line":134,"column":53}},"57":{"start":{"line":135,"column":12},"end":{"line":135,"column":54}},"58":{"start":{"line":135,"column":25},"end":{"line":135,"column":54}},"59":{"start":{"line":137,"column":28},"end":{"line":137,"column":45}},"60":{"start":{"line":138,"column":34},"end":{"line":138,"column":36}},"61":{"start":{"line":140,"column":12},"end":{"line":172,"column":13}},"62":{"start":{"line":141,"column":40},"end":{"line":141,"column":59}},"63":{"start":{"line":142,"column":16},"end":{"line":142,"column":32}},"64":{"start":{"line":142,"column":26},"end":{"line":142,"column":32}},"65":{"start":{"line":144,"column":30},"end":{"line":144,"column":69}},"66":{"start":{"line":145,"column":30},"end":{"line":145,"column":47}},"67":{"start":{"line":147,"column":16},"end":{"line":171,"column":17}},"68":{"start":{"line":148,"column":20},"end":{"line":170,"column":21}},"69":{"start":{"line":149,"column":40},"end":{"line":149,"column":73}},"70":{"start":{"line":150,"column":24},"end":{"line":150,"column":59}},"71":{"start":{"line":150,"column":50},"end":{"line":150,"column":59}},"72":{"start":{"line":152,"column":24},"end":{"line":169,"column":25}},"73":{"start":{"line":153,"column":41},"end":{"line":153,"column":60}},"74":{"start":{"line":154,"column":28},"end":{"line":160,"column":29}},"75":{"start":{"line":155,"column":32},"end":{"line":155,"column":64}},"76":{"start":{"line":156,"column":56},"end":{"line":156,"column":71}},"77":{"start":{"line":157,"column":32},"end":{"line":159,"column":35}},"78":{"start":{"line":157,"column":52},"end":{"line":159,"column":33}},"79":{"start":{"line":158,"column":36},"end":{"line":158,"column":91}},"80":{"start":{"line":161,"column":28},"end":{"line":165,"column":29}},"81":{"start":{"line":162,"column":32},"end":{"line":164,"column":35}},"82":{"start":{"line":162,"column":52},"end":{"line":164,"column":33}},"83":{"start":{"line":163,"column":36},"end":{"line":163,"column":91}},"84":{"start":{"line":166,"column":28},"end":{"line":166,"column":72}},"85":{"start":{"line":166,"column":44},"end":{"line":166,"column":72}},"86":{"start":{"line":168,"column":28},"end":{"line":168,"column":75}},"87":{"start":{"line":174,"column":12},"end":{"line":176,"column":15}},"88":{"start":{"line":174,"column":32},"end":{"line":176,"column":13}},"89":{"start":{"line":175,"column":16},"end":{"line":175,"column":68}},"90":{"start":{"line":179,"column":12},"end":{"line":179,"column":82}},"91":{"start":{"line":181,"column":12},"end":{"line":209,"column":13}},"92":{"start":{"line":183,"column":38},"end":{"line":186,"column":18}},"93":{"start":{"line":188,"column":38},"end":{"line":188,"column":40}},"94":{"start":{"line":190,"column":16},"end":{"line":198,"column":17}},"95":{"start":{"line":191,"column":20},"end":{"line":197,"column":21}},"96":{"start":{"line":192,"column":24},"end":{"line":192,"column":53}},"97":{"start":{"line":193,"column":45},"end":{"line":193,"column":60}},"98":{"start":{"line":194,"column":24},"end":{"line":196,"column":27}},"99":{"start":{"line":194,"column":44},"end":{"line":196,"column":25}},"100":{"start":{"line":195,"column":28},"end":{"line":195,"column":80}},"101":{"start":{"line":200,"column":16},"end":{"line":202,"column":19}},"102":{"start":{"line":200,"column":36},"end":{"line":202,"column":17}},"103":{"start":{"line":201,"column":20},"end":{"line":201,"column":137}},"104":{"start":{"line":205,"column":16},"end":{"line":205,"column":58}},"105":{"start":{"line":206,"column":16},"end":{"line":208,"column":19}},"106":{"start":{"line":206,"column":36},"end":{"line":208,"column":17}},"107":{"start":{"line":207,"column":20},"end":{"line":207,"column":168}},"108":{"start":{"line":211,"column":12},"end":{"line":211,"column":31}},"109":{"start":{"line":215,"column":4},"end":{"line":215,"column":31}},"110":{"start":{"line":215,"column":19},"end":{"line":215,"column":31}},"111":{"start":{"line":217,"column":4},"end":{"line":335,"column":6}},"112":{"start":{"line":226,"column":35},"end":{"line":226,"column":50}},"113":{"start":{"line":269,"column":47},"end":{"line":269,"column":63}},"114":{"start":{"line":279,"column":32},"end":{"line":297,"column":45}},"115":{"start":{"line":318,"column":53},"end":{"line":318,"column":82}}},"fnMap":{"0":{"name":"(anonymous_0)","decl":{"start":{"line":22,"column":26},"end":{"line":22,"column":27}},"loc":{"start":{"line":22,"column":32},"end":{"line":336,"column":1}},"line":22},"1":{"name":"(anonymous_1)","decl":{"start":{"line":37,"column":14},"end":{"line":37,"column":15}},"loc":{"start":{"line":37,"column":20},"end":{"line":50,"column":5}},"line":37},"2":{"name":"(anonymous_2)","decl":{"start":{"line":38,"column":20},"end":{"line":38,"column":21}},"loc":{"start":{"line":38,"column":28},"end":{"line":49,"column":9}},"line":38},"3":{"name":"(anonymous_3)","decl":{"start":{"line":56,"column":27},"end":{"line":56,"column":28}},"loc":{"start":{"line":56,"column":33},"end":{"line":58,"column":5}},"line":56},"4":{"name":"(anonymous_4)","decl":{"start":{"line":60,"column":14},"end":{"line":60,"column":15}},"loc":{"start":{"line":60,"column":20},"end":{"line":73,"column":5}},"line":60},"5":{"name":"(anonymous_5)","decl":{"start":{"line":61,"column":28},"end":{"line":61,"column":29}},"loc":{"start":{"line":61,"column":40},"end":{"line":71,"column":9}},"line":61},"6":{"name":"(anonymous_6)","decl":{"start":{"line":75,"column":14},"end":{"line":75,"column":15}},"loc":{"start":{"line":75,"column":20},"end":{"line":77,"column":5}},"line":75},"7":{"name":"(anonymous_7)","decl":{"start":{"line":79,"column":14},"end":{"line":79,"column":15}},"loc":{"start":{"line":79,"column":20},"end":{"line":83,"column":5}},"line":79},"8":{"name":"(anonymous_8)","decl":{"start":{"line":85,"column":30},"end":{"line":85,"column":31}},"loc":{"start":{"line":85,"column":61},"end":{"line":213,"column":5}},"line":85},"9":{"name":"(anonymous_9)","decl":{"start":{"line":98,"column":20},"end":{"line":98,"column":21}},"loc":{"start":{"line":98,"column":28},"end":{"line":98,"column":46}},"line":98},"10":{"name":"(anonymous_10)","decl":{"start":{"line":111,"column":20},"end":{"line":111,"column":21}},"loc":{"start":{"line":111,"column":28},"end":{"line":111,"column":52}},"line":111},"11":{"name":"(anonymous_11)","decl":{"start":{"line":114,"column":55},"end":{"line":114,"column":56}},"loc":{"start":{"line":114,"column":61},"end":{"line":117,"column":13}},"line":114},"12":{"name":"(anonymous_12)","decl":{"start":{"line":157,"column":44},"end":{"line":157,"column":45}},"loc":{"start":{"line":157,"column":52},"end":{"line":159,"column":33}},"line":157},"13":{"name":"(anonymous_13)","decl":{"start":{"line":157,"column":61},"end":{"line":157,"column":62}},"loc":{"start":{"line":158,"column":36},"end":{"line":158,"column":91}},"line":158},"14":{"name":"(anonymous_14)","decl":{"start":{"line":162,"column":44},"end":{"line":162,"column":45}},"loc":{"start":{"line":162,"column":52},"end":{"line":164,"column":33}},"line":162},"15":{"name":"(anonymous_15)","decl":{"start":{"line":162,"column":61},"end":{"line":162,"column":62}},"loc":{"start":{"line":163,"column":36},"end":{"line":163,"column":91}},"line":163},"16":{"name":"(anonymous_16)","decl":{"start":{"line":174,"column":24},"end":{"line":174,"column":25}},"loc":{"start":{"line":174,"column":32},"end":{"line":176,"column":13}},"line":174},"17":{"name":"(anonymous_17)","decl":{"start":{"line":174,"column":41},"end":{"line":174,"column":42}},"loc":{"start":{"line":175,"column":16},"end":{"line":175,"column":68}},"line":175},"18":{"name":"(anonymous_18)","decl":{"start":{"line":194,"column":36},"end":{"line":194,"column":37}},"loc":{"start":{"line":194,"column":44},"end":{"line":196,"column":25}},"line":194},"19":{"name":"(anonymous_19)","decl":{"start":{"line":194,"column":53},"end":{"line":194,"column":54}},"loc":{"start":{"line":195,"column":28},"end":{"line":195,"column":80}},"line":195},"20":{"name":"(anonymous_20)","decl":{"start":{"line":200,"column":28},"end":{"line":200,"column":29}},"loc":{"start":{"line":200,"column":36},"end":{"line":202,"column":17}},"line":200},"21":{"name":"(anonymous_21)","decl":{"start":{"line":200,"column":45},"end":{"line":200,"column":46}},"loc":{"start":{"line":201,"column":20},"end":{"line":201,"column":137}},"line":201},"22":{"name":"(anonymous_22)","decl":{"start":{"line":206,"column":28},"end":{"line":206,"column":29}},"loc":{"start":{"line":206,"column":36},"end":{"line":208,"column":17}},"line":206},"23":{"name":"(anonymous_23)","decl":{"start":{"line":206,"column":45},"end":{"line":206,"column":46}},"loc":{"start":{"line":207,"column":20},"end":{"line":207,"column":168}},"line":207},"24":{"name":"(anonymous_24)","decl":{"start":{"line":226,"column":29},"end":{"line":226,"column":30}},"loc":{"start":{"line":226,"column":35},"end":{"line":226,"column":50}},"line":226},"25":{"name":"(anonymous_25)","decl":{"start":{"line":269,"column":41},"end":{"line":269,"column":42}},"loc":{"start":{"line":269,"column":47},"end":{"line":269,"column":63}},"line":269},"26":{"name":"(anonymous_26)","decl":{"start":{"line":278,"column":42},"end":{"line":278,"column":43}},"loc":{"start":{"line":279,"column":32},"end":{"line":297,"column":45}},"line":279},"27":{"name":"(anonymous_27)","decl":{"start":{"line":318,"column":46},"end":{"line":318,"column":47}},"loc":{"start":{"line":318,"column":53},"end":{"line":318,"column":82}},"line":318}},"branchMap":{"0":{"loc":{"start":{"line":39,"column":12},"end":{"line":47,"column":13}},"type":"if","locations":[{"start":{"line":39,"column":12},"end":{"line":47,"column":13}},{"start":{},"end":{}}],"line":39},"1":{"loc":{"start":{"line":39,"column":16},"end":{"line":39,"column":51}},"type":"binary-expr","locations":[{"start":{"line":39,"column":16},"end":{"line":39,"column":31}},{"start":{"line":39,"column":35},"end":{"line":39,"column":51}}],"line":39},"2":{"loc":{"start":{"line":42,"column":16},"end":{"line":46,"column":17}},"type":"if","locations":[{"start":{"line":42,"column":16},"end":{"line":46,"column":17}},{"start":{},"end":{}}],"line":42},"3":{"loc":{"start":{"line":64,"column":16},"end":{"line":67,"column":17}},"type":"if","locations":[{"start":{"line":64,"column":16},"end":{"line":67,"column":17}},{"start":{},"end":{}}],"line":64},"4":{"loc":{"start":{"line":66,"column":32},"end":{"line":66,"column":54}},"type":"binary-expr","locations":[{"start":{"line":66,"column":32},"end":{"line":66,"column":46}},{"start":{"line":66,"column":50},"end":{"line":66,"column":54}}],"line":66},"5":{"loc":{"start":{"line":80,"column":8},"end":{"line":82,"column":9}},"type":"if","locations":[{"start":{"line":80,"column":8},"end":{"line":82,"column":9}},{"start":{},"end":{}}],"line":80},"6":{"loc":{"start":{"line":80,"column":12},"end":{"line":80,"column":38}},"type":"binary-expr","locations":[{"start":{"line":80,"column":12},"end":{"line":80,"column":18}},{"start":{"line":80,"column":22},"end":{"line":80,"column":38}}],"line":80},"7":{"loc":{"start":{"line":87,"column":8},"end":{"line":87,"column":39}},"type":"if","locations":[{"start":{"line":87,"column":8},"end":{"line":87,"column":39}},{"start":{},"end":{}}],"line":87},"8":{"loc":{"start":{"line":115,"column":22},"end":{"line":115,"column":65}},"type":"binary-expr","locations":[{"start":{"line":115,"column":22},"end":{"line":115,"column":28}},{"start":{"line":115,"column":33},"end":{"line":115,"column":64}}],"line":115},"9":{"loc":{"start":{"line":115,"column":33},"end":{"line":115,"column":64}},"type":"cond-expr","locations":[{"start":{"line":115,"column":44},"end":{"line":115,"column":50}},{"start":{"line":115,"column":53},"end":{"line":115,"column":64}}],"line":115},"10":{"loc":{"start":{"line":132,"column":12},"end":{"line":132,"column":64}},"type":"if","locations":[{"start":{"line":132,"column":12},"end":{"line":132,"column":64}},{"start":{},"end":{}}],"line":132},"11":{"loc":{"start":{"line":135,"column":12},"end":{"line":135,"column":54}},"type":"if","locations":[{"start":{"line":135,"column":12},"end":{"line":135,"column":54}},{"start":{},"end":{}}],"line":135},"12":{"loc":{"start":{"line":142,"column":16},"end":{"line":142,"column":32}},"type":"if","locations":[{"start":{"line":142,"column":16},"end":{"line":142,"column":32}},{"start":{},"end":{}}],"line":142},"13":{"loc":{"start":{"line":148,"column":20},"end":{"line":170,"column":21}},"type":"if","locations":[{"start":{"line":148,"column":20},"end":{"line":170,"column":21}},{"start":{},"end":{}}],"line":148},"14":{"loc":{"start":{"line":150,"column":24},"end":{"line":150,"column":59}},"type":"if","locations":[{"start":{"line":150,"column":24},"end":{"line":150,"column":59}},{"start":{},"end":{}}],"line":150},"15":{"loc":{"start":{"line":154,"column":28},"end":{"line":160,"column":29}},"type":"if","locations":[{"start":{"line":154,"column":28},"end":{"line":160,"column":29}
[...]
tart":{"line":139,"column":12},"end":{"line":141,"column":13}},"type":"if","locations":[{"start":{"line":139,"column":12},"end":{"line":141,"column":13}},{"start":{},"end":{}}],"line":139},"16":{"loc":{"start":{"line":139,"column":16},"end":{"line":139,"column":67}},"type":"binary-expr","locations":[{"start":{"line":139,"column":16},"end":{"line":139,"column":36}},{"start":{"line":139,"column":40},"end":{"line":139,"column":67}}],"line":139},"17":{"loc":{"start":{"line":153,"column":12},"end":{"line":156,"column":13}},"type":"if","locations":[{"start":{"line":153,"column":12},"end":{"line":156,"column":13}},{"start":{},"end":{}}],"line":153},"18":{"loc":{"start":{"line":155,"column":32},"end":{"line":155,"column":83}},"type":"binary-expr","locations":[{"start":{"line":155,"column":32},"end":{"line":155,"column":48}},{"start":{"line":155,"column":52},"end":{"line":155,"column":83}}],"line":155},"19":{"loc":{"start":{"line":161,"column":12},"end":{"line":166,"column":13}},"type":"if","locations":[{"start":{"line":161,"column":12},"end":{"line":166,"column":13}},{"start":{},"end":{}}],"line":161},"20":{"loc":{"start":{"line":172,"column":35},"end":{"line":174,"column":52}},"type":"cond-expr","locations":[{"start":{"line":173,"column":18},"end":{"line":173,"column":66}},{"start":{"line":174,"column":18},"end":{"line":174,"column":52}}],"line":172},"21":{"loc":{"start":{"line":186,"column":21},"end":{"line":186,"column":71}},"type":"binary-expr","locations":[{"start":{"line":186,"column":21},"end":{"line":186,"column":34}},{"start":{"line":186,"column":38},"end":{"line":186,"column":71}}],"line":186},"22":{"loc":{"start":{"line":196,"column":4},"end":{"line":196,"column":41}},"type":"if","locations":[{"start":{"line":196,"column":4},"end":{"line":196,"column":41}},{"start":{},"end":{}}],"line":196},"23":{"loc":{"start":{"line":216,"column":45},"end":{"line":228,"column":45}},"type":"cond-expr","locations":[{"start":{"line":217,"column":48},"end":{"line":221,"column":50}},{"start":{"line":223,"column":48},"end":{"line":227,"column":54}}],"line":216},"24":{"loc":{"start":{"line":225,"column":57},"end":{"line":225,"column":186}},"type":"cond-expr","locations":[{"start":{"line":225,"column":78},"end":{"line":225,"column":120}},{"start":{"line":225,"column":124},"end":{"line":225,"column":185}}],"line":225},"25":{"loc":{"start":{"line":225,"column":124},"end":{"line":225,"column":185}},"type":"cond-expr","locations":[{"start":{"line":225,"column":141},"end":{"line":225,"column":179}},{"start":{"line":225,"column":182},"end":{"line":225,"column":185}}],"line":225},"26":{"loc":{"start":{"line":276,"column":41},"end":{"line":301,"column":41}},"type":"binary-expr","locations":[{"start":{"line":276,"column":41},"end":{"line":276,"column":46}},{"start":{"line":277,"column":44},"end":{"line":300,"column":50}}],"line":276},"27":{"loc":{"start":{"line":304,"column":41},"end":{"line":329,"column":41}},"type":"binary-expr","locations":[{"start":{"line":304,"column":41},"end":{"line":304,"column":48}},{"start":{"line":305,"column":44},"end":{"line":328,"column":50}}],"line":304},"28":{"loc":{"start":{"line":386,"column":58},"end":{"line":386,"column":95}},"type":"cond-expr","locations":[{"start":{"line":386,"column":76},"end":{"line":386,"column":82}},{"start":{"line":386,"column":85},"end":{"line":386,"column":95}}],"line":386},"29":{"loc":{"start":{"line":399,"column":53},"end":{"line":403,"column":53}},"type":"cond-expr","locations":[{"start":{"line":400,"column":56},"end":{"line":400,"column":111}},{"start":{"line":402,"column":56},"end":{"line":402,"column":106}}],"line":399},"30":{"loc":{"start":{"line":414,"column":58},"end":{"line":414,"column":99}},"type":"cond-expr","locations":[{"start":{"line":414,"column":80},"end":{"line":414,"column":86}},{"start":{"line":414,"column":89},"end":{"line":414,"column":99}}],"line":414},"31":{"loc":{"start":{"line":427,"column":53},"end":{"line":431,"column":53}},"type":"cond-expr","locations":[{"start":{"line":428,"column":56},"end":{"line":428,"column":111}},{"start":{"line":430,"column":56},"end":{"line":430,"column":106}}],"line":427},"32":{"loc":{"start":{"line":452,"column":45},"end":{"line":452,"column":90}},"type":"cond-expr","locations":[{"start":{"line":452,"column":56},"end":{"line":452,"column":70}},{"start":{"line":452,"column":73},"end":{"line":452,"column":90}}],"line":452}},"s":{"0":0,"1":0,"2":0,"3":0,"4":0,"5":0,"6":0,"7":0,"8":0,"9":0,"10":0,"11":0,"12":0,"13":0,"14":0,"15":0,"16":0,"17":0,"18":0,"19":0,"20":0,"21":0,"22":0,"23":0,"24":0,"25":0,"26":0,"27":0,"28":0,"29":0,"30":0,"31":0,"32":0,"33":0,"34":0,"35":0,"36":0,"37":0,"38":0,"39":0,"40":0,"41":0,"42":0,"43":0,"44":0,"45":0,"46":0,"47":0,"48":0,"49":0,"50":0,"51":0,"52":0,"53":0,"54":0,"55":0,"56":0,"57":0,"58":0,"59":0,"60":0,"61":0,"62":0,"63":0,"64":0,"65":0,"66":0,"67":0,"68":0,"69":0,"70":0,"71":0,"72":0,"73":0,"74":0,"75":0,"76":0,"77":0,"78":0,"79":0,"80":0,"81":0,"82":0,"83":0,"84":0,"85":0,"86":0,"87":0,"88":0,"89":0,"90":0,"91":0,"92":0,"93":0,"94":0,"95":0},"f":{"0":0,"1":0,"2":0,"3":0,"4":0,"5":0,"6":0,"7":0,"8":0,"9":0,"10":0,"11":0,"12":0,"13":0},"b":{"0":[0,0],"1":[0,0],"2":[0,0],"3":[0,0],"4":[0,0],"5":[0,0],"6":[0,0],"7":[0,0],"8":[0,0],"9":[0,0],"10":[0,0],"11":[0,0],"12":[0,0],"13":[0,0],"14":[0,0],"15":[0,0],"16":[0,0],"17":[0,0],"18":[0,0],"19":[0,0],"20":[0,0],"21":[0,0],"22":[0,0],"23":[0,0],"24":[0,0],"25":[0,0],"26":[0,0],"27":[0,0],"28":[0,0],"29":[0,0],"30":[0,0],"31":[0,0],"32":[0,0]}}
,"/home/albertosanzdev/Projects/arunachala_web/frontend/src/services/api.ts": {"path":"/home/albertosanzdev/Projects/arunachala_web/frontend/src/services/api.ts","statementMap":{"0":{"start":{"line":4,"column":12},"end":{"line":6,"column":2}}},"fnMap":{},"branchMap":{},"s":{"0":0},"f":{},"b":{}}
,"/home/albertosanzdev/Projects/arunachala_web/frontend/src/services/galleryService.ts": {"path":"/home/albertosanzdev/Projects/arunachala_web/frontend/src/services/galleryService.ts","statementMap":{"0":{"start":{"line":13,"column":30},"end":{"line":50,"column":1}},"1":{"start":{"line":15,"column":25},"end":{"line":15,"column":109}},"2":{"start":{"line":16,"column":8},"end":{"line":16,"column":29}},"3":{"start":{"line":20,"column":25},"end":{"line":20,"column":82}},"4":{"start":{"line":21,"column":8},"end":{"line":21,"column":29}},"5":{"start":{"line":25,"column":25},"end":{"line":25,"column":90}},"6":{"start":{"line":26,"column":8},"end":{"line":26,"column":29}},"7":{"start":{"line":30,"column":8},"end":{"line":30,"column":43}},"8":{"start":{"line":34,"column":8},"end":{"line":34,"column":60}},"9":{"start":{"line":38,"column":8},"end":{"line":38,"column":50}},"10":{"start":{"line":42,"column":25},"end":{"line":42,"column":85}},"11":{"start":{"line":43,"column":8},"end":{"line":43,"column":29}},"12":{"start":{"line":47,"column":25},"end":{"line":47,"column":76}},"13":{"start":{"line":48,"column":8},"end":{"line":48,"column":29}}},"fnMap":{"0":{"name":"(anonymous_0)","decl":{"start":{"line":14,"column":12},"end":{"line":14,"column":13}},"loc":{"start":{"line":14,"column":41},"end":{"line":17,"column":5}},"line":14},"1":{"name":"(anonymous_1)","decl":{"start":{"line":19,"column":12},"end":{"line":19,"column":13}},"loc":{"start":{"line":19,"column":42},"end":{"line":22,"column":5}},"line":19},"2":{"name":"(anonymous_2)","decl":{"start":{"line":24,"column":16},"end":{"line":24,"column":17}},"loc":{"start":{"line":24,"column":46},"end":{"line":27,"column":5}},"line":24},"3":{"name":"(anonymous_3)","decl":{"start":{"line":29,"column":12},"end":{"line":29,"column":13}},"loc":{"start":{"line":29,"column":34},"end":{"line":31,"column":5}},"line":29},"4":{"name":"(anonymous_4)","decl":{"start":{"line":33,"column":20},"end":{"line":33,"column":21}},"loc":{"start":{"line":33,"column":45},"end":{"line":35,"column":5}},"line":33},"5":{"name":"(anonymous_5)","decl":{"start":{"line":37,"column":13},"end":{"line":37,"column":14}},"loc":{"start":{"line":37,"column":66},"end":{"line":39,"column":5}},"line":37},"6":{"name":"(anonymous_6)","decl":{"start":{"line":41,"column":10},"end":{"line":41,"column":11}},"loc":{"start":{"line":41,"column":52},"end":{"line":44,"column":5}},"line":41},"7":{"name":"(anonymous_7)","decl":{"start":{"line":46,"column":12},"end":{"line":46,"column":13}},"loc":{"start":{"line":46,"column":63},"end":{"line":49,"column":5}},"line":46}},"branchMap":{"0":{"loc":{"start":{"line":15,"column":67},"end":{"line":15,"column":106}},"type":"cond-expr","locations":[{"start":{"line":15,"column":78},"end":{"line":15,"column":101}},{"start":{"line":15,"column":104},"end":{"line":15,"column":106}}],"line":15}},"s":{"0":0,"1":0,"2":0,"3":0,"4":0,"5":0,"6":0,"7":0,"8":0,"9":0,"10":0,"11":0,"12":0,"13":0},"f":{"0":0,"1":0,"2":0,"3":0,"4":0,"5":0,"6":0,"7":0},"b":{"0":[0,0]}}
,"/home/albertosanzdev/Projects/arunachala_web/frontend/src/types/blog.ts": {"path":"/home/albertosanzdev/Projects/arunachala_web/frontend/src/types/blog.ts","statementMap":{},"fnMap":{},"branchMap":{},"s":{},"f":{},"b":{}}
,"/home/albertosanzdev/Projects/arunachala_web/frontend/src/utils/cropImage.ts": {"path":"/home/albertosanzdev/Projects/arunachala_web/frontend/src/utils/cropImage.ts","statementMap":{"0":{"start":{"line":1,"column":27},"end":{"line":8,"column":6}},"1":{"start":{"line":2,"column":4},"end":{"line":8,"column":6}},"2":{"start":{"line":3,"column":22},"end":{"line":3,"column":33}},"3":{"start":{"line":4,"column":8},"end":{"line":4,"column":60}},"4":{"start":{"line":4,"column":45},"end":{"line":4,"column":59}},"5":{"start":{"line":5,"column":8},"end":{"line":5,"column":65}},"6":{"start":{"line":5,"column":51},"end":{"line":5,"column":64}},"7":{"start":{"line":6,"column":8},"end":{"line":6,"column":54}},"8":{"start":{"line":7,"column":8},"end":{"line":7,"column":23}},"9":{"start":{"line":11,"column":4},"end":{"line":11,"column":40}},"10":{"start":{"line":18,"column":19},"end":{"line":18,"column":43}},"11":{"start":{"line":20,"column":4},"end":{"line":25,"column":5}},"12":{"start":{"line":37,"column":18},"end":{"line":37,"column":45}},"13":{"start":{"line":38,"column":19},"end":{"line":38,"column":51}},"14":{"start":{"line":39,"column":16},"end":{"line":39,"column":39}},"15":{"start":{"line":41,"column":4},"end":{"line":43,"column":5}},"16":{"start":{"line":42,"column":8},"end":{"line":42,"column":19}},"17":{"start":{"line":45,"column":19},"end":{"line":45,"column":43}},"18":{"start":{"line":48,"column":53},"end":{"line":52,"column":5}},"19":{"start":{"line":55,"column":4},"end":{"line":55,"column":28}},"20":{"start":{"line":56,"column":4},"end":{"line":56,"column":30}},"21":{"start":{"line":59,"column":4},"end":{"line":59,"column":48}},"22":{"start":{"line":60,"column":4},"end":{"line":60,"column":22}},"23":{"start":{"line":61,"column":4},"end":{"line":61,"column":63}},"24":{"start":{"line":62,"column":4},"end":{"line":62,"column":54}},"25":{"start":{"line":65,"column":4},"end":{"line":65,"column":30}},"26":{"start":{"line":69,"column":17},"end":{"line":74,"column":5}},"27":{"start":{"line":77,"column":4},"end":{"line":77,"column":34}},"28":{"start":{"line":78,"column":4},"end":{"line":78,"column":36}},"29":{"start":{"line":81,"column":4},"end":{"line":81,"column":32}},"30":{"start":{"line":87,"column":4},"end":{"line":91,"column":6}},"31":{"start":{"line":88,"column":8},"end":{"line":90,"column":29}},"32":{"start":{"line":89,"column":12},"end":{"line":89,"column":25}}},"fnMap":{"0":{"name":"(anonymous_0)","decl":{"start":{"line":1,"column":27},"end":{"line":1,"column":28}},"loc":{"start":{"line":2,"column":4},"end":{"line":8,"column":6}},"line":2},"1":{"name":"(anonymous_1)","decl":{"start":{"line":2,"column":16},"end":{"line":2,"column":17}},"loc":{"start":{"line":2,"column":37},"end":{"line":8,"column":5}},"line":2},"2":{"name":"(anonymous_2)","decl":{"start":{"line":4,"column":39},"end":{"line":4,"column":40}},"loc":{"start":{"line":4,"column":45},"end":{"line":4,"column":59}},"line":4},"3":{"name":"(anonymous_3)","decl":{"start":{"line":5,"column":40},"end":{"line":5,"column":41}},"loc":{"start":{"line":5,"column":51},"end":{"line":5,"column":64}},"line":5},"4":{"name":"getRadianAngle","decl":{"start":{"line":10,"column":16},"end":{"line":10,"column":30}},"loc":{"start":{"line":10,"column":52},"end":{"line":12,"column":1}},"line":10},"5":{"name":"rotateSize","decl":{"start":{"line":17,"column":16},"end":{"line":17,"column":26}},"loc":{"start":{"line":17,"column":76},"end":{"line":26,"column":1}},"line":17},"6":{"name":"getCroppedImg","decl":{"start":{"line":31,"column":30},"end":{"line":31,"column":43}},"loc":{"start":{"line":36,"column":24},"end":{"line":92,"column":1}},"line":36},"7":{"name":"(anonymous_7)","decl":{"start":{"line":87,"column":23},"end":{"line":87,"column":24}},"loc":{"start":{"line":87,"column":44},"end":{"line":91,"column":5}},"line":87},"8":{"name":"(anonymous_8)","decl":{"start":{"line":88,"column":22},"end":{"line":88,"column":23}},"loc":{"start":{"line":88,"column":32},"end":{"line":90,"column":9}},"line":88}},"branchMap":{"0":{"loc":{"start":{"line":34,"column":4},"end":{"line":34,"column":16}},"type":"default-arg","locations":[{"start":{"line":34,"column":15},"end":{"line":34,"column":16}}],"line":34},"1":{"loc":{"start":{"line":35,"column":4},"end":{"line":35,"column":49}},"type":"default-arg","locations":[{"start":{"line":35,"column":11},"end":{"line":35,"column":49}}],"line":35},"2":{"loc":{"start":{"line":41,"column":4},"end":{"line":43,"column":5}},"type":"if","locations":[{"start":{"line":41,"column":4},"end":{"line":43,"column":5}},{"start":{},"end":{}}],"line":41},"3":{"loc":{"start":{"line":61,"column":14},"end":{"line":61,"column":38}},"type":"cond-expr","locations":[{"start":{"line":61,"column":32},"end":{"line":61,"column":34}},{"start":{"line":61,"column":37},"end":{"line":61,"column":38}}],"line":61},"4":{"loc":{"start":{"line":61,"column":40},"end":{"line":61,"column":62}},"type":"cond-expr","locations":[{"start":{"line":61,"column":56},"end":{"line":61,"column":58}},{"start":{"line":61,"column":61},"end":{"line":61,"column":62}}],"line":61}},"s":{"0":0,"1":0,"2":0,"3":0,"4":0,"5":0,"6":0,"7":0,"8":0,"9":0,"10":0,"11":0,"12":0,"13":0,"14":0,"15":0,"16":0,"17":0,"18":0,"19":0,"20":0,"21":0,"22":0,"23":0,"24":0,"25":0,"26":0,"27":0,"28":0,"29":0,"30":0,"31":0,"32":0},"f":{"0":0,"1":0,"2":0,"3":0,"4":0,"5":0,"6":0,"7":0,"8":0},"b":{"0":[0],"1":[0],"2":[0,0],"3":[0,0],"4":[0,0]}}
,"/home/albertosanzdev/Projects/arunachala_web/frontend/src/utils/imageUtils.ts": {"path":"/home/albertosanzdev/Projects/arunachala_web/frontend/src/utils/imageUtils.ts","statementMap":{"0":{"start":{"line":8,"column":27},"end":{"line":12,"column":1}},"1":{"start":{"line":9,"column":4},"end":{"line":9,"column":24}},"2":{"start":{"line":9,"column":14},"end":{"line":9,"column":24}},"3":{"start":{"line":10,"column":4},"end":{"line":10,"column":43}},"4":{"start":{"line":10,"column":32},"end":{"line":10,"column":43}},"5":{"start":{"line":11,"column":4},"end":{"line":11,"column":35}}},"fnMap":{"0":{"name":"(anonymous_0)","decl":{"start":{"line":8,"column":27},"end":{"line":8,"column":28}},"loc":{"start":{"line":8,"column":71},"end":{"line":12,"column":1}},"line":8}},"branchMap":{"0":{"loc":{"start":{"line":9,"column":4},"end":{"line":9,"column":24}},"type":"if","locations":[{"start":{"line":9,"column":4},"end":{"line":9,"column":24}},{"start":{},"end":{}}],"line":9},"1":{"loc":{"start":{"line":10,"column":4},"end":{"line":10,"column":43}},"type":"if","locations":[{"start":{"line":10,"column":4},"end":{"line":10,"column":43}},{"start":{},"end":{}}],"line":10}},"s":{"0":0,"1":0,"2":0,"3":0,"4":0,"5":0},"f":{"0":0},"b":{"0":[0,0],"1":[0,0]}}
,"/home/albertosanzdev/Projects/arunachala_web/frontend/src/utils/translate.ts": {"path":"/home/albertosanzdev/Projects/arunachala_web/frontend/src/utils/translate.ts","statementMap":{"0":{"start":{"line":1,"column":29},"end":{"line":46,"column":1}},"1":{"start":{"line":2,"column":4},"end":{"line":2,"column":30}},"2":{"start":{"line":2,"column":14},"end":{"line":2,"column":30}},"3":{"start":{"line":5,"column":4},"end":{"line":5,"column":45}},"4":{"start":{"line":5,"column":15},"end":{"line":5,"column":45}},"5":{"start":{"line":8,"column":22},"end":{"line":8,"column":40}},"6":{"start":{"line":11,"column":23},"end":{"line":11,"column":39}},"7":{"start":{"line":12,"column":4},"end":{"line":18,"column":5}},"8":{"start":{"line":13,"column":8},"end":{"line":17,"column":9}},"9":{"start":{"line":14,"column":12},"end":{"line":14,"column":52}},"10":{"start":{"line":16,"column":12},"end":{"line":16,"column":32}},"11":{"start":{"line":20,"column":4},"end":{"line":42,"column":5}},"12":{"start":{"line":22,"column":8},"end":{"line":24,"column":9}},"13":{"start":{"line":23,"column":12},"end":{"line":23,"column":50}},"14":{"start":{"line":27,"column":50},"end":{"line":32,"column":9}},"15":{"start":{"line":35,"column":8},"end":{"line":41,"column":9}},"16":{"start":{"line":36,"column":12},"end":{"line":40,"column":13}},"17":{"start":{"line":37,"column":16},"end":{"line":39,"column":17}},"18":{"start":{"line":38,"column":20},"end":{"line":38,"column":58}},"19":{"start":{"line":45,"column":4},"end":{"line":45,"column":34}}},"fnMap":{"0":{"name":"(anonymous_0)","decl":{"start":{"line":1,"column":29},"end":{"line":1,"column":30}},"loc":{"start":{"line":1,"column":114},"end":{"line":46,"column":1}},"line":1}},"branchMap":{"0":{"loc":{"start":{"line":1,"column":88},"end":{"line":1,"column":109}},"type":"default-arg","locations":[{"start":{"line":1,"column":107},"end":{"line":1,"column":109}}],"line":1},"1":{"loc":{"start":{"line":2,"column":4},"end":{"line":2,"column":30}},"type":"if","locations":[{"start":{"line":2,"column":4},"end":{"line":2,"column":30}},{"start":{},"end":{}}],"line":2},"2":{"loc":{"start":{"line":5,"column":4},"end":{"line":5,"column":45}},"type":"if","locations":[{"start":{"line":5,"column":4},"end":{"line":5,"column":45}},{"start":{},"end":{}}],"line":5},"3":{"loc":{"start":{"line":5,"column":22},"end":{"line":5,"column":44}},"type":"binary-expr","locations":[{"start":{"line":5,"column":22},"end":{"line":5,"column":32}},{"start":{"line":5,"column":36},"end":{"line":5,"column":44}}],"line":5},"4":{"loc":{"start":{"line":12,"column":4},"end":{"line":18,"column":5}},"type":"if","locations":[{"start":{"line":12,"column":4},"end":{"line":18,"column":5}},{"start":{},"end":{}}],"line":12},"5":{"loc":{"start":{"line":20,"column":4},"end":{"line":42,"column":5}},"type":"if","locations":[{"start":{"line":20,"column":4},"end":{"line":42,"column":5}},{"start":{},"end":{}}],"line":20},"6":{"loc":{"start":{"line":20,"column":8},"end":{"line":20,"column":47}},"type":"binary-expr","locations":[{"start":{"line":20,"column":8},"end":{"line":20,"column":20}},{"start":{"line":20,"column":24},"end":{"line":20,"column":47}}],"line":20},"7":{"loc":{"start":{"line":22,"column":8},"end":{"line":24,"column":9}},"type":"if","locations":[{"start":{"line":22,"column":8},"end":{"line":24,"column":9}},{"start":{},"end":{}}],"line":22},"8":{"loc":{"start":{"line":35,"column":8},"end":{"line":41,"column":9}},"type":"if","locations":[{"start":{"line":35,"column":8},"end":{"line":41,"column":9}},{"start":{},"end":{}}],"line":35},"9":{"loc":{"start":{"line":37,"column":16},"end":{"line":39,"column":17}},"type":"if","locations":[{"start":{"line":37,"column":16},"end":{"line":39,"column":17}},{"start":{},"end":{}}],"line":37},"10":{"loc":{"start":{"line":45,"column":11},"end":{"line":45,"column":33}},"type":"binary-expr","locations":[{"start":{"line":45,"column":11},"end":{"line":45,"column":21}},{"start":{"line":45,"column":25},"end":{"line":45,"column":33}}],"line":45}},"s":{"0":0,"1":0,"2":0,"3":0,"4":0,"5":0,"6":0,"7":0,"8":0,"9":0,"10":0,"11":0,"12":0,"13":0,"14":0,"15":0,"16":0,"17":0,"18":0,"19":0},"f":{"0":0},"b":{"0":[0],"1":[0,0],"2":[0,0],"3":[0,0],"4":[0,0],"5":[0,0],"6":[0,0],"7":[0,0],"8":[0,0],"9":[0,0],"10":[0,0]}}
}
