TN:
SF:src/App.tsx
FN:13,(anonymous_0)
FN:14,(anonymous_1)
FN:15,(anonymous_2)
FN:16,(anonymous_3)
FN:17,(anonymous_4)
FN:18,(anonymous_5)
FN:19,(anonymous_6)
FN:20,(anonymous_7)
FN:21,(anonymous_8)
FN:22,(anonymous_9)
FN:23,(anonymous_10)
FN:26,(anonymous_11)
FN:27,(anonymous_12)
FN:28,(anonymous_13)
FN:29,(anonymous_14)
FN:30,(anonymous_15)
FN:31,(anonymous_16)
FN:32,(anonymous_17)
FN:33,(anonymous_18)
FN:34,(anonymous_19)
FN:35,(anonymous_20)
FN:36,(anonymous_21)
FN:37,(anonymous_22)
FN:38,(anonymous_23)
FN:39,(anonymous_24)
FN:40,(anonymous_25)
FN:41,(anonymous_26)
FN:42,(anonymous_27)
FN:43,(anonymous_28)
FN:44,(anonymous_29)
FN:45,(anonymous_30)
FN:50,(anonymous_31)
FN:116,App
FNF:33
FNH:0
FNDA:0,(anonymous_0)
FNDA:0,(anonymous_1)
FNDA:0,(anonymous_2)
FNDA:0,(anonymous_3)
FNDA:0,(anonymous_4)
FNDA:0,(anonymous_5)
FNDA:0,(anonymous_6)
FNDA:0,(anonymous_7)
FNDA:0,(anonymous_8)
FNDA:0,(anonymous_9)
FNDA:0,(anonymous_10)
FNDA:0,(anonymous_11)
FNDA:0,(anonymous_12)
FNDA:0,(anonymous_13)
FNDA:0,(anonymous_14)
FNDA:0,(anonymous_15)
FNDA:0,(anonymous_16)
FNDA:0,(anonymous_17)
FNDA:0,(anonymous_18)
FNDA:0,(anonymous_19)
FNDA:0,(anonymous_20)
FNDA:0,(anonymous_21)
FNDA:0,(anonymous_22)
FNDA:0,(anonymous_23)
FNDA:0,(anonymous_24)
FNDA:0,(anonymous_25)
FNDA:0,(anonymous_26)
FNDA:0,(anonymous_27)
FNDA:0,(anonymous_28)
FNDA:0,(anonymous_29)
FNDA:0,(anonymous_30)
FNDA:0,(anonymous_31)
FNDA:0,App
DA:13,0
DA:14,0
DA:15,0
DA:16,0
DA:17,0
DA:18,0
DA:19,0
DA:20,0
DA:21,0
DA:22,0
DA:23,0
DA:26,0
DA:27,0
DA:28,0
DA:29,0
DA:30,0
DA:31,0
DA:32,0
DA:33,0
DA:34,0
DA:35,0
DA:36,0
DA:37,0
DA:38,0
DA:39,0
DA:40,0
DA:41,0
DA:42,0
DA:43,0
DA:44,0
DA:45,0
DA:50,0
DA:51,0
DA:55,0
DA:61,0
DA:117,0
LF:36
LH:0
BRDA:55,0,0,0
BRDA:55,0,1,0
BRDA:55,0,2,0
BRDA:55,0,3,0
BRDA:55,0,4,0
BRDA:63,1,0,0
BRDA:63,1,1,0
BRF:7
BRH:0
end_of_record
TN:
SF:src/config.ts
FNF:0
FNH:0
DA:1,0
LF:1
LH:0
BRF:0
BRH:0
end_of_record
TN:
SF:src/i18n.ts
FNF:0
FNH:0
DA:9,0
LF:1
LH:0
BRF:0
BRH:0
end_of_record
TN:
SF:src/index.tsx
FNF:0
FNH:0
DA:9,0
DA:12,0
LF:2
LH:0
BRF:0
BRH:0
end_of_record
TN:
SF:src/original_config.ts
FNF:0
FNH:0
DA:4,0
LF:1
LH:0
BRDA:4,0,0,0
BRDA:4,0,1,0
BRF:2
BRH:0
end_of_record
TN:
SF:src/components/ArticleModal.tsx
FN:32,(anonymous_0)
FN:41,(anonymous_1)
FN:50,(anonymous_2)
FN:59,(anonymous_3)
FN:116,(anonymous_4)
FN:192,(anonymous_5)
FN:214,(anonymous_6)
FNF:7
FNH:0
FNDA:0,(anonymous_0)
FNDA:0,(anonymous_1)
FNDA:0,(anonymous_2)
FNDA:0,(anonymous_3)
FNDA:0,(anonymous_4)
FNDA:0,(anonymous_5)
FNDA:0,(anonymous_6)
DA:32,0
DA:33,0
DA:35,0
DA:37,0
DA:38,0
DA:39,0
DA:41,0
DA:42,0
DA:43,0
DA:50,0
DA:51,0
DA:56,0
DA:59,0
DA:60,0
DA:61,0
DA:68,0
DA:70,0
DA:73,0
DA:117,0
DA:118,0
DA:119,0
DA:120,0
DA:121,0
DA:122,0
DA:123,0
DA:124,0
DA:125,0
DA:126,0
DA:128,0
DA:130,0
DA:131,0
DA:134,0
DA:193,0
DA:194,0
DA:196,0
DA:197,0
DA:198,0
DA:204,0
DA:206,0
DA:207,0
DA:210,0
DA:212,0
DA:215,0
LF:43
LH:0
BRDA:35,0,0,0
BRDA:35,0,1,0
BRDA:56,1,0,0
BRDA:56,1,1,0
BRDA:60,2,0,0
BRDA:60,2,1,0
BRDA:111,3,0,0
BRDA:111,3,1,0
BRDA:111,4,0,0
BRDA:111,4,1,0
BRDA:111,4,2,0
BRDA:118,5,0,0
BRDA:118,5,1,0
BRDA:121,6,0,0
BRDA:121,6,1,0
BRDA:122,7,0,0
BRDA:122,7,1,0
BRDA:131,8,0,0
BRDA:131,8,1,0
BRDA:139,9,0,0
BRDA:139,9,1,0
BRDA:139,10,0,0
BRDA:139,10,1,0
BRDA:139,10,2,0
BRDA:141,11,0,0
BRDA:141,11,1,0
BRDA:141,12,0,0
BRDA:141,12,1,0
BRDA:141,12,2,0
BRDA:174,13,0,0
BRDA:174,13,1,0
BRDA:182,14,0,0
BRDA:182,14,1,0
BRDA:182,15,0,0
BRDA:182,15,1,0
BRDA:193,16,0,0
BRDA:193,16,1,0
BRDA:196,17,0,0
BRDA:196,17,1,0
BRDA:204,18,0,0
BRDA:204,18,1,0
BRDA:206,19,0,0
BRDA:206,19,1,0
BRDA:206,20,0,0
BRDA:206,20,1,0
BRDA:206,20,2,0
BRDA:210,21,0,0
BRDA:210,21,1,0
BRDA:210,22,0,0
BRDA:210,22,1,0
BRDA:232,23,0,0
BRDA:232,23,1,0
BRF:52
BRH:0
end_of_record
TN:
SF:src/components/BackButton.tsx
FN:11,(anonymous_0)
FN:16,(anonymous_1)
FNF:2
FNH:0
FNDA:0,(anonymous_0)
FNDA:0,(anonymous_1)
DA:11,0
DA:12,0
DA:14,0
DA:16,0
LF:4
LH:0
BRDA:11,0,0,0
BRDA:11,1,0,0
BRDA:11,2,0,0
BRF:3
BRH:0
end_of_record
TN:
SF:src/components/BlogSearch.tsx
FN:25,(anonymous_0)
FN:30,(anonymous_1)
FN:34,(anonymous_2)
FN:35,(anonymous_3)
FN:36,(anonymous_4)
FN:40,(anonymous_5)
FN:41,(anonymous_6)
FN:41,(anonymous_7)
FN:46,(anonymous_8)
FN:50,(anonymous_9)
FN:53,(anonymous_10)
FN:58,(anonymous_11)
FN:62,(anonymous_12)
FN:68,(anonymous_13)
FN:76,(anonymous_14)
FN:79,(anonymous_15)
FN:95,(anonymous_16)
FN:106,(anonymous_17)
FN:108,(anonymous_18)
FN:128,(anonymous_19)
FN:132,(anonymous_20)
FN:133,(anonymous_21)
FN:133,(anonymous_22)
FN:134,(anonymous_23)
FN:145,(anonymous_24)
FN:168,(anonymous_25)
FN:174,(anonymous_26)
FN:194,(anonymous_27)
FN:197,(anonymous_28)
FN:221,(anonymous_29)
FN:233,(anonymous_30)
FN:236,(anonymous_31)
FN:239,(anonymous_32)
FN:261,(anonymous_33)
FN:274,(anonymous_34)
FN:277,(anonymous_35)
FN:287,(anonymous_36)
FN:290,(anonymous_37)
FN:293,(anonymous_38)
FN:323,(anonymous_39)
FN:328,(anonymous_40)
FN:341,(anonymous_41)
FNF:42
FNH:0
FNDA:0,(anonymous_0)
FNDA:0,(anonymous_1)
FNDA:0,(anonymous_2)
FNDA:0,(anonymous_3)
FNDA:0,(anonymous_4)
FNDA:0,(anonymous_5)
FNDA:0,(anonymous_6)
FNDA:0,(anonymous_7)
FNDA:0,(anonymous_8)
FNDA:0,(anonymous_9)
FNDA:0,(anonymous_10)
FNDA:0,(anonymous_11)
FNDA:0,(anonymous_12)
FNDA:0,(anonymous_13)
FNDA:0,(anonymous_14)
FNDA:0,(anonymous_15)
FNDA:0,(anonymous_16)
FNDA:0,(anonymous_17)
FNDA:0,(anonymous_18)
FNDA:0,(anonymous_19)
FNDA:0,(anonymous_20)
FNDA:0,(anonymous_21)
FNDA:0,(anonymous_22)
FNDA:0,(anonymous_23)
FNDA:0,(anonymous_24)
FNDA:0,(anonymous_25)
FNDA:0,(anonymous_26)
FNDA:0,(anonymous_27)
FNDA:0,(anonymous_28)
FNDA:0,(anonymous_29)
FNDA:0,(anonymous_30)
FNDA:0,(anonymous_31)
FNDA:0,(anonymous_32)
FNDA:0,(anonymous_33)
FNDA:0,(anonymous_34)
FNDA:0,(anonymous_35)
FNDA:0,(anonymous_36)
FNDA:0,(anonymous_37)
FNDA:0,(anonymous_38)
FNDA:0,(anonymous_39)
FNDA:0,(anonymous_40)
FNDA:0,(anonymous_41)
DA:25,0
DA:26,0
DA:27,0
DA:28,0
DA:30,0
DA:32,0
DA:33,0
DA:34,0
DA:35,0
DA:36,0
DA:40,0
DA:41,0
DA:42,0
DA:46,0
DA:47,0
DA:49,0
DA:50,0
DA:51,0
DA:52,0
DA:54,0
DA:55,0
DA:58,0
DA:62,0
DA:63,0
DA:64,0
DA:68,0
DA:69,0
DA:70,0
DA:71,0
DA:72,0
DA:76,0
DA:77,0
DA:79,0
DA:80,0
DA:81,0
DA:83,0
DA:84,0
DA:86,0
DA:89,0
DA:93,0
DA:96,0
DA:97,0
DA:100,0
DA:106,0
DA:107,0
DA:108,0
DA:110,0
DA:114,0
DA:129,0
DA:130,0
DA:132,0
DA:133,0
DA:135,0
DA:136,0
DA:146,0
DA:147,0
DA:169,0
DA:170,0
DA:175,0
DA:176,0
DA:195,0
DA:197,0
DA:221,0
DA:234,0
DA:236,0
DA:240,0
DA:261,0
DA:274,0
DA:278,0
DA:288,0
DA:290,0
DA:294,0
DA:324,0
DA:325,0
DA:328,0
DA:341,0
LF:76
LH:0
BRDA:25,0,0,0
BRDA:32,1,0,0
BRDA:32,1,1,0
BRDA:34,2,0,0
BRDA:34,2,1,0
BRDA:47,3,0,0
BRDA:47,3,1,0
BRDA:52,4,0,0
BRDA:52,4,1,0
BRDA:63,5,0,0
BRDA:63,5,1,0
BRDA:63,6,0,0
BRDA:63,6,1,0
BRDA:69,7,0,0
BRDA:69,7,1,0
BRDA:80,8,0,0
BRDA:80,8,1,0
BRDA:80,9,0,0
BRDA:80,9,1,0
BRDA:80,9,2,0
BRDA:83,10,0,0
BRDA:83,10,1,0
BRDA:93,11,0,0
BRDA:93,11,1,0
BRDA:96,12,0,0
BRDA:96,12,1,0
BRDA:107,13,0,0
BRDA:107,13,1,0
BRDA:135,14,0,0
BRDA:135,14,1,0
BRDA:143,15,0,0
BRDA:143,15,1,0
BRDA:156,16,0,0
BRDA:156,16,1,0
BRDA:156,16,2,0
BRDA:156,16,3,0
BRDA:163,17,0,0
BRDA:163,17,1,0
BRDA:198,18,0,0
BRDA:198,18,1,0
BRDA:225,19,0,0
BRDA:225,19,1,0
BRDA:236,20,0,0
BRDA:236,20,1,0
BRDA:241,21,0,0
BRDA:241,21,1,0
BRDA:242,22,0,0
BRDA:242,22,1,0
BRDA:244,23,0,0
BRDA:244,23,1,0
BRDA:256,24,0,0
BRDA:256,24,1,0
BRDA:274,25,0,0
BRDA:274,25,1,0
BRDA:279,26,0,0
BRDA:279,26,1,0
BRDA:282,27,0,0
BRDA:282,27,1,0
BRDA:290,28,0,0
BRDA:290,28,1,0
BRDA:295,29,0,0
BRDA:295,29,1,0
BRDA:298,30,0,0
BRDA:298,30,1,0
BRDA:320,31,0,0
BRDA:320,31,1,0
BRDA:329,32,0,0
BRDA:329,32,1,0
BRDA:339,33,0,0
BRDA:339,33,1,0
BRF:70
BRH:0
end_of_record
TN:
SF:src/components/BlogSection.tsx
FN:33,(anonymous_0)
FN:50,(anonymous_1)
FN:68,(anonymous_2)
FN:73,(anonymous_3)
FN:86,(anonymous_4)
FN:95,(anonymous_5)
FN:152,(anonymous_6)
FN:159,(anonymous_7)
FN:169,(anonymous_8)
FN:227,(anonymous_9)
FN:251,(anonymous_10)
FN:266,(anonymous_11)
FNF:12
FNH:0
FNDA:0,(anonymous_0)
FNDA:0,(anonymous_1)
FNDA:0,(anonymous_2)
FNDA:0,(anonymous_3)
FNDA:0,(anonymous_4)
FNDA:0,(anonymous_5)
FNDA:0,(anonymous_6)
FNDA:0,(anonymous_7)
FNDA:0,(anonymous_8)
FNDA:0,(anonymous_9)
FNDA:0,(anonymous_10)
FNDA:0,(anonymous_11)
DA:33,0
DA:41,0
DA:42,0
DA:43,0
DA:44,0
DA:47,0
DA:48,0
DA:50,0
DA:51,0
DA:52,0
DA:53,0
DA:54,0
DA:56,0
DA:57,0
DA:58,0
DA:59,0
DA:62,0
DA:64,0
DA:68,0
DA:69,0
DA:73,0
DA:74,0
DA:75,0
DA:76,0
DA:77,0
DA:78,0
DA:79,0
DA:82,0
DA:86,0
DA:87,0
DA:88,0
DA:95,0
DA:96,0
DA:101,0
DA:104,0
DA:105,0
DA:116,0
DA:153,0
DA:159,0
DA:170,0
DA:171,0
DA:172,0
DA:173,0
DA:174,0
DA:175,0
DA:176,0
DA:177,0
DA:178,0
DA:179,0
DA:181,0
DA:183,0
DA:184,0
DA:187,0
DA:228,0
DA:251,0
DA:266,0
LF:56
LH:0
BRDA:35,0,0,0
BRDA:36,1,0,0
BRDA:53,2,0,0
BRDA:53,2,1,0
BRDA:57,3,0,0
BRDA:57,3,1,0
BRDA:76,4,0,0
BRDA:76,4,1,0
BRDA:101,5,0,0
BRDA:101,5,1,0
BRDA:104,6,0,0
BRDA:104,6,1,0
BRDA:127,7,0,0
BRDA:127,7,1,0
BRDA:129,8,0,0
BRDA:129,8,1,0
BRDA:142,9,0,0
BRDA:142,9,1,0
BRDA:164,10,0,0
BRDA:164,10,1,0
BRDA:164,11,0,0
BRDA:164,11,1,0
BRDA:164,11,2,0
BRDA:171,12,0,0
BRDA:171,12,1,0
BRDA:174,13,0,0
BRDA:174,13,1,0
BRDA:175,14,0,0
BRDA:175,14,1,0
BRDA:184,15,0,0
BRDA:184,15,1,0
BRDA:192,16,0,0
BRDA:192,16,1,0
BRDA:192,17,0,0
BRDA:192,17,1,0
BRDA:192,17,2,0
BRDA:194,18,0,0
BRDA:194,18,1,0
BRDA:194,19,0,0
BRDA:194,19,1,0
BRDA:194,19,2,0
BRDA:225,20,0,0
BRDA:225,20,1,0
BRDA:225,20,2,0
BRDA:243,21,0,0
BRDA:243,21,1,0
BRDA:243,21,2,0
BRDA:251,22,0,0
BRDA:251,22,1,0
BRDA:251,23,0,0
BRDA:251,23,1,0
BRF:51
BRH:0
end_of_record
TN:
SF:src/components/ChatBot.tsx
FN:22,(anonymous_0)
FN:37,(anonymous_1)
FN:38,(anonymous_2)
FN:56,(anonymous_3)
FN:60,(anonymous_4)
FN:61,(anonymous_5)
FN:75,(anonymous_6)
FN:79,(anonymous_7)
FN:85,(anonymous_8)
FN:98,(anonymous_9)
FN:111,(anonymous_10)
FN:114,(anonymous_11)
FN:157,(anonymous_12)
FN:157,(anonymous_13)
FN:162,(anonymous_14)
FN:162,(anonymous_15)
FN:174,(anonymous_16)
FN:174,(anonymous_17)
FN:194,(anonymous_18)
FN:194,(anonymous_19)
FN:200,(anonymous_20)
FN:200,(anonymous_21)
FN:206,(anonymous_22)
FN:206,(anonymous_23)
FN:226,(anonymous_24)
FN:269,(anonymous_25)
FN:278,(anonymous_26)
FN:318,(anonymous_27)
FNF:28
FNH:0
FNDA:0,(anonymous_0)
FNDA:0,(anonymous_1)
FNDA:0,(anonymous_2)
FNDA:0,(anonymous_3)
FNDA:0,(anonymous_4)
FNDA:0,(anonymous_5)
FNDA:0,(anonymous_6)
FNDA:0,(anonymous_7)
FNDA:0,(anonymous_8)
FNDA:0,(anonymous_9)
FNDA:0,(anonymous_10)
FNDA:0,(anonymous_11)
FNDA:0,(anonymous_12)
FNDA:0,(anonymous_13)
FNDA:0,(anonymous_14)
FNDA:0,(anonymous_15)
FNDA:0,(anonymous_16)
FNDA:0,(anonymous_17)
FNDA:0,(anonymous_18)
FNDA:0,(anonymous_19)
FNDA:0,(anonymous_20)
FNDA:0,(anonymous_21)
FNDA:0,(anonymous_22)
FNDA:0,(anonymous_23)
FNDA:0,(anonymous_24)
FNDA:0,(anonymous_25)
FNDA:0,(anonymous_26)
FNDA:0,(anonymous_27)
DA:22,0
DA:23,0
DA:24,0
DA:25,0
DA:28,0
DA:37,0
DA:38,0
DA:39,0
DA:40,0
DA:42,0
DA:43,0
DA:44,0
DA:45,0
DA:48,0
DA:51,0
DA:52,0
DA:53,0
DA:54,0
DA:56,0
DA:57,0
DA:60,0
DA:61,0
DA:62,0
DA:63,0
DA:64,0
DA:65,0
DA:66,0
DA:69,0
DA:72,0
DA:75,0
DA:76,0
DA:79,0
DA:80,0
DA:81,0
DA:85,0
DA:86,0
DA:87,0
DA:89,0
DA:90,0
DA:98,0
DA:99,0
DA:100,0
DA:102,0
DA:103,0
DA:111,0
DA:113,0
DA:114,0
DA:118,0
DA:120,0
DA:122,0
DA:132,0
DA:134,0
DA:135,0
DA:137,0
DA:138,0
DA:140,0
DA:141,0
DA:142,0
DA:144,0
DA:145,0
DA:147,0
DA:148,0
DA:149,0
DA:150,0
DA:152,0
DA:153,0
DA:154,0
DA:155,0
DA:156,0
DA:157,0
DA:158,0
DA:161,0
DA:162,0
DA:163,0
DA:166,0
DA:168,0
DA:174,0
DA:175,0
DA:179,0
DA:181,0
DA:183,0
DA:188,0
DA:190,0
DA:191,0
DA:192,0
DA:193,0
DA:194,0
DA:195,0
DA:200,0
DA:201,0
DA:205,0
DA:206,0
DA:207,0
DA:211,0
DA:215,0
DA:217,0
DA:226,0
DA:269,0
DA:279,0
DA:318,0
LF:100
LH:0
BRDA:39,0,0,0
BRDA:39,0,1,0
BRDA:39,1,0,0
BRDA:39,1,1,0
BRDA:42,2,0,0
BRDA:42,2,1,0
BRDA:64,3,0,0
BRDA:64,3,1,0
BRDA:66,4,0,0
BRDA:66,4,1,0
BRDA:80,5,0,0
BRDA:80,5,1,0
BRDA:80,6,0,0
BRDA:80,6,1,0
BRDA:87,7,0,0
BRDA:87,7,1,0
BRDA:115,8,0,0
BRDA:115,8,1,0
BRDA:115,9,0,0
BRDA:115,9,1,0
BRDA:132,10,0,0
BRDA:132,10,1,0
BRDA:135,11,0,0
BRDA:135,11,1,0
BRDA:142,12,0,0
BRDA:142,12,1,0
BRDA:148,13,0,0
BRDA:148,13,1,0
BRDA:150,14,0,0
BRDA:150,14,1,0
BRDA:154,15,0,0
BRDA:154,15,1,0
BRDA:158,16,0,0
BRDA:158,16,1,0
BRDA:161,17,0,0
BRDA:161,17,1,0
BRDA:163,18,0,0
BRDA:163,18,1,0
BRDA:166,19,0,0
BRDA:166,19,1,0
BRDA:175,20,0,0
BRDA:175,20,1,0
BRDA:191,21,0,0
BRDA:191,21,1,0
BRDA:195,22,0,0
BRDA:195,22,1,0
BRDA:201,23,0,0
BRDA:201,23,1,0
BRDA:201,24,0,0
BRDA:201,24,1,0
BRDA:207,25,0,0
BRDA:207,25,1,0
BRDA:215,26,0,0
BRDA:215,26,1,0
BRDA:220,27,0,0
BRDA:220,27,1,0
BRDA:240,28,0,0
BRDA:240,28,1,0
BRDA:283,29,0,0
BRDA:283,29,1,0
BRDA:286,30,0,0
BRDA:286,30,1,0
BRDA:292,31,0,0
BRDA:292,31,1,0
BRDA:294,32,0,0
BRDA:294,32,1,0
BRDA:299,33,0,0
BRDA:299,33,1,0
BRDA:299,33,2,0
BRDA:324,34,0,0
BRDA:324,34,1,0
BRF:71
BRH:0
end_of_record
TN:
SF:src/components/ConfirmModal.tsx
FN:16,ConfirmModal
FN:77,(anonymous_1)
FNF:2
FNH:0
FNDA:0,ConfirmModal
FNDA:0,(anonymous_1)
DA:26,0
DA:28,0
DA:78,0
DA:79,0
LF:4
LH:0
BRDA:20,0,0,0
BRDA:21,1,0,0
BRDA:22,2,0,0
BRDA:23,3,0,0
BRDA:24,4,0,0
BRDA:56,5,0,0
BRDA:56,5,1,0
BRDA:57,6,0,0
BRDA:57,6,1,0
BRDA:73,7,0,0
BRDA:73,7,1,0
BRF:11
BRH:0
end_of_record
TN:
SF:src/components/CropModal.tsx
FN:15,CropModal
FN:21,(anonymous_1)
FN:25,(anonymous_2)
FN:106,(anonymous_3)
FN:112,(anonymous_4)
FN:118,(anonymous_5)
FN:124,(anonymous_6)
FN:140,(anonymous_7)
FNF:8
FNH:0
FNDA:0,CropModal
FNDA:0,(anonymous_1)
FNDA:0,(anonymous_2)
FNDA:0,(anonymous_3)
FNDA:0,(anonymous_4)
FNDA:0,(anonymous_5)
FNDA:0,(anonymous_6)
FNDA:0,(anonymous_7)
DA:16,0
DA:17,0
DA:18,0
DA:19,0
DA:21,0
DA:22,0
DA:25,0
DA:26,0
DA:27,0
DA:28,0
DA:29,0
DA:32,0
DA:36,0
DA:106,0
DA:112,0
DA:118,0
DA:124,0
DA:140,0
LF:18
LH:0
BRDA:28,0,0,0
BRDA:28,0,1,0
BRDA:107,1,0,0
BRDA:107,1,1,0
BRDA:113,2,0,0
BRDA:113,2,1,0
BRDA:119,3,0,0
BRDA:119,3,1,0
BRDA:125,4,0,0
BRDA:125,4,1,0
BRF:10
BRH:0
end_of_record
TN:
SF:src/components/FadeInSection.tsx
FN:10,(anonymous_0)
FNF:1
FNH:0
FNDA:0,(anonymous_0)
DA:10,0
DA:11,0
DA:12,0
DA:14,0
LF:4
LH:0
BRDA:10,0,0,0
BRDA:10,1,0,0
BRDA:18,2,0,0
BRDA:18,2,1,0
BRF:4
BRH:0
end_of_record
TN:
SF:src/components/Footer.tsx
FN:6,(anonymous_0)
FN:12,(anonymous_1)
FN:18,(anonymous_2)
FN:25,(anonymous_3)
FN:60,(anonymous_4)
FN:61,(anonymous_5)
FN:62,(anonymous_6)
FN:63,(anonymous_7)
FN:71,(anonymous_8)
FN:72,(anonymous_9)
FNF:10
FNH:0
FNDA:0,(anonymous_0)
FNDA:0,(anonymous_1)
FNDA:0,(anonymous_2)
FNDA:0,(anonymous_3)
FNDA:0,(anonymous_4)
FNDA:0,(anonymous_5)
FNDA:0,(anonymous_6)
FNDA:0,(anonymous_7)
FNDA:0,(anonymous_8)
FNDA:0,(anonymous_9)
DA:6,0
DA:7,0
DA:12,0
DA:13,0
DA:18,0
DA:19,0
DA:25,0
DA:26,0
DA:28,0
DA:60,0
DA:61,0
DA:62,0
DA:63,0
DA:71,0
DA:72,0
LF:15
LH:0
BRF:0
BRH:0
end_of_record
TN:
SF:src/components/Header.tsx
FN:16,(anonymous_0)
FN:39,(anonymous_1)
FN:44,(anonymous_2)
FN:49,(anonymous_3)
FN:64,(anonymous_4)
FN:89,(anonymous_5)
FN:98,(anonymous_6)
FN:105,(anonymous_7)
FN:127,(anonymous_8)
FN:128,(anonymous_9)
FN:132,(anonymous_10)
FN:151,(anonymous_11)
FN:152,(anonymous_12)
FN:165,(anonymous_13)
FN:173,(anonymous_14)
FN:185,(anonymous_15)
FN:196,(anonymous_16)
FN:208,(anonymous_17)
FN:213,(anonymous_18)
FN:231,(anonymous_19)
FN:250,(anonymous_20)
FN:251,(anonymous_21)
FN:252,(anonymous_22)
FN:253,(anonymous_23)
FN:254,(anonymous_24)
FN:255,(anonymous_25)
FNF:26
FNH:0
FNDA:0,(anonymous_0)
FNDA:0,(anonymous_1)
FNDA:0,(anonymous_2)
FNDA:0,(anonymous_3)
FNDA:0,(anonymous_4)
FNDA:0,(anonymous_5)
FNDA:0,(anonymous_6)
FNDA:0,(anonymous_7)
FNDA:0,(anonymous_8)
FNDA:0,(anonymous_9)
FNDA:0,(anonymous_10)
FNDA:0,(anonymous_11)
FNDA:0,(anonymous_12)
FNDA:0,(anonymous_13)
FNDA:0,(anonymous_14)
FNDA:0,(anonymous_15)
FNDA:0,(anonymous_16)
FNDA:0,(anonymous_17)
FNDA:0,(anonymous_18)
FNDA:0,(anonymous_19)
FNDA:0,(anonymous_20)
FNDA:0,(anonymous_21)
FNDA:0,(anonymous_22)
FNDA:0,(anonymous_23)
FNDA:0,(anonymous_24)
FNDA:0,(anonymous_25)
DA:10,0
DA:16,0
DA:17,0
DA:18,0
DA:19,0
DA:20,0
DA:21,0
DA:37,0
DA:39,0
DA:40,0
DA:41,0
DA:44,0
DA:45,0
DA:46,0
DA:49,0
DA:50,0
DA:53,0
DA:54,0
DA:57,0
DA:60,0
DA:64,0
DA:89,0
DA:98,0
DA:105,0
DA:127,0
DA:128,0
DA:132,0
DA:151,0
DA:152,0
DA:165,0
DA:173,0
DA:185,0
DA:196,0
DA:209,0
DA:210,0
DA:213,0
DA:231,0
DA:250,0
DA:251,0
DA:252,0
DA:253,0
DA:254,0
DA:255,0
LF:43
LH:0
BRDA:54,0,0,0
BRDA:54,0,1,0
BRDA:57,1,0,0
BRDA:57,1,1,0
BRDA:76,2,0,0
BRDA:76,2,1,0
BRDA:98,3,0,0
BRDA:98,3,1,0
BRDA:101,4,0,0
BRDA:101,4,1,0
BRDA:126,5,0,0
BRDA:126,5,1,0
BRDA:135,6,0,0
BRDA:135,6,1,0
BRDA:139,7,0,0
BRDA:139,7,1,0
BRDA:150,8,0,0
BRDA:150,8,1,0
BRDA:185,9,0,0
BRDA:185,9,1,0
BRDA:188,10,0,0
BRDA:188,10,1,0
BRDA:214,11,0,0
BRDA:214,11,1,0
BRDA:217,12,0,0
BRDA:217,12,1,0
BRDA:235,13,0,0
BRDA:235,13,1,0
BRDA:236,14,0,0
BRDA:236,14,1,0
BRDA:247,15,0,0
BRDA:247,15,1,0
BRF:32
BRH:0
end_of_record
TN:
SF:src/components/ImageSlider.tsx
FN:10,(anonymous_0)
FN:13,(anonymous_1)
FN:14,(anonymous_2)
FN:17,(anonymous_3)
FN:22,(anonymous_4)
FN:28,(anonymous_5)
FN:34,(anonymous_6)
FN:40,(anonymous_7)
FN:86,(anonymous_8)
FN:89,(anonymous_9)
FNF:10
FNH:0
FNDA:0,(anonymous_0)
FNDA:0,(anonymous_1)
FNDA:0,(anonymous_2)
FNDA:0,(anonymous_3)
FNDA:0,(anonymous_4)
FNDA:0,(anonymous_5)
FNDA:0,(anonymous_6)
FNDA:0,(anonymous_7)
FNDA:0,(anonymous_8)
FNDA:0,(anonymous_9)
DA:10,0
DA:11,0
DA:13,0
DA:14,0
DA:15,0
DA:17,0
DA:22,0
DA:23,0
DA:24,0
DA:28,0
DA:29,0
DA:30,0
DA:31,0
DA:34,0
DA:35,0
DA:36,0
DA:37,0
DA:40,0
DA:41,0
DA:44,0
DA:87,0
DA:89,0
LF:22
LH:0
BRDA:10,0,0,0
BRDA:23,1,0,0
BRDA:23,1,1,0
BRDA:30,2,0,0
BRDA:30,2,1,0
BRDA:36,3,0,0
BRDA:36,3,1,0
BRDA:56,4,0,0
BRDA:56,4,1,0
BRDA:90,5,0,0
BRDA:90,5,1,0
BRF:11
BRH:0
end_of_record
TN:
SF:src/components/InstagramFeed.tsx
FN:17,(anonymous_0)
FN:22,(anonymous_1)
FN:23,(anonymous_2)
FN:61,(anonymous_3)
FNF:4
FNH:0
FNDA:0,(anonymous_0)
FNDA:0,(anonymous_1)
FNDA:0,(anonymous_2)
FNDA:0,(anonymous_3)
DA:17,0
DA:18,0
DA:19,0
DA:20,0
DA:22,0
DA:23,0
DA:24,0
DA:25,0
DA:26,0
DA:27,0
DA:29,0
DA:31,0
DA:32,0
DA:34,0
DA:35,0
DA:37,0
DA:41,0
DA:42,0
DA:46,0
DA:47,0
DA:54,0
DA:56,0
DA:59,0
DA:62,0
LF:24
LH:0
BRDA:26,0,0,0
BRDA:26,0,1,0
BRDA:31,1,0,0
BRDA:31,1,1,0
BRDA:31,2,0,0
BRDA:31,2,1,0
BRDA:41,3,0,0
BRDA:41,3,1,0
BRDA:46,4,0,0
BRDA:46,4,1,0
BRDA:54,5,0,0
BRDA:54,5,1,0
BRDA:54,6,0,0
BRDA:54,6,1,0
BRDA:76,7,0,0
BRDA:76,7,1,0
BRDA:76,8,0,0
BRDA:76,8,1,0
BRDA:77,9,0,0
BRDA:77,9,1,0
BRF:20
BRH:0
end_of_record
TN:
SF:src/components/MeditationPlayerModal.tsx
FN:11,(anonymous_0)
FN:39,(anonymous_1)
FN:46,(anonymous_2)
FN:53,(anonymous_3)
FN:57,(anonymous_4)
FN:98,(anonymous_5)
FN:111,(anonymous_6)
FN:170,(anonymous_7)
FN:193,(anonymous_8)
FNF:9
FNH:0
FNDA:0,(anonymous_0)
FNDA:0,(anonymous_1)
FNDA:0,(anonymous_2)
FNDA:0,(anonymous_3)
FNDA:0,(anonymous_4)
FNDA:0,(anonymous_5)
FNDA:0,(anonymous_6)
FNDA:0,(anonymous_7)
FNDA:0,(anonymous_8)
DA:11,0
DA:12,0
DA:32,0
DA:34,0
DA:35,0
DA:36,0
DA:37,0
DA:39,0
DA:40,0
DA:41,0
DA:42,0
DA:46,0
DA:47,0
DA:48,0
DA:49,0
DA:50,0
DA:53,0
DA:54,0
DA:57,0
DA:58,0
DA:59,0
DA:62,0
DA:64,0
DA:99,0
DA:100,0
DA:101,0
DA:103,0
DA:112,0
DA:113,0
DA:114,0
DA:115,0
DA:116,0
DA:117,0
DA:118,0
DA:119,0
DA:120,0
DA:121,0
DA:123,0
DA:125,0
DA:126,0
DA:127,0
DA:170,0
DA:193,0
LF:43
LH:0
BRDA:41,0,0,0
BRDA:41,0,1,0
BRDA:41,1,0,0
BRDA:41,1,1,0
BRDA:47,2,0,0
BRDA:47,2,1,0
BRDA:50,3,0,0
BRDA:50,3,1,0
BRDA:58,4,0,0
BRDA:58,4,1,0
BRDA:62,5,0,0
BRDA:62,5,1,0
BRDA:101,6,0,0
BRDA:101,6,1,0
BRDA:106,7,0,0
BRDA:106,7,1,0
BRDA:108,8,0,0
BRDA:108,8,1,0
BRDA:113,9,0,0
BRDA:113,9,1,0
BRDA:116,10,0,0
BRDA:116,10,1,0
BRDA:117,11,0,0
BRDA:117,11,1,0
BRDA:152,12,0,0
BRDA:152,12,1,0
BRDA:193,13,0,0
BRDA:193,13,1,0
BRDA:196,14,0,0
BRDA:196,14,1,0
BRF:30
BRH:0
end_of_record
TN:
SF:src/components/MeditationSearch.tsx
FN:34,(anonymous_0)
FN:39,(anonymous_1)
FN:42,(anonymous_2)
FN:43,(anonymous_3)
FN:44,(anonymous_4)
FN:51,(anonymous_5)
FN:54,(anonymous_6)
FN:55,(anonymous_7)
FN:57,(anonymous_8)
FN:58,(anonymous_9)
FN:64,(anonymous_10)
FN:68,(anonymous_11)
FN:71,(anonymous_12)
FN:76,(anonymous_13)
FN:80,(anonymous_14)
FN:87,(anonymous_15)
FN:95,(anonymous_16)
FN:99,(anonymous_17)
FN:119,(anonymous_18)
FN:125,(anonymous_19)
FN:127,(anonymous_20)
FN:144,(anonymous_21)
FN:148,(anonymous_22)
FN:149,(anonymous_23)
FN:149,(anonymous_24)
FN:150,(anonymous_25)
FN:161,(anonymous_26)
FN:184,(anonymous_27)
FN:191,(anonymous_28)
FN:220,(anonymous_29)
FN:232,(anonymous_30)
FN:235,(anonymous_31)
FN:238,(anonymous_32)
FN:260,(anonymous_33)
FN:273,(anonymous_34)
FN:276,(anonymous_35)
FN:286,(anonymous_36)
FN:289,(anonymous_37)
FN:292,(anonymous_38)
FN:321,(anonymous_39)
FN:326,(anonymous_40)
FN:339,(anonymous_41)
FNF:42
FNH:0
FNDA:0,(anonymous_0)
FNDA:0,(anonymous_1)
FNDA:0,(anonymous_2)
FNDA:0,(anonymous_3)
FNDA:0,(anonymous_4)
FNDA:0,(anonymous_5)
FNDA:0,(anonymous_6)
FNDA:0,(anonymous_7)
FNDA:0,(anonymous_8)
FNDA:0,(anonymous_9)
FNDA:0,(anonymous_10)
FNDA:0,(anonymous_11)
FNDA:0,(anonymous_12)
FNDA:0,(anonymous_13)
FNDA:0,(anonymous_14)
FNDA:0,(anonymous_15)
FNDA:0,(anonymous_16)
FNDA:0,(anonymous_17)
FNDA:0,(anonymous_18)
FNDA:0,(anonymous_19)
FNDA:0,(anonymous_20)
FNDA:0,(anonymous_21)
FNDA:0,(anonymous_22)
FNDA:0,(anonymous_23)
FNDA:0,(anonymous_24)
FNDA:0,(anonymous_25)
FNDA:0,(anonymous_26)
FNDA:0,(anonymous_27)
FNDA:0,(anonymous_28)
FNDA:0,(anonymous_29)
FNDA:0,(anonymous_30)
FNDA:0,(anonymous_31)
FNDA:0,(anonymous_32)
FNDA:0,(anonymous_33)
FNDA:0,(anonymous_34)
FNDA:0,(anonymous_35)
FNDA:0,(anonymous_36)
FNDA:0,(anonymous_37)
FNDA:0,(anonymous_38)
FNDA:0,(anonymous_39)
FNDA:0,(anonymous_40)
FNDA:0,(anonymous_41)
DA:34,0
DA:35,0
DA:36,0
DA:37,0
DA:39,0
DA:41,0
DA:42,0
DA:43,0
DA:44,0
DA:51,0
DA:53,0
DA:54,0
DA:55,0
DA:57,0
DA:58,0
DA:60,0
DA:64,0
DA:65,0
DA:67,0
DA:68,0
DA:69,0
DA:70,0
DA:72,0
DA:73,0
DA:76,0
DA:80,0
DA:81,0
DA:82,0
DA:87,0
DA:88,0
DA:89,0
DA:90,0
DA:91,0
DA:95,0
DA:96,0
DA:99,0
DA:101,0
DA:102,0
DA:107,0
DA:108,0
DA:110,0
DA:113,0
DA:117,0
DA:120,0
DA:121,0
DA:122,0
DA:125,0
DA:126,0
DA:127,0
DA:129,0
DA:133,0
DA:145,0
DA:146,0
DA:148,0
DA:149,0
DA:151,0
DA:152,0
DA:162,0
DA:163,0
DA:185,0
DA:186,0
DA:187,0
DA:192,0
DA:193,0
DA:220,0
DA:233,0
DA:235,0
DA:239,0
DA:260,0
DA:273,0
DA:277,0
DA:287,0
DA:289,0
DA:293,0
DA:322,0
DA:323,0
DA:326,0
DA:339,0
LF:78
LH:0
BRDA:42,0,0,0
BRDA:42,0,1,0
BRDA:65,1,0,0
BRDA:65,1,1,0
BRDA:70,2,0,0
BRDA:70,2,1,0
BRDA:81,3,0,0
BRDA:81,3,1,0
BRDA:81,4,0,0
BRDA:81,4,1,0
BRDA:88,5,0,0
BRDA:88,5,1,0
BRDA:101,6,0,0
BRDA:101,6,1,0
BRDA:101,7,0,0
BRDA:101,7,1,0
BRDA:101,7,2,0
BRDA:107,8,0,0
BRDA:107,8,1,0
BRDA:117,9,0,0
BRDA:117,9,1,0
BRDA:121,10,0,0
BRDA:121,10,1,0
BRDA:126,11,0,0
BRDA:126,11,1,0
BRDA:151,12,0,0
BRDA:151,12,1,0
BRDA:159,13,0,0
BRDA:159,13,1,0
BRDA:172,14,0,0
BRDA:172,14,1,0
BRDA:172,14,2,0
BRDA:172,14,3,0
BRDA:179,15,0,0
BRDA:179,15,1,0
BRDA:186,16,0,0
BRDA:186,16,1,0
BRDA:224,17,0,0
BRDA:224,17,1,0
BRDA:235,18,0,0
BRDA:235,18,1,0
BRDA:240,19,0,0
BRDA:240,19,1,0
BRDA:241,20,0,0
BRDA:241,20,1,0
BRDA:243,21,0,0
BRDA:243,21,1,0
BRDA:255,22,0,0
BRDA:255,22,1,0
BRDA:273,23,0,0
BRDA:273,23,1,0
BRDA:278,24,0,0
BRDA:278,24,1,0
BRDA:281,25,0,0
BRDA:281,25,1,0
BRDA:289,26,0,0
BRDA:289,26,1,0
BRDA:294,27,0,0
BRDA:294,27,1,0
BRDA:297,28,0,0
BRDA:297,28,1,0
BRDA:318,29,0,0
BRDA:318,29,1,0
BRDA:327,30,0,0
BRDA:327,30,1,0
BRDA:337,31,0,0
BRDA:337,31,1,0
BRF:67
BRH:0
end_of_record
TN:
SF:src/components/PageLoader.tsx
FN:5,(anonymous_0)
FNF:1
FNH:0
FNDA:0,(anonymous_0)
DA:5,0
DA:6,0
DA:8,0
LF:3
LH:0
BRF:0
BRH:0
end_of_record
TN:
SF:src/components/ProtectedRoute.tsx
FN:6,ProtectedRoute
FNF:1
FNH:0
FNDA:0,ProtectedRoute
DA:7,0
DA:8,0
DA:10,0
DA:11,0
DA:14,0
DA:16,0
DA:19,0
LF:7
LH:0
BRDA:10,0,0,0
BRDA:10,0,1,0
BRDA:14,1,0,0
BRDA:14,1,1,0
BRF:4
BRH:0
end_of_record
TN:
SF:src/components/ReviewsSection.tsx
FN:37,(anonymous_0)
FN:44,(anonymous_1)
FN:45,(anonymous_2)
FN:77,(anonymous_3)
FN:86,(anonymous_4)
FN:89,(anonymous_5)
FNF:6
FNH:0
FNDA:0,(anonymous_0)
FNDA:0,(anonymous_1)
FNDA:0,(anonymous_2)
FNDA:0,(anonymous_3)
FNDA:0,(anonymous_4)
FNDA:0,(anonymous_5)
DA:13,0
DA:37,0
DA:38,0
DA:39,0
DA:40,0
DA:42,0
DA:44,0
DA:45,0
DA:46,0
DA:48,0
DA:50,0
DA:51,0
DA:52,0
DA:53,0
DA:54,0
DA:55,0
DA:56,0
DA:57,0
DA:62,0
DA:66,0
DA:69,0
DA:78,0
DA:87,0
DA:90,0
LF:24
LH:0
BRDA:50,0,0,0
BRDA:50,0,1,0
BRDA:52,1,0,0
BRDA:52,1,1,0
BRDA:52,2,0,0
BRDA:52,2,1,0
BRDA:54,3,0,0
BRDA:54,3,1,0
BRDA:55,4,0,0
BRDA:55,4,1,0
BRDA:56,5,0,0
BRDA:56,5,1,0
BRF:12
BRH:0
end_of_record
TN:
SF:src/components/RichTextEditor.tsx
FN:17,(anonymous_0)
FNF:1
FNH:0
FNDA:0,(anonymous_0)
DA:8,0
DA:17,0
DA:18,0
DA:34,0
DA:44,0
LF:5
LH:0
BRDA:45,0,0,0
BRDA:45,0,1,0
BRF:2
BRH:0
end_of_record
TN:
SF:src/components/TagSelector.tsx
FN:14,(anonymous_0)
FN:18,(anonymous_1)
FN:22,(anonymous_2)
FN:26,(anonymous_3)
FN:27,(anonymous_4)
FN:33,(anonymous_5)
FN:37,(anonymous_6)
FN:45,(anonymous_7)
FN:54,(anonymous_8)
FN:68,(anonymous_9)
FN:76,(anonymous_10)
FN:77,(anonymous_11)
FN:81,(anonymous_12)
FN:97,(anonymous_13)
FN:97,(anonymous_14)
FN:109,(anonymous_15)
FN:114,(anonymous_16)
FN:124,(anonymous_17)
FN:134,(anonymous_18)
FN:138,(anonymous_19)
FN:147,(anonymous_20)
FN:150,(anonymous_21)
FN:158,(anonymous_22)
FN:162,(anonymous_23)
FN:166,(anonymous_24)
FN:186,(anonymous_25)
FN:187,(anonymous_26)
FN:192,(anonymous_27)
FNF:28
FNH:0
FNDA:0,(anonymous_0)
FNDA:0,(anonymous_1)
FNDA:0,(anonymous_2)
FNDA:0,(anonymous_3)
FNDA:0,(anonymous_4)
FNDA:0,(anonymous_5)
FNDA:0,(anonymous_6)
FNDA:0,(anonymous_7)
FNDA:0,(anonymous_8)
FNDA:0,(anonymous_9)
FNDA:0,(anonymous_10)
FNDA:0,(anonymous_11)
FNDA:0,(anonymous_12)
FNDA:0,(anonymous_13)
FNDA:0,(anonymous_14)
FNDA:0,(anonymous_15)
FNDA:0,(anonymous_16)
FNDA:0,(anonymous_17)
FNDA:0,(anonymous_18)
FNDA:0,(anonymous_19)
FNDA:0,(anonymous_20)
FNDA:0,(anonymous_21)
FNDA:0,(anonymous_22)
FNDA:0,(anonymous_23)
FNDA:0,(anonymous_24)
FNDA:0,(anonymous_25)
FNDA:0,(anonymous_26)
FNDA:0,(anonymous_27)
DA:14,0
DA:15,0
DA:16,0
DA:18,0
DA:20,0
DA:21,0
DA:23,0
DA:24,0
DA:26,0
DA:27,0
DA:31,0
DA:34,0
DA:37,0
DA:38,0
DA:39,0
DA:42,0
DA:45,0
DA:46,0
DA:50,0
DA:54,0
DA:55,0
DA:56,0
DA:57,0
DA:66,0
DA:67,0
DA:68,0
DA:71,0
DA:76,0
DA:77,0
DA:78,0
DA:81,0
DA:83,0
DA:84,0
DA:85,0
DA:86,0
DA:93,0
DA:94,0
DA:95,0
DA:97,0
DA:101,0
DA:106,0
DA:110,0
DA:114,0
DA:125,0
DA:126,0
DA:127,0
DA:128,0
DA:134,0
DA:139,0
DA:140,0
DA:141,0
DA:147,0
DA:151,0
DA:159,0
DA:163,0
DA:167,0
DA:187,0
DA:188,0
DA:192,0
LF:59
LH:0
BRDA:20,0,0,0
BRDA:20,0,1,0
BRDA:23,1,0,0
BRDA:23,1,1,0
BRDA:31,2,0,0
BRDA:31,2,1,0
BRDA:39,3,0,0
BRDA:39,3,1,0
BRDA:45,4,0,0
BRDA:45,4,1,0
BRDA:54,5,0,0
BRDA:54,5,1,0
BRDA:66,6,0,0
BRDA:66,6,1,0
BRDA:83,7,0,0
BRDA:83,7,1,0
BRDA:93,8,0,0
BRDA:93,8,1,0
BRDA:95,9,0,0
BRDA:95,9,1,0
BRDA:125,10,0,0
BRDA:125,10,1,0
BRDA:127,11,0,0
BRDA:127,11,1,0
BRDA:139,12,0,0
BRDA:139,12,1,0
BRDA:147,13,0,0
BRDA:147,13,1,0
BRDA:147,13,2,0
BRDA:151,14,0,0
BRDA:151,14,1,0
BRDA:163,15,0,0
BRDA:163,15,1,0
BRDA:168,16,0,0
BRDA:168,16,1,0
BRDA:183,17,0,0
BRDA:183,17,1,0
BRDA:192,18,0,0
BRDA:192,18,1,0
BRDA:194,19,0,0
BRDA:194,19,1,0
BRF:41
BRH:0
end_of_record
TN:
SF:src/components/ToastNotification.tsx
FN:19,(anonymous_0)
FN:20,(anonymous_1)
FN:33,(anonymous_2)
FN:49,(anonymous_3)
FN:67,(anonymous_4)
FNF:5
FNH:0
FNDA:0,(anonymous_0)
FNDA:0,(anonymous_1)
FNDA:0,(anonymous_2)
FNDA:0,(anonymous_3)
FNDA:0,(anonymous_4)
DA:19,0
DA:20,0
DA:21,0
DA:23,0
DA:25,0
DA:27,0
DA:29,0
DA:33,0
DA:34,0
DA:36,0
DA:38,0
DA:40,0
DA:42,0
DA:46,0
DA:50,0
DA:67,0
LF:16
LH:0
BRDA:21,0,0,0
BRDA:21,0,1,0
BRDA:21,0,2,0
BRDA:21,0,3,0
BRDA:34,1,0,0
BRDA:34,1,1,0
BRDA:34,1,2,0
BRDA:34,1,3,0
BRF:8
BRH:0
end_of_record
TN:
SF:src/components/VolumeControl.tsx
FN:12,(anonymous_0)
FN:17,(anonymous_1)
FN:37,(anonymous_2)
FN:41,(anonymous_3)
FNF:4
FNH:0
FNDA:0,(anonymous_0)
FNDA:0,(anonymous_1)
FNDA:0,(anonymous_2)
FNDA:0,(anonymous_3)
DA:12,0
DA:13,0
DA:14,0
DA:18,0
DA:19,0
DA:38,0
DA:39,0
DA:41,0
LF:8
LH:0
BRDA:12,0,0,0
BRDA:15,1,0,0
BRDA:15,1,1,0
BRDA:22,2,0,0
BRDA:22,2,1,0
BRDA:24,3,0,0
BRDA:24,3,1,0
BRDA:24,4,0,0
BRDA:24,4,1,0
BRDA:25,5,0,0
BRDA:25,5,1,0
BRDA:27,6,0,0
BRDA:27,6,1,0
BRDA:30,7,0,0
BRDA:30,7,1,0
BRDA:36,8,0,0
BRDA:36,8,1,0
BRDA:42,9,0,0
BRDA:42,9,1,0
BRF:19
BRH:0
end_of_record
TN:
SF:src/components/WellnessQuiz.tsx
FN:117,(anonymous_0)
FN:131,(anonymous_1)
FN:140,(anonymous_2)
FN:152,(anonymous_3)
FN:168,(anonymous_4)
FN:175,(anonymous_5)
FN:177,(anonymous_6)
FN:250,(anonymous_7)
FN:314,(anonymous_8)
FN:317,(anonymous_9)
FN:329,(anonymous_10)
FN:345,(anonymous_11)
FN:351,(anonymous_12)
FN:402,(anonymous_13)
FN:409,(anonymous_14)
FN:452,(anonymous_15)
FN:469,(anonymous_16)
FNF:17
FNH:0
FNDA:0,(anonymous_0)
FNDA:0,(anonymous_1)
FNDA:0,(anonymous_2)
FNDA:0,(anonymous_3)
FNDA:0,(anonymous_4)
FNDA:0,(anonymous_5)
FNDA:0,(anonymous_6)
FNDA:0,(anonymous_7)
FNDA:0,(anonymous_8)
FNDA:0,(anonymous_9)
FNDA:0,(anonymous_10)
FNDA:0,(anonymous_11)
FNDA:0,(anonymous_12)
FNDA:0,(anonymous_13)
FNDA:0,(anonymous_14)
FNDA:0,(anonymous_15)
FNDA:0,(anonymous_16)
DA:19,0
DA:117,0
DA:118,0
DA:119,0
DA:120,0
DA:121,0
DA:122,0
DA:123,0
DA:124,0
DA:125,0
DA:126,0
DA:128,0
DA:129,0
DA:131,0
DA:132,0
DA:133,0
DA:134,0
DA:135,0
DA:136,0
DA:137,0
DA:140,0
DA:141,0
DA:142,0
DA:143,0
DA:145,0
DA:146,0
DA:147,0
DA:148,0
DA:149,0
DA:152,0
DA:153,0
DA:154,0
DA:156,0
DA:157,0
DA:158,0
DA:159,0
DA:161,0
DA:162,0
DA:164,0
DA:168,0
DA:169,0
DA:171,0
DA:172,0
DA:175,0
DA:176,0
DA:177,0
DA:179,0
DA:206,0
DA:207,0
DA:209,0
DA:220,0
DA:221,0
DA:232,0
DA:233,0
DA:234,0
DA:235,0
DA:237,0
DA:240,0
DA:243,0
DA:244,0
DA:246,0
DA:250,0
DA:251,0
DA:254,0
DA:315,0
DA:317,0
DA:329,0
DA:345,0
DA:351,0
DA:403,0
DA:405,0
DA:406,0
DA:407,0
DA:410,0
DA:411,0
DA:412,0
DA:413,0
DA:415,0
DA:416,0
DA:430,0
DA:431,0
DA:448,0
DA:450,0
DA:453,0
DA:454,0
DA:460,0
DA:469,0
LF:87
LH:0
BRDA:141,0,0,0
BRDA:141,0,1,0
BRDA:153,1,0,0
BRDA:153,1,1,0
BRDA:153,2,0,0
BRDA:153,2,1,0
BRDA:161,3,0,0
BRDA:161,3,1,0
BRDA:169,4,0,0
BRDA:169,4,1,0
BRDA:206,5,0,0
BRDA:206,5,1,0
BRDA:207,6,0,0
BRDA:207,6,1,0
BRDA:232,7,0,0
BRDA:232,7,1,0
BRDA:234,8,0,0
BRDA:234,8,1,0
BRDA:259,9,0,0
BRDA:259,9,1,0
BRDA:259,9,2,0
BRDA:280,10,0,0
BRDA:280,10,1,0
BRDA:280,10,2,0
BRDA:280,10,3,0
BRDA:280,10,4,0
BRDA:312,11,0,0
BRDA:312,11,1,0
BRDA:333,12,0,0
BRDA:333,12,1,0
BRDA:336,13,0,0
BRDA:336,13,1,0
BRDA:369,14,0,0
BRDA:369,14,1,0
BRDA:387,15,0,0
BRDA:387,15,1,0
BRDA:403,16,0,0
BRDA:403,16,1,0
BRDA:405,17,0,0
BRDA:405,17,1,0
BRDA:411,18,0,0
BRDA:411,18,1,0
BRDA:415,19,0,0
BRDA:415,19,1,0
BRDA:430,20,0,0
BRDA:430,20,1,0
BRDA:453,21,0,0
BRDA:453,21,1,0
BRDA:453,22,0,0
BRDA:453,22,1,0
BRF:50
BRH:0
end_of_record
TN:
SF:src/components/YogaSchedule.tsx
FN:7,(anonymous_0)
FN:9,(anonymous_1)
FN:22,(anonymous_2)
FN:35,(anonymous_3)
FN:39,(anonymous_4)
FN:40,(anonymous_5)
FN:56,(anonymous_6)
FN:59,(anonymous_7)
FN:72,(anonymous_8)
FN:73,(anonymous_9)
FN:80,(anonymous_10)
FN:99,(anonymous_11)
FN:101,(anonymous_12)
FN:110,(anonymous_13)
FN:112,(anonymous_14)
FN:155,(anonymous_15)
FN:156,(anonymous_16)
FN:156,(anonymous_17)
FN:175,(anonymous_18)
FN:200,(anonymous_19)
FN:203,(anonymous_20)
FN:215,(anonymous_21)
FNF:22
FNH:0
FNDA:0,(anonymous_0)
FNDA:0,(anonymous_1)
FNDA:0,(anonymous_2)
FNDA:0,(anonymous_3)
FNDA:0,(anonymous_4)
FNDA:0,(anonymous_5)
FNDA:0,(anonymous_6)
FNDA:0,(anonymous_7)
FNDA:0,(anonymous_8)
FNDA:0,(anonymous_9)
FNDA:0,(anonymous_10)
FNDA:0,(anonymous_11)
FNDA:0,(anonymous_12)
FNDA:0,(anonymous_13)
FNDA:0,(anonymous_14)
FNDA:0,(anonymous_15)
FNDA:0,(anonymous_16)
FNDA:0,(anonymous_17)
FNDA:0,(anonymous_18)
FNDA:0,(anonymous_19)
FNDA:0,(anonymous_20)
FNDA:0,(anonymous_21)
DA:7,0
DA:8,0
DA:9,0
DA:17,0
DA:18,0
DA:19,0
DA:22,0
DA:23,0
DA:32,0
DA:35,0
DA:36,0
DA:39,0
DA:40,0
DA:41,0
DA:42,0
DA:43,0
DA:44,0
DA:45,0
DA:48,0
DA:50,0
DA:54,0
DA:55,0
DA:56,0
DA:59,0
DA:70,0
DA:72,0
DA:73,0
DA:74,0
DA:75,0
DA:76,0
DA:80,0
DA:81,0
DA:82,0
DA:83,0
DA:84,0
DA:86,0
DA:92,0
DA:100,0
DA:102,0
DA:111,0
DA:113,0
DA:114,0
DA:115,0
DA:116,0
DA:117,0
DA:118,0
DA:119,0
DA:121,0
DA:155,0
DA:156,0
DA:159,0
DA:160,0
DA:167,0
DA:176,0
DA:201,0
DA:203,0
DA:216,0
DA:217,0
DA:218,0
DA:219,0
DA:220,0
LF:61
LH:0
BRDA:32,0,0,0
BRDA:32,0,1,0
BRDA:36,1,0,0
BRDA:36,1,1,0
BRDA:36,2,0,0
BRDA:36,2,1,0
BRDA:43,3,0,0
BRDA:43,3,1,0
BRDA:76,4,0,0
BRDA:76,4,1,0
BRDA:76,4,2,0
BRDA:113,5,0,0
BRDA:113,5,1,0
BRDA:124,6,0,0
BRDA:124,6,1,0
BRDA:130,7,0,0
BRDA:130,7,1,0
BRDA:137,8,0,0
BRDA:137,8,1,0
BRDA:159,9,0,0
BRDA:159,9,1,0
BRDA:204,10,0,0
BRDA:204,10,1,0
BRDA:216,11,0,0
BRDA:216,11,1,0
BRDA:221,12,0,0
BRDA:221,12,1,0
BRDA:226,13,0,0
BRDA:226,13,1,0
BRDA:230,14,0,0
BRDA:230,14,1,0
BRF:31
BRH:0
end_of_record
TN:
SF:src/context/AudioContext.tsx
FN:45,(anonymous_0)
FN:63,(anonymous_1)
FN:67,(anonymous_2)
FN:71,(anonymous_3)
FN:86,(anonymous_4)
FN:93,(anonymous_5)
FN:97,(anonymous_6)
FN:105,(anonymous_7)
FN:109,(anonymous_8)
FN:117,(anonymous_9)
FN:143,(anonymous_10)
FN:150,(anonymous_11)
FN:154,(anonymous_12)
FN:155,(anonymous_13)
FN:157,(anonymous_14)
FN:162,(anonymous_15)
FN:173,(anonymous_16)
FN:186,(anonymous_17)
FN:200,(anonymous_18)
FN:207,(anonymous_19)
FN:244,(anonymous_20)
FNF:21
FNH:0
FNDA:0,(anonymous_0)
FNDA:0,(anonymous_1)
FNDA:0,(anonymous_2)
FNDA:0,(anonymous_3)
FNDA:0,(anonymous_4)
FNDA:0,(anonymous_5)
FNDA:0,(anonymous_6)
FNDA:0,(anonymous_7)
FNDA:0,(anonymous_8)
FNDA:0,(anonymous_9)
FNDA:0,(anonymous_10)
FNDA:0,(anonymous_11)
FNDA:0,(anonymous_12)
FNDA:0,(anonymous_13)
FNDA:0,(anonymous_14)
FNDA:0,(anonymous_15)
FNDA:0,(anonymous_16)
FNDA:0,(anonymous_17)
FNDA:0,(anonymous_18)
FNDA:0,(anonymous_19)
FNDA:0,(anonymous_20)
DA:43,0
DA:45,0
DA:46,0
DA:47,0
DA:48,0
DA:49,0
DA:50,0
DA:51,0
DA:52,0
DA:53,0
DA:54,0
DA:55,0
DA:57,0
DA:59,0
DA:60,0
DA:63,0
DA:64,0
DA:67,0
DA:68,0
DA:71,0
DA:72,0
DA:73,0
DA:74,0
DA:75,0
DA:77,0
DA:78,0
DA:79,0
DA:80,0
DA:81,0
DA:82,0
DA:83,0
DA:86,0
DA:87,0
DA:88,0
DA:89,0
DA:93,0
DA:94,0
DA:95,0
DA:96,0
DA:97,0
DA:98,0
DA:99,0
DA:100,0
DA:101,0
DA:105,0
DA:106,0
DA:107,0
DA:108,0
DA:109,0
DA:110,0
DA:111,0
DA:112,0
DA:113,0
DA:117,0
DA:118,0
DA:120,0
DA:121,0
DA:124,0
DA:125,0
DA:126,0
DA:127,0
DA:129,0
DA:132,0
DA:133,0
DA:134,0
DA:137,0
DA:138,0
DA:139,0
DA:140,0
DA:141,0
DA:143,0
DA:144,0
DA:145,0
DA:146,0
DA:150,0
DA:151,0
DA:154,0
DA:155,0
DA:157,0
DA:158,0
DA:159,0
DA:161,0
DA:162,0
DA:163,0
DA:164,0
DA:166,0
DA:169,0
DA:173,0
DA:174,0
DA:177,0
DA:178,0
DA:181,0
DA:182,0
DA:186,0
DA:187,0
DA:188,0
DA:189,0
DA:190,0
DA:191,0
DA:192,0
DA:193,0
DA:194,0
DA:195,0
DA:200,0
DA:201,0
DA:202,0
DA:203,0
DA:207,0
DA:208,0
DA:209,0
DA:210,0
DA:211,0
DA:215,0
DA:244,0
DA:245,0
DA:246,0
DA:247,0
DA:249,0
LF:118
LH:0
BRDA:72,0,0,0
BRDA:72,0,1,0
BRDA:87,1,0,0
BRDA:87,1,1,0
BRDA:96,2,0,0
BRDA:96,2,1,0
BRDA:96,3,0,0
BRDA:96,3,1,0
BRDA:98,4,0,0
BRDA:98,4,1,0
BRDA:98,5,0,0
BRDA:98,5,1,0
BRDA:100,6,0,0
BRDA:100,6,1,0
BRDA:108,7,0,0
BRDA:108,7,1,0
BRDA:108,8,0,0
BRDA:108,8,1,0
BRDA:110,9,0,0
BRDA:110,9,1,0
BRDA:110,10,0,0
BRDA:110,10,1,0
BRDA:112,11,0,0
BRDA:112,11,1,0
BRDA:117,12,0,0
BRDA:118,13,0,0
BRDA:118,13,1,0
BRDA:120,14,0,0
BRDA:120,14,1,0
BRDA:124,15,0,0
BRDA:124,15,1,0
BRDA:124,16,0,0
BRDA:124,16,1,0
BRDA:125,17,0,0
BRDA:125,17,1,0
BRDA:132,18,0,0
BRDA:132,18,1,0
BRDA:137,19,0,0
BRDA:137,19,1,0
BRDA:138,20,0,0
BRDA:138,20,1,0
BRDA:145,21,0,0
BRDA:145,21,1,0
BRDA:159,22,0,0
BRDA:159,22,1,0
BRDA:162,23,0,0
BRDA:162,23,1,0
BRDA:163,24,0,0
BRDA:163,24,1,0
BRDA:163,25,0,0
BRDA:163,25,1,0
BRDA:181,26,0,0
BRDA:181,26,1,0
BRDA:188,27,0,0
BRDA:188,27,1,0
BRDA:190,28,0,0
BRDA:190,28,1,0
BRDA:190,29,0,0
BRDA:190,29,1,0
BRDA:193,30,0,0
BRDA:193,30,1,0
BRDA:193,31,0,0
BRDA:193,31,1,0
BRDA:202,32,0,0
BRDA:202,32,1,0
BRDA:208,33,0,0
BRDA:208,33,1,0
BRDA:208,34,0,0
BRDA:208,34,1,0
BRDA:246,35,0,0
BRDA:246,35,1,0
BRF:71
BRH:0
end_of_record
TN:
SF:src/context/AuthContext.tsx
FN:24,AuthProvider
FN:30,(anonymous_1)
FN:31,(anonymous_2)
FN:60,(anonymous_3)
FN:87,(anonymous_4)
FN:99,(anonymous_5)
FN:105,(anonymous_6)
FN:114,(anonymous_7)
FN:119,(anonymous_8)
FN:131,(anonymous_9)
FN:135,(anonymous_10)
FN:137,(anonymous_11)
FN:138,(anonymous_12)
FN:144,(anonymous_13)
FN:147,(anonymous_14)
FN:148,(anonymous_15)
FN:158,(anonymous_16)
FN:168,useAuth
FNF:18
FNH:0
FNDA:0,AuthProvider
FNDA:0,(anonymous_1)
FNDA:0,(anonymous_2)
FNDA:0,(anonymous_3)
FNDA:0,(anonymous_4)
FNDA:0,(anonymous_5)
FNDA:0,(anonymous_6)
FNDA:0,(anonymous_7)
FNDA:0,(anonymous_8)
FNDA:0,(anonymous_9)
FNDA:0,(anonymous_10)
FNDA:0,(anonymous_11)
FNDA:0,(anonymous_12)
FNDA:0,(anonymous_13)
FNDA:0,(anonymous_14)
FNDA:0,(anonymous_15)
FNDA:0,(anonymous_16)
FNDA:0,useAuth
DA:22,0
DA:25,0
DA:26,0
DA:27,0
DA:28,0
DA:30,0
DA:31,0
DA:32,0
DA:33,0
DA:35,0
DA:36,0
DA:38,0
DA:44,0
DA:45,0
DA:47,0
DA:50,0
DA:51,0
DA:54,0
DA:57,0
DA:60,0
DA:61,0
DA:62,0
DA:70,0
DA:71,0
DA:72,0
DA:75,0
DA:76,0
DA:78,0
DA:79,0
DA:80,0
DA:82,0
DA:83,0
DA:87,0
DA:88,0
DA:89,0
DA:90,0
DA:91,0
DA:92,0
DA:93,0
DA:95,0
DA:99,0
DA:100,0
DA:101,0
DA:105,0
DA:106,0
DA:108,0
DA:109,0
DA:110,0
DA:114,0
DA:115,0
DA:116,0
DA:119,0
DA:120,0
DA:121,0
DA:122,0
DA:125,0
DA:128,0
DA:131,0
DA:132,0
DA:135,0
DA:137,0
DA:138,0
DA:139,0
DA:144,0
DA:145,0
DA:147,0
DA:148,0
DA:149,0
DA:150,0
DA:151,0
DA:152,0
DA:154,0
DA:158,0
DA:161,0
DA:169,0
DA:170,0
DA:171,0
DA:173,0
LF:78
LH:0
BRDA:35,0,0,0
BRDA:35,0,1,0
BRDA:35,1,0,0
BRDA:35,1,1,0
BRDA:44,2,0,0
BRDA:44,2,1,0
BRDA:70,3,0,0
BRDA:70,3,1,0
BRDA:72,4,0,0
BRDA:72,4,1,0
BRDA:92,5,0,0
BRDA:92,5,1,0
BRDA:106,6,0,0
BRDA:106,6,1,0
BRDA:106,7,0,0
BRDA:106,7,1,0
BRDA:120,8,0,0
BRDA:120,8,1,0
BRDA:145,9,0,0
BRDA:145,9,1,0
BRDA:145,10,0,0
BRDA:145,10,1,0
BRDA:149,11,0,0
BRDA:149,11,1,0
BRDA:170,12,0,0
BRDA:170,12,1,0
BRF:26
BRH:0
end_of_record
TN:
SF:src/hooks/useGallery.ts
FN:4,(anonymous_0)
FN:13,(anonymous_1)
FN:20,(anonymous_2)
FN:42,(anonymous_3)
FN:49,(anonymous_4)
FN:61,(anonymous_5)
FN:66,(anonymous_6)
FN:78,(anonymous_7)
FN:83,(anonymous_8)
FN:95,(anonymous_9)
FN:98,(anonymous_10)
FN:99,(anonymous_11)
FN:100,(anonymous_12)
FN:110,(anonymous_13)
FN:121,(anonymous_14)
FN:124,(anonymous_15)
FN:124,(anonymous_16)
FN:131,(anonymous_17)
FN:133,(anonymous_18)
FN:144,(anonymous_19)
FN:151,(anonymous_20)
FN:151,(anonymous_21)
FN:159,(anonymous_22)
FN:160,(anonymous_23)
FN:170,(anonymous_24)
FN:174,(anonymous_25)
FN:174,(anonymous_26)
FN:182,(anonymous_27)
FN:182,(anonymous_28)
FNF:29
FNH:0
FNDA:0,(anonymous_0)
FNDA:0,(anonymous_1)
FNDA:0,(anonymous_2)
FNDA:0,(anonymous_3)
FNDA:0,(anonymous_4)
FNDA:0,(anonymous_5)
FNDA:0,(anonymous_6)
FNDA:0,(anonymous_7)
FNDA:0,(anonymous_8)
FNDA:0,(anonymous_9)
FNDA:0,(anonymous_10)
FNDA:0,(anonymous_11)
FNDA:0,(anonymous_12)
FNDA:0,(anonymous_13)
FNDA:0,(anonymous_14)
FNDA:0,(anonymous_15)
FNDA:0,(anonymous_16)
FNDA:0,(anonymous_17)
FNDA:0,(anonymous_18)
FNDA:0,(anonymous_19)
FNDA:0,(anonymous_20)
FNDA:0,(anonymous_21)
FNDA:0,(anonymous_22)
FNDA:0,(anonymous_23)
FNDA:0,(anonymous_24)
FNDA:0,(anonymous_25)
FNDA:0,(anonymous_26)
FNDA:0,(anonymous_27)
FNDA:0,(anonymous_28)
DA:4,0
DA:5,0
DA:6,0
DA:9,0
DA:10,0
DA:11,0
DA:13,0
DA:14,0
DA:15,0
DA:16,0
DA:19,0
DA:20,0
DA:21,0
DA:22,0
DA:23,0
DA:24,0
DA:25,0
DA:27,0
DA:29,0
DA:34,0
DA:36,0
DA:38,0
DA:42,0
DA:43,0
DA:44,0
DA:45,0
DA:49,0
DA:50,0
DA:51,0
DA:54,0
DA:56,0
DA:61,0
DA:62,0
DA:63,0
DA:66,0
DA:67,0
DA:69,0
DA:70,0
DA:71,0
DA:74,0
DA:75,0
DA:76,0
DA:77,0
DA:78,0
DA:79,0
DA:81,0
DA:82,0
DA:83,0
DA:85,0
DA:89,0
DA:90,0
DA:91,0
DA:92,0
DA:95,0
DA:96,0
DA:97,0
DA:98,0
DA:99,0
DA:100,0
DA:103,0
DA:104,0
DA:105,0
DA:108,0
DA:110,0
DA:113,0
DA:115,0
DA:117,0
DA:121,0
DA:122,0
DA:123,0
DA:124,0
DA:125,0
DA:127,0
DA:131,0
DA:132,0
DA:133,0
DA:137,0
DA:140,0
DA:144,0
DA:145,0
DA:146,0
DA:147,0
DA:149,0
DA:150,0
DA:151,0
DA:153,0
DA:155,0
DA:159,0
DA:160,0
DA:161,0
DA:163,0
DA:166,0
DA:168,0
DA:170,0
DA:171,0
DA:172,0
DA:174,0
DA:176,0
DA:180,0
DA:182,0
DA:184,0
DA:187,0
DA:189,0
DA:193,0
LF:104
LH:0
BRDA:19,0,0,0
BRDA:19,0,1,0
BRDA:19,1,0,0
BRDA:19,1,1,0
BRDA:21,2,0,0
BRDA:21,2,1,0
BRDA:24,3,0,0
BRDA:24,3,1,0
BRDA:67,4,0,0
BRDA:67,4,1,0
BRDA:103,5,0,0
BRDA:103,5,1,0
BRDA:103,6,0,0
BRDA:103,6,1,0
BRDA:103,6,2,0
BRDA:105,7,0,0
BRDA:105,7,1,0
BRDA:110,8,0,0
BRDA:110,8,1,0
BRDA:151,9,0,0
BRDA:151,9,1,0
BRDA:161,10,0,0
BRDA:161,10,1,0
BRDA:166,11,0,0
BRDA:166,11,1,0
BRDA:171,12,0,0
BRDA:171,12,1,0
BRDA:174,13,0,0
BRDA:174,13,1,0
BRDA:180,14,0,0
BRDA:180,14,1,0
BRDA:182,15,0,0
BRDA:182,15,1,0
BRF:33
BRH:0
end_of_record
TN:
SF:src/hooks/useToast.ts
FN:4,(anonymous_0)
FN:7,(anonymous_1)
FN:8,(anonymous_2)
FN:8,(anonymous_3)
FN:11,(anonymous_4)
FN:15,(anonymous_5)
FN:18,(anonymous_6)
FN:24,(anonymous_7)
FN:28,(anonymous_8)
FN:32,(anonymous_9)
FN:36,(anonymous_10)
FNF:11
FNH:0
FNDA:0,(anonymous_0)
FNDA:0,(anonymous_1)
FNDA:0,(anonymous_2)
FNDA:0,(anonymous_3)
FNDA:0,(anonymous_4)
FNDA:0,(anonymous_5)
FNDA:0,(anonymous_6)
FNDA:0,(anonymous_7)
FNDA:0,(anonymous_8)
FNDA:0,(anonymous_9)
FNDA:0,(anonymous_10)
DA:4,0
DA:5,0
DA:7,0
DA:8,0
DA:11,0
DA:12,0
DA:13,0
DA:15,0
DA:17,0
DA:18,0
DA:19,0
DA:24,0
DA:25,0
DA:28,0
DA:29,0
DA:32,0
DA:33,0
DA:36,0
DA:37,0
DA:40,0
LF:20
LH:0
BRDA:11,0,0,0
BRDA:17,1,0,0
BRDA:17,1,1,0
BRF:3
BRH:0
end_of_record
TN:
SF:src/layouts/DashboardLayout.tsx
FN:36,classNames
FN:42,DashboardLayout
FN:49,(anonymous_2)
FN:55,(anonymous_3)
FN:59,(anonymous_4)
FN:65,(anonymous_5)
FN:70,(anonymous_6)
FN:87,(anonymous_7)
FN:135,(anonymous_8)
FN:151,(anonymous_9)
FN:155,(anonymous_10)
FN:196,(anonymous_11)
FN:231,(anonymous_12)
FN:299,(anonymous_13)
FN:313,(anonymous_14)
FN:315,(anonymous_15)
FN:346,(anonymous_16)
FN:430,(anonymous_17)
FNF:18
FNH:0
FNDA:0,classNames
FNDA:0,DashboardLayout
FNDA:0,(anonymous_2)
FNDA:0,(anonymous_3)
FNDA:0,(anonymous_4)
FNDA:0,(anonymous_5)
FNDA:0,(anonymous_6)
FNDA:0,(anonymous_7)
FNDA:0,(anonymous_8)
FNDA:0,(anonymous_9)
FNDA:0,(anonymous_10)
FNDA:0,(anonymous_11)
FNDA:0,(anonymous_12)
FNDA:0,(anonymous_13)
FNDA:0,(anonymous_14)
FNDA:0,(anonymous_15)
FNDA:0,(anonymous_16)
FNDA:0,(anonymous_17)
DA:24,0
DA:37,0
DA:40,0
DA:43,0
DA:44,0
DA:45,0
DA:46,0
DA:49,0
DA:50,0
DA:51,0
DA:52,0
DA:55,0
DA:56,0
DA:59,0
DA:60,0
DA:63,0
DA:65,0
DA:66,0
DA:70,0
DA:71,0
DA:72,0
DA:73,0
DA:78,0
DA:79,0
DA:80,0
DA:83,0
DA:87,0
DA:88,0
DA:89,0
DA:91,0
DA:92,0
DA:94,0
DA:97,0
DA:135,0
DA:152,0
DA:155,0
DA:197,0
DA:231,0
DA:300,0
DA:314,0
DA:317,0
DA:318,0
DA:430,0
LF:43
LH:0
BRDA:40,0,0,0
BRDA:40,0,1,0
BRDA:78,1,0,0
BRDA:78,1,1,0
BRDA:88,2,0,0
BRDA:88,2,1,0
BRDA:91,3,0,0
BRDA:91,3,1,0
BRDA:157,4,0,0
BRDA:157,4,1,0
BRDA:165,5,0,0
BRDA:165,5,1,0
BRDA:201,6,0,0
BRDA:201,6,1,0
BRDA:209,7,0,0
BRDA:209,7,1,0
BRDA:261,8,0,0
BRDA:261,8,1,0
BRDA:273,9,0,0
BRDA:273,9,1,0
BRDA:273,10,0,0
BRDA:273,10,1,0
BRDA:275,11,0,0
BRDA:275,11,1,0
BRDA:275,11,2,0
BRDA:293,12,0,0
BRDA:293,12,1,0
BRDA:303,13,0,0
BRDA:303,13,1,0
BRDA:321,14,0,0
BRDA:321,14,1,0
BRF:31
BRH:0
end_of_record
TN:
SF:src/pages/AboutPage.tsx
FN:13,(anonymous_0)
FN:124,(anonymous_1)
FN:226,(anonymous_2)
FNF:3
FNH:0
FNDA:0,(anonymous_0)
FNDA:0,(anonymous_1)
FNDA:0,(anonymous_2)
DA:13,0
DA:14,0
DA:15,0
DA:17,0
DA:125,0
DA:226,0
LF:6
LH:0
BRF:0
BRH:0
end_of_record
TN:
SF:src/pages/ActivitiesPage.tsx
FN:36,(anonymous_0)
FN:55,(anonymous_1)
FN:58,(anonymous_2)
FN:59,(anonymous_3)
FN:60,(anonymous_4)
FN:65,(anonymous_5)
FN:67,(anonymous_6)
FN:78,(anonymous_7)
FN:103,(anonymous_8)
FN:187,(anonymous_9)
FN:188,(anonymous_10)
FN:195,(anonymous_11)
FN:229,(anonymous_12)
FN:259,(anonymous_13)
FN:260,(anonymous_14)
FN:269,(anonymous_15)
FN:271,(anonymous_16)
FN:287,(anonymous_17)
FN:291,(anonymous_18)
FN:329,(anonymous_19)
FN:353,(anonymous_20)
FN:362,(anonymous_21)
FN:432,(anonymous_22)
FN:442,(anonymous_23)
FN:467,(anonymous_24)
FN:475,(anonymous_25)
FN:497,(anonymous_26)
FN:501,(anonymous_27)
FN:513,(anonymous_28)
FN:578,(anonymous_29)
FN:579,(anonymous_30)
FN:583,(anonymous_31)
FN:589,(anonymous_32)
FN:620,(anonymous_33)
FN:710,(anonymous_34)
FN:718,(anonymous_35)
FN:784,(anonymous_36)
FN:785,(anonymous_37)
FN:785,(anonymous_38)
FN:786,(anonymous_39)
FN:803,(anonymous_40)
FN:804,(anonymous_41)
FN:804,(anonymous_42)
FN:805,(anonymous_43)
FN:821,(anonymous_44)
FN:821,(anonymous_45)
FN:826,(anonymous_46)
FN:830,(anonymous_47)
FN:846,(anonymous_48)
FNF:49
FNH:0
FNDA:0,(anonymous_0)
FNDA:0,(anonymous_1)
FNDA:0,(anonymous_2)
FNDA:0,(anonymous_3)
FNDA:0,(anonymous_4)
FNDA:0,(anonymous_5)
FNDA:0,(anonymous_6)
FNDA:0,(anonymous_7)
FNDA:0,(anonymous_8)
FNDA:0,(anonymous_9)
FNDA:0,(anonymous_10)
FNDA:0,(anonymous_11)
FNDA:0,(anonymous_12)
FNDA:0,(anonymous_13)
FNDA:0,(anonymous_14)
FNDA:0,(anonymous_15)
FNDA:0,(anonymous_16)
FNDA:0,(anonymous_17)
FNDA:0,(anonymous_18)
FNDA:0,(anonymous_19)
FNDA:0,(anonymous_20)
FNDA:0,(anonymous_21)
FNDA:0,(anonymous_22)
FNDA:0,(anonymous_23)
FNDA:0,(anonymous_24)
FNDA:0,(anonymous_25)
FNDA:0,(anonymous_26)
FNDA:0,(anonymous_27)
FNDA:0,(anonymous_28)
FNDA:0,(anonymous_29)
FNDA:0,(anonymous_30)
FNDA:0,(anonymous_31)
FNDA:0,(anonymous_32)
FNDA:0,(anonymous_33)
FNDA:0,(anonymous_34)
FNDA:0,(anonymous_35)
FNDA:0,(anonymous_36)
FNDA:0,(anonymous_37)
FNDA:0,(anonymous_38)
FNDA:0,(anonymous_39)
FNDA:0,(anonymous_40)
FNDA:0,(anonymous_41)
FNDA:0,(anonymous_42)
FNDA:0,(anonymous_43)
FNDA:0,(anonymous_44)
FNDA:0,(anonymous_45)
FNDA:0,(anonymous_46)
FNDA:0,(anonymous_47)
FNDA:0,(anonymous_48)
DA:36,0
DA:37,0
DA:38,0
DA:39,0
DA:40,0
DA:41,0
DA:42,0
DA:43,0
DA:45,0
DA:46,0
DA:48,0
DA:49,0
DA:50,0
DA:51,0
DA:52,0
DA:55,0
DA:56,0
DA:57,0
DA:58,0
DA:59,0
DA:60,0
DA:65,0
DA:66,0
DA:67,0
DA:68,0
DA:70,0
DA:71,0
DA:73,0
DA:74,0
DA:78,0
DA:79,0
DA:82,0
DA:83,0
DA:84,0
DA:87,0
DA:88,0
DA:90,0
DA:91,0
DA:92,0
DA:96,0
DA:103,0
DA:104,0
DA:105,0
DA:107,0
DA:108,0
DA:109,0
DA:116,0
DA:122,0
DA:123,0
DA:124,0
DA:125,0
DA:127,0
DA:128,0
DA:129,0
DA:130,0
DA:131,0
DA:133,0
DA:137,0
DA:139,0
DA:143,0
DA:144,0
DA:162,0
DA:188,0
DA:189,0
DA:191,0
DA:196,0
DA:197,0
DA:230,0
DA:231,0
DA:259,0
DA:261,0
DA:263,0
DA:264,0
DA:266,0
DA:271,0
DA:288,0
DA:292,0
DA:293,0
DA:329,0
DA:353,0
DA:354,0
DA:355,0
DA:356,0
DA:357,0
DA:358,0
DA:359,0
DA:360,0
DA:362,0
DA:363,0
DA:364,0
DA:366,0
DA:367,0
DA:368,0
DA:377,0
DA:378,0
DA:379,0
DA:380,0
DA:382,0
DA:383,0
DA:384,0
DA:385,0
DA:386,0
DA:388,0
DA:392,0
DA:394,0
DA:398,0
DA:399,0
DA:416,0
DA:432,0
DA:442,0
DA:467,0
DA:469,0
DA:470,0
DA:471,0
DA:472,0
DA:473,0
DA:475,0
DA:476,0
DA:477,0
DA:482,0
DA:483,0
DA:484,0
DA:486,0
DA:487,0
DA:488,0
DA:491,0
DA:493,0
DA:497,0
DA:498,0
DA:501,0
DA:502,0
DA:503,0
DA:504,0
DA:513,0
DA:514,0
DA:578,0
DA:579,0
DA:580,0
DA:583,0
DA:584,0
DA:585,0
DA:586,0
DA:589,0
DA:590,0
DA:591,0
DA:592,0
DA:595,0
DA:597,0
DA:598,0
DA:599,0
DA:600,0
DA:601,0
DA:604,0
DA:605,0
DA:608,0
DA:620,0
DA:710,0
DA:718,0
DA:739,0
DA:784,0
DA:785,0
DA:786,0
DA:803,0
DA:804,0
DA:805,0
DA:821,0
DA:822,0
DA:826,0
DA:830,0
DA:846,0
LF:170
LH:0
BRDA:45,0,0,0
BRDA:45,0,1,0
BRDA:46,1,0,0
BRDA:46,1,1,0
BRDA:56,2,0,0
BRDA:56,2,1,0
BRDA:56,3,0,0
BRDA:56,3,1,0
BRDA:66,4,0,0
BRDA:66,4,1,0
BRDA:79,5,0,0
BRDA:79,5,1,0
BRDA:83,6,0,0
BRDA:83,6,1,0
BRDA:90,7,0,0
BRDA:90,7,1,0
BRDA:90,8,0,0
BRDA:90,8,1,0
BRDA:91,9,0,0
BRDA:91,9,1,0
BRDA:99,10,0,0
BRDA:99,10,1,0
BRDA:105,11,0,0
BRDA:105,11,1,0
BRDA:105,12,0,0
BRDA:105,12,1,0
BRDA:111,13,0,0
BRDA:111,13,1,0
BRDA:112,14,0,0
BRDA:112,14,1,0
BRDA:122,15,0,0
BRDA:122,15,1,0
BRDA:128,16,0,0
BRDA:128,16,1,0
BRDA:128,17,0,0
BRDA:128,17,1,0
BRDA:128,17,2,0
BRDA:133,18,0,0
BRDA:133,18,1,0
BRDA:143,19,0,0
BRDA:143,19,1,0
BRDA:150,20,0,0
BRDA:150,20,1,0
BRDA:152,21,0,0
BRDA:152,21,1,0
BRDA:155,22,0,0
BRDA:155,22,1,0
BRDA:164,23,0,0
BRDA:164,23,1,0
BRDA:167,24,0,0
BRDA:167,24,1,0
BRDA:178,25,0,0
BRDA:178,25,1,0
BRDA:188,26,0,0
BRDA:188,26,1,0
BRDA:189,27,0,0
BRDA:189,27,1,0
BRDA:196,28,0,0
BRDA:196,28,1,0
BRDA:199,29,0,0
BRDA:199,29,1,0
BRDA:206,30,0,0
BRDA:206,30,1,0
BRDA:211,31,0,0
BRDA:211,31,1,0
BRDA:213,32,0,0
BRDA:213,32,1,0
BRDA:217,33,0,0
BRDA:217,33,1,0
BRDA:218,34,0,0
BRDA:218,34,1,0
BRDA:225,35,0,0
BRDA:225,35,1,0
BRDA:233,36,0,0
BRDA:233,36,1,0
BRDA:240,37,0,0
BRDA:240,37,1,0
BRDA:244,38,0,0
BRDA:244,38,1,0
BRDA:245,39,0,0
BRDA:245,39,1,0
BRDA:249,40,0,0
BRDA:249,40,1,0
BRDA:261,41,0,0
BRDA:261,41,1,0
BRDA:263,42,0,0
BRDA:263,42,1,0
BRDA:279,43,0,0
BRDA:279,43,1,0
BRDA:279,43,2,0
BRDA:307,44,0,0
BRDA:307,44,1,0
BRDA:337,45,0,0
BRDA:337,45,1,0
BRDA:337,45,2,0
BRDA:337,45,3,0
BRDA:340,46,0,0
BRDA:340,46,1,0
BRDA:343,47,0,0
BRDA:343,47,1,0
BRDA:364,48,0,0
BRDA:364,48,1,0
BRDA:377,49,0,0
BRDA:377,49,1,0
BRDA:383,50,0,0
BRDA:383,50,1,0
BRDA:383,51,0,0
BRDA:383,51,1,0
BRDA:383,51,2,0
BRDA:388,52,0,0
BRDA:388,52,1,0
BRDA:398,53,0,0
BRDA:398,53,1,0
BRDA:406,54,0,0
BRDA:406,54,1,0
BRDA:409,55,0,0
BRDA:409,55,1,0
BRDA:450,56,0,0
BRDA:450,56,1,0
BRDA:453,57,0,0
BRDA:453,57,1,0
BRDA:456,58,0,0
BRDA:456,58,1,0
BRDA:482,59,0,0
BRDA:482,59,1,0
BRDA:486,60,0,0
BRDA:486,60,1,0
BRDA:502,61,0,0
BRDA:502,61,1,0
BRDA:520,62,0,0
BRDA:520,62,1,0
BRDA:523,63,0,0
BRDA:523,63,1,0
BRDA:525,64,0,0
BRDA:525,64,1,0
BRDA:552,65,0,0
BRDA:552,65,1,0
BRDA:560,66,0,0
BRDA:560,66,1,0
BRDA:564,67,0,0
BRDA:564,67,1,0
BRDA:568,68,0,0
BRDA:568,68,1,0
BRDA:585,69,0,0
BRDA:585,69,1,0
BRDA:586,70,0,0
BRDA:586,70,1,0
BRDA:590,71,0,0
BRDA:590,71,1,0
BRDA:598,72,0,0
BRDA:598,72,1,0
BRDA:598,73,0,0
BRDA:598,73,1,0
BRDA:631,74,0,0
BRDA:631,74,1,0
BRDA:633,75,0,0
BRDA:633,75,1,0
BRDA:664,76,0,0
BRDA:664,76,1,0
BRDA:673,77,0,0
BRDA:673,77,1,0
BRDA:673,77,2,0
BRDA:686,78,0,0
BRDA:686,78,1,0
BRDA:695,79,0,0
BRDA:695,79,1,0
BRDA:716,80,0,0
BRDA:716,80,1,0
BRDA:716,80,2,0
BRDA:770,81,0,0
BRDA:770,81,1,0
BRDA:784,82,0,0
BRDA:784,82,1,0
BRDA:803,83,0,0
BRDA:803,83,1,0
BRDA:843,84,0,0
BRDA:843,84,1,0
BRF:177
BRH:0
end_of_record
TN:
SF:src/pages/AllMassagesPage.tsx
FN:27,(anonymous_0)
FN:35,(anonymous_1)
FN:49,(anonymous_2)
FN:54,(anonymous_3)
FN:58,(anonymous_4)
FN:63,(anonymous_5)
FN:74,(anonymous_6)
FN:107,(anonymous_7)
FN:123,(anonymous_8)
FN:176,(anonymous_9)
FN:210,(anonymous_10)
FN:217,(anonymous_11)
FN:221,(anonymous_12)
FN:232,(anonymous_13)
FNF:14
FNH:0
FNDA:0,(anonymous_0)
FNDA:0,(anonymous_1)
FNDA:0,(anonymous_2)
FNDA:0,(anonymous_3)
FNDA:0,(anonymous_4)
FNDA:0,(anonymous_5)
FNDA:0,(anonymous_6)
FNDA:0,(anonymous_7)
FNDA:0,(anonymous_8)
FNDA:0,(anonymous_9)
FNDA:0,(anonymous_10)
FNDA:0,(anonymous_11)
FNDA:0,(anonymous_12)
FNDA:0,(anonymous_13)
DA:27,0
DA:28,0
DA:29,0
DA:30,0
DA:31,0
DA:32,0
DA:33,0
DA:35,0
DA:36,0
DA:37,0
DA:38,0
DA:39,0
DA:40,0
DA:43,0
DA:45,0
DA:49,0
DA:50,0
DA:54,0
DA:55,0
DA:56,0
DA:57,0
DA:58,0
DA:59,0
DA:63,0
DA:64,0
DA:67,0
DA:68,0
DA:74,0
DA:75,0
DA:77,0
DA:78,0
DA:79,0
DA:80,0
DA:84,0
DA:107,0
DA:124,0
DA:125,0
DA:126,0
DA:127,0
DA:176,0
DA:211,0
DA:218,0
DA:221,0
DA:233,0
DA:234,0
DA:235,0
DA:236,0
DA:237,0
LF:48
LH:0
BRDA:38,0,0,0
BRDA:38,0,1,0
BRDA:55,1,0,0
BRDA:55,1,1,0
BRDA:55,2,0,0
BRDA:55,2,1,0
BRDA:57,3,0,0
BRDA:57,3,1,0
BRDA:64,4,0,0
BRDA:64,4,1,0
BRDA:67,5,0,0
BRDA:67,5,1,0
BRDA:77,6,0,0
BRDA:77,6,1,0
BRDA:95,7,0,0
BRDA:95,7,1,0
BRDA:118,8,0,0
BRDA:118,8,1,0
BRDA:120,9,0,0
BRDA:120,9,1,0
BRDA:125,10,0,0
BRDA:125,10,1,0
BRDA:139,11,0,0
BRDA:139,11,1,0
BRDA:139,11,2,0
BRDA:151,12,0,0
BRDA:151,12,1,0
BRDA:151,12,2,0
BRDA:154,13,0,0
BRDA:154,13,1,0
BRDA:164,14,0,0
BRDA:164,14,1,0
BRDA:208,15,0,0
BRDA:208,15,1,0
BRDA:214,16,0,0
BRDA:214,16,1,0
BRDA:227,17,0,0
BRDA:227,17,1,0
BRDA:229,18,0,0
BRDA:229,18,1,0
BRDA:234,19,0,0
BRDA:234,19,1,0
BRDA:247,20,0,0
BRDA:247,20,1,0
BRDA:248,21,0,0
BRDA:248,21,1,0
BRDA:253,22,0,0
BRDA:253,22,1,0
BRDA:253,23,0,0
BRDA:253,23,1,0
BRF:50
BRH:0
end_of_record
TN:
SF:src/pages/AllTherapiesPage.tsx
FN:27,(anonymous_0)
FN:35,(anonymous_1)
FN:49,(anonymous_2)
FN:54,(anonymous_3)
FN:58,(anonymous_4)
FN:63,(anonymous_5)
FN:74,(anonymous_6)
FN:107,(anonymous_7)
FN:123,(anonymous_8)
FN:175,(anonymous_9)
FN:209,(anonymous_10)
FN:216,(anonymous_11)
FN:220,(anonymous_12)
FN:231,(anonymous_13)
FNF:14
FNH:0
FNDA:0,(anonymous_0)
FNDA:0,(anonymous_1)
FNDA:0,(anonymous_2)
FNDA:0,(anonymous_3)
FNDA:0,(anonymous_4)
FNDA:0,(anonymous_5)
FNDA:0,(anonymous_6)
FNDA:0,(anonymous_7)
FNDA:0,(anonymous_8)
FNDA:0,(anonymous_9)
FNDA:0,(anonymous_10)
FNDA:0,(anonymous_11)
FNDA:0,(anonymous_12)
FNDA:0,(anonymous_13)
DA:27,0
DA:28,0
DA:29,0
DA:30,0
DA:31,0
DA:32,0
DA:33,0
DA:35,0
DA:36,0
DA:37,0
DA:38,0
DA:39,0
DA:40,0
DA:43,0
DA:45,0
DA:49,0
DA:50,0
DA:54,0
DA:55,0
DA:56,0
DA:57,0
DA:58,0
DA:59,0
DA:63,0
DA:64,0
DA:67,0
DA:68,0
DA:74,0
DA:75,0
DA:77,0
DA:78,0
DA:79,0
DA:80,0
DA:84,0
DA:107,0
DA:124,0
DA:125,0
DA:126,0
DA:127,0
DA:175,0
DA:210,0
DA:217,0
DA:220,0
DA:232,0
DA:233,0
DA:234,0
DA:235,0
DA:236,0
LF:48
LH:0
BRDA:38,0,0,0
BRDA:38,0,1,0
BRDA:55,1,0,0
BRDA:55,1,1,0
BRDA:55,2,0,0
BRDA:55,2,1,0
BRDA:57,3,0,0
BRDA:57,3,1,0
BRDA:64,4,0,0
BRDA:64,4,1,0
BRDA:67,5,0,0
BRDA:67,5,1,0
BRDA:77,6,0,0
BRDA:77,6,1,0
BRDA:95,7,0,0
BRDA:95,7,1,0
BRDA:118,8,0,0
BRDA:118,8,1,0
BRDA:120,9,0,0
BRDA:120,9,1,0
BRDA:125,10,0,0
BRDA:125,10,1,0
BRDA:139,11,0,0
BRDA:139,11,1,0
BRDA:139,11,2,0
BRDA:151,12,0,0
BRDA:151,12,1,0
BRDA:151,12,2,0
BRDA:154,13,0,0
BRDA:154,13,1,0
BRDA:164,14,0,0
BRDA:164,14,1,0
BRDA:207,15,0,0
BRDA:207,15,1,0
BRDA:213,16,0,0
BRDA:213,16,1,0
BRDA:226,17,0,0
BRDA:226,17,1,0
BRDA:228,18,0,0
BRDA:228,18,1,0
BRDA:233,19,0,0
BRDA:233,19,1,0
BRDA:246,20,0,0
BRDA:246,20,1,0
BRDA:247,21,0,0
BRDA:247,21,1,0
BRDA:252,22,0,0
BRDA:252,22,1,0
BRDA:252,23,0,0
BRDA:252,23,1,0
BRF:50
BRH:0
end_of_record
TN:
SF:src/pages/BlogCategoryPage.tsx
FN:26,(anonymous_0)
FN:33,(anonymous_1)
FN:47,(anonymous_2)
FN:53,(anonymous_3)
FN:62,(anonymous_4)
FN:71,(anonymous_5)
FN:80,(anonymous_6)
FN:144,(anonymous_7)
FN:150,(anonymous_8)
FN:160,(anonymous_9)
FN:214,(anonymous_10)
FNF:11
FNH:0
FNDA:0,(anonymous_0)
FNDA:0,(anonymous_1)
FNDA:0,(anonymous_2)
FNDA:0,(anonymous_3)
FNDA:0,(anonymous_4)
FNDA:0,(anonymous_5)
FNDA:0,(anonymous_6)
FNDA:0,(anonymous_7)
FNDA:0,(anonymous_8)
FNDA:0,(anonymous_9)
FNDA:0,(anonymous_10)
DA:26,0
DA:27,0
DA:28,0
DA:29,0
DA:30,0
DA:31,0
DA:33,0
DA:34,0
DA:35,0
DA:36,0
DA:37,0
DA:38,0
DA:41,0
DA:43,0
DA:47,0
DA:48,0
DA:49,0
DA:53,0
DA:54,0
DA:55,0
DA:62,0
DA:63,0
DA:68,0
DA:71,0
DA:72,0
DA:77,0
DA:80,0
DA:81,0
DA:86,0
DA:89,0
DA:145,0
DA:150,0
DA:161,0
DA:162,0
DA:163,0
DA:164,0
DA:165,0
DA:166,0
DA:167,0
DA:168,0
DA:169,0
DA:170,0
DA:172,0
DA:174,0
DA:175,0
DA:178,0
DA:215,0
LF:47
LH:0
BRDA:36,0,0,0
BRDA:36,0,1,0
BRDA:48,1,0,0
BRDA:48,1,1,0
BRDA:68,2,0,0
BRDA:68,2,1,0
BRDA:77,3,0,0
BRDA:77,3,1,0
BRDA:77,4,0,0
BRDA:77,4,1,0
BRDA:86,5,0,0
BRDA:86,5,1,0
BRDA:86,6,0,0
BRDA:86,6,1,0
BRDA:112,7,0,0
BRDA:112,7,1,0
BRDA:134,8,0,0
BRDA:134,8,1,0
BRDA:138,9,0,0
BRDA:138,9,1,0
BRDA:155,10,0,0
BRDA:155,10,1,0
BRDA:155,11,0,0
BRDA:155,11,1,0
BRDA:155,11,2,0
BRDA:162,12,0,0
BRDA:162,12,1,0
BRDA:165,13,0,0
BRDA:165,13,1,0
BRDA:166,14,0,0
BRDA:166,14,1,0
BRDA:175,15,0,0
BRDA:175,15,1,0
BRDA:183,16,0,0
BRDA:183,16,1,0
BRDA:183,17,0,0
BRDA:183,17,1,0
BRDA:183,17,2,0
BRDA:185,18,0,0
BRDA:185,18,1,0
BRDA:185,19,0,0
BRDA:185,19,1,0
BRDA:185,19,2,0
BRDA:212,20,0,0
BRDA:212,20,1,0
BRDA:212,20,2,0
BRF:46
BRH:0
end_of_record
TN:
SF:src/pages/BlogDetailPage.tsx
FN:31,(anonymous_0)
FN:39,(anonymous_1)
FN:45,(anonymous_2)
FN:53,(anonymous_3)
FN:72,(anonymous_4)
FN:78,(anonymous_5)
FN:87,(anonymous_6)
FN:96,(anonymous_7)
FN:189,(anonymous_8)
FN:254,(anonymous_9)
FN:294,(anonymous_10)
FN:318,(anonymous_11)
FN:321,(anonymous_12)
FN:330,(anonymous_13)
FNF:14
FNH:0
FNDA:0,(anonymous_0)
FNDA:0,(anonymous_1)
FNDA:0,(anonymous_2)
FNDA:0,(anonymous_3)
FNDA:0,(anonymous_4)
FNDA:0,(anonymous_5)
FNDA:0,(anonymous_6)
FNDA:0,(anonymous_7)
FNDA:0,(anonymous_8)
FNDA:0,(anonymous_9)
FNDA:0,(anonymous_10)
FNDA:0,(anonymous_11)
FNDA:0,(anonymous_12)
FNDA:0,(anonymous_13)
DA:31,0
DA:32,0
DA:33,0
DA:34,0
DA:35,0
DA:36,0
DA:37,0
DA:39,0
DA:40,0
DA:41,0
DA:42,0
DA:43,0
DA:45,0
DA:46,0
DA:49,0
DA:53,0
DA:54,0
DA:55,0
DA:56,0
DA:57,0
DA:58,0
DA:60,0
DA:62,0
DA:65,0
DA:66,0
DA:68,0
DA:72,0
DA:73,0
DA:74,0
DA:78,0
DA:79,0
DA:80,0
DA:87,0
DA:88,0
DA:93,0
DA:96,0
DA:97,0
DA:100,0
DA:107,0
DA:109,0
DA:112,0
DA:113,0
DA:124,0
DA:125,0
DA:128,0
DA:129,0
DA:130,0
DA:132,0
DA:190,0
DA:191,0
DA:192,0
DA:193,0
DA:194,0
DA:195,0
DA:196,0
DA:197,0
DA:198,0
DA:199,0
DA:201,0
DA:203,0
DA:204,0
DA:207,0
DA:256,0
DA:259,0
DA:260,0
DA:261,0
DA:262,0
DA:264,0
DA:265,0
DA:269,0
DA:272,0
DA:278,0
DA:281,0
DA:283,0
DA:285,0
DA:295,0
DA:319,0
DA:321,0
DA:331,0
DA:332,0
DA:333,0
DA:334,0
DA:335,0
DA:336,0
DA:337,0
DA:338,0
DA:339,0
DA:340,0
DA:342,0
DA:344,0
DA:345,0
DA:348,0
LF:92
LH:0
BRDA:42,0,0,0
BRDA:42,0,1,0
BRDA:56,1,0,0
BRDA:56,1,1,0
BRDA:73,2,0,0
BRDA:73,2,1,0
BRDA:93,3,0,0
BRDA:93,3,1,0
BRDA:97,4,0,0
BRDA:97,4,1,0
BRDA:112,5,0,0
BRDA:112,5,1,0
BRDA:124,6,0,0
BRDA:124,6,1,0
BRDA:135,7,0,0
BRDA:135,7,1,0
BRDA:136,8,0,0
BRDA:136,8,1,0
BRDA:184,9,0,0
BRDA:184,9,1,0
BRDA:184,10,0,0
BRDA:184,10,1,0
BRDA:184,10,2,0
BRDA:191,11,0,0
BRDA:191,11,1,0
BRDA:194,12,0,0
BRDA:194,12,1,0
BRDA:195,13,0,0
BRDA:195,13,1,0
BRDA:204,14,0,0
BRDA:204,14,1,0
BRDA:212,15,0,0
BRDA:212,15,1,0
BRDA:212,16,0,0
BRDA:212,16,1,0
BRDA:212,16,2,0
BRDA:214,17,0,0
BRDA:214,17,1,0
BRDA:214,18,0,0
BRDA:214,18,1,0
BRDA:214,18,2,0
BRDA:224,19,0,0
BRDA:224,19,1,0
BRDA:243,20,0,0
BRDA:243,20,1,0
BRDA:243,21,0,0
BRDA:243,21,1,0
BRDA:256,22,0,0
BRDA:256,22,1,0
BRDA:260,23,0,0
BRDA:260,23,1,0
BRDA:272,24,0,0
BRDA:272,24,1,0
BRDA:273,25,0,0
BRDA:273,25,1,0
BRDA:273,25,2,0
BRDA:273,25,3,0
BRDA:283,26,0,0
BRDA:283,26,1,0
BRDA:283,27,0,0
BRDA:283,27,1,0
BRDA:307,28,0,0
BRDA:307,28,1,0
BRDA:325,29,0,0
BRDA:325,29,1,0
BRDA:325,30,0,0
BRDA:325,30,1,0
BRDA:325,30,2,0
BRDA:332,31,0,0
BRDA:332,31,1,0
BRDA:335,32,0,0
BRDA:335,32,1,0
BRDA:336,33,0,0
BRDA:336,33,1,0
BRDA:345,34,0,0
BRDA:345,34,1,0
BRDA:353,35,0,0
BRDA:353,35,1,0
BRDA:353,36,0,0
BRDA:353,36,1,0
BRDA:353,36,2,0
BRDA:355,37,0,0
BRDA:355,37,1,0
BRDA:355,38,0,0
BRDA:355,38,1,0
BRDA:355,38,2,0
BRF:86
BRH:0
end_of_record
TN:
SF:src/pages/BlogPage.tsx
FN:19,(anonymous_0)
FN:45,(anonymous_1)
FN:53,(anonymous_2)
FN:58,(anonymous_3)
FN:65,(anonymous_4)
FN:68,(anonymous_5)
FN:78,(anonymous_6)
FN:86,(anonymous_7)
FN:91,(anonymous_8)
FN:96,(anonymous_9)
FN:101,(anonymous_10)
FN:111,(anonymous_11)
FN:119,(anonymous_12)
FN:129,(anonymous_13)
FN:143,(anonymous_14)
FN:159,(anonymous_15)
FN:168,(anonymous_16)
FN:246,(anonymous_17)
FN:252,(anonymous_18)
FN:262,(anonymous_19)
FN:320,(anonymous_20)
FN:329,(anonymous_21)
FN:334,(anonymous_22)
FN:336,(anonymous_23)
FN:339,(anonymous_24)
FN:365,(anonymous_25)
FN:383,(anonymous_26)
FN:402,(anonymous_27)
FN:413,(anonymous_28)
FN:432,(anonymous_29)
FN:439,(anonymous_30)
FN:444,(anonymous_31)
FN:461,(anonymous_32)
FN:467,(anonymous_33)
FN:472,(anonymous_34)
FN:496,(anonymous_35)
FNF:36
FNH:0
FNDA:0,(anonymous_0)
FNDA:0,(anonymous_1)
FNDA:0,(anonymous_2)
FNDA:0,(anonymous_3)
FNDA:0,(anonymous_4)
FNDA:0,(anonymous_5)
FNDA:0,(anonymous_6)
FNDA:0,(anonymous_7)
FNDA:0,(anonymous_8)
FNDA:0,(anonymous_9)
FNDA:0,(anonymous_10)
FNDA:0,(anonymous_11)
FNDA:0,(anonymous_12)
FNDA:0,(anonymous_13)
FNDA:0,(anonymous_14)
FNDA:0,(anonymous_15)
FNDA:0,(anonymous_16)
FNDA:0,(anonymous_17)
FNDA:0,(anonymous_18)
FNDA:0,(anonymous_19)
FNDA:0,(anonymous_20)
FNDA:0,(anonymous_21)
FNDA:0,(anonymous_22)
FNDA:0,(anonymous_23)
FNDA:0,(anonymous_24)
FNDA:0,(anonymous_25)
FNDA:0,(anonymous_26)
FNDA:0,(anonymous_27)
FNDA:0,(anonymous_28)
FNDA:0,(anonymous_29)
FNDA:0,(anonymous_30)
FNDA:0,(anonymous_31)
FNDA:0,(anonymous_32)
FNDA:0,(anonymous_33)
FNDA:0,(anonymous_34)
FNDA:0,(anonymous_35)
DA:19,0
DA:20,0
DA:21,0
DA:22,0
DA:23,0
DA:24,0
DA:25,0
DA:28,0
DA:29,0
DA:32,0
DA:33,0
DA:36,0
DA:45,0
DA:46,0
DA:50,0
DA:51,0
DA:53,0
DA:54,0
DA:58,0
DA:59,0
DA:62,0
DA:63,0
DA:65,0
DA:66,0
DA:68,0
DA:69,0
DA:70,0
DA:73,0
DA:74,0
DA:75,0
DA:77,0
DA:78,0
DA:80,0
DA:85,0
DA:86,0
DA:90,0
DA:91,0
DA:95,0
DA:96,0
DA:100,0
DA:101,0
DA:102,0
DA:103,0
DA:104,0
DA:106,0
DA:108,0
DA:111,0
DA:115,0
DA:116,0
DA:119,0
DA:120,0
DA:123,0
DA:124,0
DA:125,0
DA:129,0
DA:130,0
DA:131,0
DA:132,0
DA:133,0
DA:134,0
DA:137,0
DA:139,0
DA:143,0
DA:144,0
DA:148,0
DA:149,0
DA:150,0
DA:151,0
DA:152,0
DA:155,0
DA:159,0
DA:160,0
DA:161,0
DA:168,0
DA:169,0
DA:173,0
DA:176,0
DA:247,0
DA:252,0
DA:263,0
DA:264,0
DA:265,0
DA:266,0
DA:267,0
DA:268,0
DA:269,0
DA:270,0
DA:271,0
DA:272,0
DA:274,0
DA:276,0
DA:277,0
DA:280,0
DA:321,0
DA:323,0
DA:325,0
DA:327,0
DA:330,0
DA:331,0
DA:335,0
DA:336,0
DA:339,0
DA:366,0
DA:367,0
DA:385,0
DA:386,0
DA:387,0
DA:403,0
DA:404,0
DA:405,0
DA:406,0
DA:408,0
DA:409,0
DA:410,0
DA:414,0
DA:415,0
DA:426,0
DA:433,0
DA:435,0
DA:436,0
DA:437,0
DA:440,0
DA:441,0
DA:442,0
DA:445,0
DA:446,0
DA:447,0
DA:462,0
DA:463,0
DA:464,0
DA:465,0
DA:468,0
DA:469,0
DA:470,0
DA:473,0
DA:474,0
DA:475,0
DA:496,0
LF:138
LH:0
BRDA:29,0,0,0
BRDA:29,0,1,0
BRDA:29,1,0,0
BRDA:29,1,1,0
BRDA:62,2,0,0
BRDA:62,2,1,0
BRDA:69,3,0,0
BRDA:69,3,1,0
BRDA:70,4,0,0
BRDA:70,4,1,0
BRDA:74,5,0,0
BRDA:74,5,1,0
BRDA:77,6,0,0
BRDA:77,6,1,0
BRDA:77,7,0,0
BRDA:77,7,1,0
BRDA:80,8,0,0
BRDA:80,8,1,0
BRDA:80,8,2,0
BRDA:85,9,0,0
BRDA:85,9,1,0
BRDA:90,10,0,0
BRDA:90,10,1,0
BRDA:95,11,0,0
BRDA:95,11,1,0
BRDA:100,12,0,0
BRDA:100,12,1,0
BRDA:100,13,0,0
BRDA:100,13,1,0
BRDA:103,14,0,0
BRDA:103,14,1,0
BRDA:106,15,0,0
BRDA:106,15,1,0
BRDA:108,16,0,0
BRDA:108,16,1,0
BRDA:108,17,0,0
BRDA:108,17,1,0
BRDA:123,18,0,0
BRDA:123,18,1,0
BRDA:124,19,0,0
BRDA:124,19,1,0
BRDA:132,20,0,0
BRDA:132,20,1,0
BRDA:149,21,0,0
BRDA:149,21,1,0
BRDA:173,22,0,0
BRDA:173,22,1,0
BRDA:189,23,0,0
BRDA:189,23,1,0
BRDA:191,24,0,0
BRDA:191,24,1,0
BRDA:206,25,0,0
BRDA:206,25,1,0
BRDA:208,26,0,0
BRDA:208,26,1,0
BRDA:218,27,0,0
BRDA:218,27,1,0
BRDA:220,28,0,0
BRDA:220,28,1,0
BRDA:235,29,0,0
BRDA:235,29,1,0
BRDA:239,30,0,0
BRDA:239,30,1,0
BRDA:257,31,0,0
BRDA:257,31,1,0
BRDA:257,32,0,0
BRDA:257,32,1,0
BRDA:257,32,2,0
BRDA:264,33,0,0
BRDA:264,33,1,0
BRDA:267,34,0,0
BRDA:267,34,1,0
BRDA:268,35,0,0
BRDA:268,35,1,0
BRDA:277,36,0,0
BRDA:277,36,1,0
BRDA:285,37,0,0
BRDA:285,37,1,0
BRDA:285,38,0,0
BRDA:285,38,1,0
BRDA:285,38,2,0
BRDA:287,39,0,0
BRDA:287,39,1,0
BRDA:287,40,0,0
BRDA:287,40,1,0
BRDA:287,40,2,0
BRDA:323,41,0,0
BRDA:323,41,1,0
BRDA:323,42,0,0
BRDA:323,42,1,0
BRDA:325,43,0,0
BRDA:325,43,1,0
BRDA:325,44,0,0
BRDA:325,44,1,0
BRDA:338,45,0,0
BRDA:338,45,1,0
BRDA:343,46,0,0
BRDA:343,46,1,0
BRDA:361,47,0,0
BRDA:361,47,1,0
BRDA:370,48,0,0
BRDA:370,48,1,0
BRDA:389,49,0,0
BRDA:389,49,1,0
BRDA:390,50,0,0
BRDA:390,50,1,0
BRDA:390,51,0,0
BRDA:390,51,1,0
BRDA:417,52,0,0
BRDA:417,52,1,0
BRDA:444,53,0,0
BRDA:444,53,1,0
BRDA:472,54,0,0
BRDA:472,54,1,0
BRF:114
BRH:0
end_of_record
TN:
SF:src/pages/ContactPage.tsx
FN:17,(anonymous_0)
FNF:1
FNH:0
FNDA:0,(anonymous_0)
DA:17,0
DA:18,0
DA:20,0
LF:3
LH:0
BRF:0
BRH:0
end_of_record
TN:
SF:src/pages/ForgotPasswordPage.tsx
FN:6,ForgotPasswordPage
FN:12,(anonymous_1)
FN:62,(anonymous_2)
FNF:3
FNH:0
FNDA:0,ForgotPasswordPage
FNDA:0,(anonymous_1)
FNDA:0,(anonymous_2)
DA:7,0
DA:8,0
DA:9,0
DA:10,0
DA:12,0
DA:13,0
DA:14,0
DA:15,0
DA:16,0
DA:18,0
DA:19,0
DA:25,0
DA:28,0
DA:29,0
DA:32,0
DA:34,0
DA:36,0
DA:40,0
DA:62,0
LF:19
LH:0
BRDA:25,0,0,0
BRDA:25,0,1,0
BRDA:29,1,0,0
BRDA:29,1,1,0
BRDA:52,2,0,0
BRDA:52,2,1,0
BRDA:68,3,0,0
BRDA:68,3,1,0
BRDA:78,4,0,0
BRDA:78,4,1,0
BRDA:80,5,0,0
BRDA:80,5,1,0
BRF:12
BRH:0
end_of_record
TN:
SF:src/pages/HomePage.tsx
FN:17,(anonymous_0)
FN:18,(anonymous_1)
FN:19,(anonymous_2)
FN:21,(anonymous_3)
FN:27,(anonymous_4)
FN:37,(anonymous_5)
FN:38,(anonymous_6)
FN:44,(anonymous_7)
FN:55,(anonymous_8)
FN:58,(anonymous_9)
FN:62,(anonymous_10)
FN:66,(anonymous_11)
FN:69,(anonymous_12)
FNF:13
FNH:0
FNDA:0,(anonymous_0)
FNDA:0,(anonymous_1)
FNDA:0,(anonymous_2)
FNDA:0,(anonymous_3)
FNDA:0,(anonymous_4)
FNDA:0,(anonymous_5)
FNDA:0,(anonymous_6)
FNDA:0,(anonymous_7)
FNDA:0,(anonymous_8)
FNDA:0,(anonymous_9)
FNDA:0,(anonymous_10)
FNDA:0,(anonymous_11)
FNDA:0,(anonymous_12)
DA:17,0
DA:18,0
DA:19,0
DA:21,0
DA:22,0
DA:23,0
DA:24,0
DA:25,0
DA:27,0
DA:28,0
DA:29,0
DA:30,0
DA:31,0
DA:32,0
DA:35,0
DA:37,0
DA:38,0
DA:39,0
DA:40,0
DA:41,0
DA:42,0
DA:43,0
DA:44,0
DA:45,0
DA:49,0
DA:53,0
DA:54,0
DA:55,0
DA:58,0
DA:59,0
DA:60,0
DA:62,0
DA:63,0
DA:65,0
DA:66,0
DA:69,0
DA:70,0
DA:73,0
LF:38
LH:0
BRDA:29,0,0,0
BRDA:29,0,1,0
BRDA:29,1,0,0
BRDA:29,1,1,0
BRDA:41,2,0,0
BRDA:41,2,1,0
BRDA:43,3,0,0
BRDA:43,3,1,0
BRDA:60,4,0,0
BRDA:60,4,1,0
BRDA:79,5,0,0
BRDA:79,5,1,0
BRF:12
BRH:0
end_of_record
TN:
SF:src/pages/LegalNoticePage.tsx
FN:10,(anonymous_0)
FN:79,(anonymous_1)
FN:99,(anonymous_2)
FNF:3
FNH:0
FNDA:0,(anonymous_0)
FNDA:0,(anonymous_1)
FNDA:0,(anonymous_2)
DA:10,0
DA:11,0
DA:13,0
DA:37,0
DA:80,0
DA:100,0
LF:6
LH:0
BRDA:97,0,0,0
BRDA:97,0,1,0
BRDA:105,1,0,0
BRDA:105,1,1,0
BRDA:112,2,0,0
BRDA:112,2,1,0
BRF:6
BRH:0
end_of_record
TN:
SF:src/pages/LoginPage.tsx
FN:7,LoginPage
FN:21,(anonymous_1)
FN:77,(anonymous_2)
FN:97,(anonymous_3)
FN:104,(anonymous_4)
FNF:5
FNH:0
FNDA:0,LoginPage
FNDA:0,(anonymous_1)
FNDA:0,(anonymous_2)
FNDA:0,(anonymous_3)
FNDA:0,(anonymous_4)
DA:8,0
DA:9,0
DA:10,0
DA:11,0
DA:12,0
DA:13,0
DA:14,0
DA:15,0
DA:16,0
DA:17,0
DA:19,0
DA:21,0
DA:22,0
DA:23,0
DA:24,0
DA:26,0
DA:27,0
DA:28,0
DA:30,0
DA:32,0
DA:36,0
DA:77,0
DA:97,0
DA:104,0
LF:24
LH:0
BRDA:19,0,0,0
BRDA:19,0,1,0
BRDA:30,1,0,0
BRDA:30,1,1,0
BRDA:51,2,0,0
BRDA:51,2,1,0
BRDA:93,3,0,0
BRDA:93,3,1,0
BRDA:106,4,0,0
BRDA:106,4,1,0
BRDA:115,5,0,0
BRDA:115,5,1,0
BRDA:125,6,0,0
BRDA:125,6,1,0
BRDA:128,7,0,0
BRDA:128,7,1,0
BRF:16
BRH:0
end_of_record
TN:
SF:src/pages/MeditationsPage.tsx
FN:35,(anonymous_0)
FN:68,(anonymous_1)
FN:69,(anonymous_2)
FN:102,(anonymous_3)
FN:116,(anonymous_4)
FN:118,(anonymous_5)
FN:126,(anonymous_6)
FN:127,(anonymous_7)
FN:131,(anonymous_8)
FN:133,(anonymous_9)
FN:137,(anonymous_10)
FN:151,(anonymous_11)
FN:152,(anonymous_12)
FN:168,(anonymous_13)
FN:172,(anonymous_14)
FN:178,(anonymous_15)
FN:246,(anonymous_16)
FN:268,(anonymous_17)
FN:299,(anonymous_18)
FN:310,(anonymous_19)
FN:319,(anonymous_20)
FN:334,(anonymous_21)
FN:341,(anonymous_22)
FN:365,(anonymous_23)
FN:380,(anonymous_24)
FN:385,(anonymous_25)
FN:387,(anonymous_26)
FN:390,(anonymous_27)
FN:411,(anonymous_28)
FN:427,(anonymous_29)
FN:444,(anonymous_30)
FN:461,(anonymous_31)
FN:471,(anonymous_32)
FN:486,(anonymous_33)
FN:503,(anonymous_34)
FNF:35
FNH:0
FNDA:0,(anonymous_0)
FNDA:0,(anonymous_1)
FNDA:0,(anonymous_2)
FNDA:0,(anonymous_3)
FNDA:0,(anonymous_4)
FNDA:0,(anonymous_5)
FNDA:0,(anonymous_6)
FNDA:0,(anonymous_7)
FNDA:0,(anonymous_8)
FNDA:0,(anonymous_9)
FNDA:0,(anonymous_10)
FNDA:0,(anonymous_11)
FNDA:0,(anonymous_12)
FNDA:0,(anonymous_13)
FNDA:0,(anonymous_14)
FNDA:0,(anonymous_15)
FNDA:0,(anonymous_16)
FNDA:0,(anonymous_17)
FNDA:0,(anonymous_18)
FNDA:0,(anonymous_19)
FNDA:0,(anonymous_20)
FNDA:0,(anonymous_21)
FNDA:0,(anonymous_22)
FNDA:0,(anonymous_23)
FNDA:0,(anonymous_24)
FNDA:0,(anonymous_25)
FNDA:0,(anonymous_26)
FNDA:0,(anonymous_27)
FNDA:0,(anonymous_28)
FNDA:0,(anonymous_29)
FNDA:0,(anonymous_30)
FNDA:0,(anonymous_31)
FNDA:0,(anonymous_32)
FNDA:0,(anonymous_33)
FNDA:0,(anonymous_34)
DA:35,0
DA:36,0
DA:37,0
DA:38,0
DA:50,0
DA:52,0
DA:54,0
DA:55,0
DA:58,0
DA:64,0
DA:65,0
DA:68,0
DA:69,0
DA:70,0
DA:71,0
DA:72,0
DA:73,0
DA:74,0
DA:76,0
DA:78,0
DA:79,0
DA:80,0
DA:83,0
DA:84,0
DA:85,0
DA:88,0
DA:89,0
DA:90,0
DA:91,0
DA:94,0
DA:95,0
DA:96,0
DA:97,0
DA:98,0
DA:101,0
DA:102,0
DA:105,0
DA:109,0
DA:110,0
DA:116,0
DA:117,0
DA:118,0
DA:119,0
DA:121,0
DA:126,0
DA:127,0
DA:131,0
DA:133,0
DA:134,0
DA:137,0
DA:138,0
DA:140,0
DA:141,0
DA:142,0
DA:144,0
DA:148,0
DA:151,0
DA:152,0
DA:153,0
DA:154,0
DA:155,0
DA:156,0
DA:157,0
DA:160,0
DA:162,0
DA:165,0
DA:168,0
DA:169,0
DA:170,0
DA:171,0
DA:172,0
DA:173,0
DA:177,0
DA:178,0
DA:179,0
DA:182,0
DA:183,0
DA:184,0
DA:186,0
DA:189,0
DA:190,0
DA:192,0
DA:194,0
DA:195,0
DA:197,0
DA:203,0
DA:247,0
DA:248,0
DA:249,0
DA:250,0
DA:252,0
DA:269,0
DA:270,0
DA:271,0
DA:272,0
DA:273,0
DA:274,0
DA:275,0
DA:276,0
DA:277,0
DA:278,0
DA:280,0
DA:282,0
DA:283,0
DA:284,0
DA:299,0
DA:310,0
DA:319,0
DA:334,0
DA:342,0
DA:366,0
DA:367,0
DA:368,0
DA:370,0
DA:371,0
DA:372,0
DA:373,0
DA:374,0
DA:377,0
DA:378,0
DA:381,0
DA:382,0
DA:386,0
DA:387,0
DA:390,0
DA:406,0
DA:411,0
DA:428,0
DA:429,0
DA:445,0
DA:446,0
DA:462,0
DA:463,0
DA:464,0
DA:466,0
DA:467,0
DA:468,0
DA:471,0
DA:481,0
DA:487,0
DA:488,0
DA:504,0
DA:505,0
DA:506,0
LF:144
LH:0
BRDA:72,0,0,0
BRDA:72,0,1,0
BRDA:73,1,0,0
BRDA:73,1,1,0
BRDA:73,1,2,0
BRDA:76,2,0,0
BRDA:76,2,1,0
BRDA:76,3,0,0
BRDA:76,3,1,0
BRDA:76,3,2,0
BRDA:78,4,0,0
BRDA:78,4,1,0
BRDA:80,5,0,0
BRDA:80,5,1,0
BRDA:83,6,0,0
BRDA:83,6,1,0
BRDA:85,7,0,0
BRDA:85,7,1,0
BRDA:88,8,0,0
BRDA:88,8,1,0
BRDA:90,9,0,0
BRDA:90,9,1,0
BRDA:95,10,0,0
BRDA:95,10,1,0
BRDA:95,11,0,0
BRDA:95,11,1,0
BRDA:96,12,0,0
BRDA:96,12,1,0
BRDA:97,13,0,0
BRDA:97,13,1,0
BRDA:101,14,0,0
BRDA:101,14,1,0
BRDA:101,15,0,0
BRDA:101,15,1,0
BRDA:117,16,0,0
BRDA:117,16,1,0
BRDA:137,17,0,0
BRDA:138,18,0,0
BRDA:138,18,1,0
BRDA:140,19,0,0
BRDA:140,19,1,0
BRDA:140,20,0,0
BRDA:140,20,1,0
BRDA:141,21,0,0
BRDA:141,21,1,0
BRDA:142,22,0,0
BRDA:142,22,1,0
BRDA:142,23,0,0
BRDA:142,23,1,0
BRDA:155,24,0,0
BRDA:155,24,1,0
BRDA:169,25,0,0
BRDA:169,25,1,0
BRDA:169,26,0,0
BRDA:169,26,1,0
BRDA:170,27,0,0
BRDA:170,27,1,0
BRDA:171,28,0,0
BRDA:171,28,1,0
BRDA:173,29,0,0
BRDA:173,29,1,0
BRDA:177,30,0,0
BRDA:177,30,1,0
BRDA:179,31,0,0
BRDA:179,31,1,0
BRDA:182,32,0,0
BRDA:182,32,1,0
BRDA:192,33,0,0
BRDA:192,33,1,0
BRDA:194,34,0,0
BRDA:194,34,1,0
BRDA:236,35,0,0
BRDA:236,35,1,0
BRDA:238,36,0,0
BRDA:238,36,1,0
BRDA:240,37,0,0
BRDA:240,37,1,0
BRDA:240,38,0,0
BRDA:240,38,1,0
BRDA:240,38,2,0
BRDA:249,39,0,0
BRDA:249,39,1,0
BRDA:250,40,0,0
BRDA:250,40,1,0
BRDA:263,41,0,0
BRDA:263,41,1,0
BRDA:265,42,0,0
BRDA:265,42,1,0
BRDA:270,43,0,0
BRDA:270,43,1,0
BRDA:273,44,0,0
BRDA:273,44,1,0
BRDA:274,45,0,0
BRDA:274,45,1,0
BRDA:296,46,0,0
BRDA:296,46,1,0
BRDA:301,47,0,0
BRDA:301,47,1,0
BRDA:303,48,0,0
BRDA:303,48,1,0
BRDA:319,49,0,0
BRDA:319,49,1,0
BRDA:328,50,0,0
BRDA:328,50,1,0
BRDA:339,51,0,0
BRDA:339,51,1,0
BRDA:339,51,2,0
BRDA:367,52,0,0
BRDA:367,52,1,0
BRDA:371,53,0,0
BRDA:371,53,1,0
BRDA:371,54,0,0
BRDA:371,54,1,0
BRDA:372,55,0,0
BRDA:372,55,1,0
BRDA:373,56,0,0
BRDA:373,56,1,0
BRDA:377,57,0,0
BRDA:377,57,1,0
BRDA:377,58,0,0
BRDA:377,58,1,0
BRDA:389,59,0,0
BRDA:389,59,1,0
BRDA:394,60,0,0
BRDA:394,60,1,0
BRDA:409,61,0,0
BRDA:409,61,1,0
BRDA:424,62,0,0
BRDA:424,62,1,0
BRDA:432,63,0,0
BRDA:432,63,1,0
BRDA:448,64,0,0
BRDA:448,64,1,0
BRDA:449,65,0,0
BRDA:449,65,1,0
BRDA:449,66,0,0
BRDA:449,66,1,0
BRDA:472,67,0,0
BRDA:472,67,1,0
BRDA:491,68,0,0
BRDA:491,68,1,0
BRDA:509,69,0,0
BRDA:509,69,1,0
BRF:143
BRH:0
end_of_record
TN:
SF:src/pages/OurSpacePage.tsx
FN:18,(anonymous_0)
FN:25,(anonymous_1)
FN:26,(anonymous_2)
FN:32,(anonymous_3)
FN:46,(anonymous_4)
FN:48,(anonymous_5)
FN:51,(anonymous_6)
FN:53,(anonymous_7)
FN:56,(anonymous_8)
FN:59,(anonymous_9)
FN:172,(anonymous_10)
FN:175,(anonymous_11)
FNF:12
FNH:0
FNDA:0,(anonymous_0)
FNDA:0,(anonymous_1)
FNDA:0,(anonymous_2)
FNDA:0,(anonymous_3)
FNDA:0,(anonymous_4)
FNDA:0,(anonymous_5)
FNDA:0,(anonymous_6)
FNDA:0,(anonymous_7)
FNDA:0,(anonymous_8)
FNDA:0,(anonymous_9)
FNDA:0,(anonymous_10)
FNDA:0,(anonymous_11)
DA:10,0
DA:18,0
DA:19,0
DA:20,0
DA:21,0
DA:22,0
DA:23,0
DA:25,0
DA:26,0
DA:27,0
DA:28,0
DA:29,0
DA:30,0
DA:32,0
DA:33,0
DA:34,0
DA:37,0
DA:39,0
DA:43,0
DA:46,0
DA:47,0
DA:48,0
DA:51,0
DA:52,0
DA:53,0
DA:56,0
DA:57,0
DA:58,0
DA:59,0
DA:62,0
DA:173,0
DA:175,0
LF:32
LH:0
BRDA:10,0,0,0
BRDA:10,0,1,0
BRDA:29,1,0,0
BRDA:29,1,1,0
BRDA:32,2,0,0
BRDA:32,2,1,0
BRDA:47,3,0,0
BRDA:47,3,1,0
BRDA:48,4,0,0
BRDA:48,4,1,0
BRDA:52,5,0,0
BRDA:52,5,1,0
BRDA:53,6,0,0
BRDA:53,6,1,0
BRDA:57,7,0,0
BRDA:57,7,1,0
BRDA:116,8,0,0
BRDA:116,8,1,0
BRDA:120,9,0,0
BRDA:120,9,1,0
BRDA:141,10,0,0
BRDA:141,10,1,0
BRDA:176,11,0,0
BRDA:176,11,1,0
BRF:24
BRH:0
end_of_record
TN:
SF:src/pages/PrivacyPolicyPage.tsx
FN:10,(anonymous_0)
FN:117,(anonymous_1)
FNF:2
FNH:0
FNDA:0,(anonymous_0)
FNDA:0,(anonymous_1)
DA:10,0
DA:11,0
DA:13,0
DA:66,0
DA:118,0
LF:5
LH:0
BRF:0
BRH:0
end_of_record
TN:
SF:src/pages/RegisterPage.tsx
FN:4,RegisterPage
FN:12,(anonymous_1)
FN:62,(anonymous_2)
FN:76,(anonymous_3)
FN:90,(anonymous_4)
FNF:5
FNH:0
FNDA:0,RegisterPage
FNDA:0,(anonymous_1)
FNDA:0,(anonymous_2)
FNDA:0,(anonymous_3)
FNDA:0,(anonymous_4)
DA:5,0
DA:6,0
DA:7,0
DA:8,0
DA:9,0
DA:10,0
DA:12,0
DA:13,0
DA:14,0
DA:16,0
DA:17,0
DA:18,0
DA:21,0
DA:23,0
DA:24,0
DA:30,0
DA:31,0
DA:32,0
DA:36,0
DA:38,0
DA:40,0
DA:44,0
DA:62,0
DA:76,0
DA:90,0
LF:25
LH:0
BRDA:16,0,0,0
BRDA:16,0,1,0
BRDA:30,1,0,0
BRDA:30,1,1,0
BRDA:32,2,0,0
BRDA:32,2,1,0
BRDA:96,3,0,0
BRDA:96,3,1,0
BRDA:106,4,0,0
BRDA:106,4,1,0
BRDA:108,5,0,0
BRDA:108,5,1,0
BRF:12
BRH:0
end_of_record
TN:
SF:src/pages/ResetPasswordPage.tsx
FN:7,ResetPasswordPage
FN:20,(anonymous_1)
FN:49,(anonymous_2)
FN:81,(anonymous_3)
FN:87,(anonymous_4)
FN:107,(anonymous_5)
FN:113,(anonymous_6)
FNF:7
FNH:0
FNDA:0,ResetPasswordPage
FNDA:0,(anonymous_1)
FNDA:0,(anonymous_2)
FNDA:0,(anonymous_3)
FNDA:0,(anonymous_4)
FNDA:0,(anonymous_5)
FNDA:0,(anonymous_6)
DA:8,0
DA:9,0
DA:10,0
DA:11,0
DA:12,0
DA:13,0
DA:14,0
DA:15,0
DA:16,0
DA:18,0
DA:20,0
DA:21,0
DA:22,0
DA:24,0
DA:25,0
DA:26,0
DA:29,0
DA:30,0
DA:31,0
DA:34,0
DA:36,0
DA:37,0
DA:43,0
DA:44,0
DA:45,0
DA:48,0
DA:49,0
DA:52,0
DA:54,0
DA:58,0
DA:59,0
DA:62,0
DA:81,0
DA:87,0
DA:107,0
DA:113,0
LF:36
LH:0
BRDA:24,0,0,0
BRDA:24,0,1,0
BRDA:29,1,0,0
BRDA:29,1,1,0
BRDA:43,2,0,0
BRDA:43,2,1,0
BRDA:45,3,0,0
BRDA:45,3,1,0
BRDA:58,4,0,0
BRDA:58,4,1,0
BRDA:71,5,0,0
BRDA:71,5,1,0
BRDA:78,6,0,0
BRDA:78,6,1,0
BRDA:90,7,0,0
BRDA:90,7,1,0
BRDA:104,8,0,0
BRDA:104,8,1,0
BRDA:116,9,0,0
BRDA:116,9,1,0
BRDA:125,10,0,0
BRDA:125,10,1,0
BRDA:135,11,0,0
BRDA:135,11,1,0
BRDA:137,12,0,0
BRDA:137,12,1,0
BRF:26
BRH:0
end_of_record
TN:
SF:src/pages/TherapiesGalleryPage.tsx
FN:13,(anonymous_0)
FN:19,(anonymous_1)
FN:22,(anonymous_2)
FN:25,(anonymous_3)
FN:39,(anonymous_4)
FN:44,(anonymous_5)
FN:49,(anonymous_6)
FN:56,(anonymous_7)
FN:90,(anonymous_8)
FN:96,(anonymous_9)
FN:103,(anonymous_10)
FN:157,(anonymous_11)
FNF:12
FNH:0
FNDA:0,(anonymous_0)
FNDA:0,(anonymous_1)
FNDA:0,(anonymous_2)
FNDA:0,(anonymous_3)
FNDA:0,(anonymous_4)
FNDA:0,(anonymous_5)
FNDA:0,(anonymous_6)
FNDA:0,(anonymous_7)
FNDA:0,(anonymous_8)
FNDA:0,(anonymous_9)
FNDA:0,(anonymous_10)
FNDA:0,(anonymous_11)
DA:13,0
DA:14,0
DA:15,0
DA:16,0
DA:17,0
DA:19,0
DA:20,0
DA:21,0
DA:22,0
DA:25,0
DA:26,0
DA:27,0
DA:28,0
DA:29,0
DA:30,0
DA:33,0
DA:35,0
DA:39,0
DA:40,0
DA:41,0
DA:44,0
DA:45,0
DA:46,0
DA:49,0
DA:50,0
DA:51,0
DA:52,0
DA:56,0
DA:57,0
DA:58,0
DA:59,0
DA:63,0
DA:91,0
DA:97,0
DA:103,0
DA:157,0
LF:36
LH:0
BRDA:28,0,0,0
BRDA:28,0,1,0
BRDA:51,1,0,0
BRDA:51,1,1,0
BRDA:58,2,0,0
BRDA:58,2,1,0
BRDA:88,3,0,0
BRDA:88,3,1,0
BRDA:108,4,0,0
BRDA:108,4,1,0
BRDA:124,5,0,0
BRDA:124,5,1,0
BRDA:124,5,2,0
BRDA:135,6,0,0
BRDA:135,6,1,0
BRDA:161,7,0,0
BRDA:161,7,1,0
BRF:17
BRH:0
end_of_record
TN:
SF:src/pages/TherapiesPage.tsx
FN:30,(anonymous_0)
FN:44,(anonymous_1)
FN:45,(anonymous_2)
FN:67,(anonymous_3)
FN:70,(anonymous_4)
FN:74,(anonymous_5)
FN:79,(anonymous_6)
FN:83,(anonymous_7)
FN:87,(anonymous_8)
FN:90,(anonymous_9)
FN:113,(anonymous_10)
FN:119,(anonymous_11)
FN:123,(anonymous_12)
FN:135,(anonymous_13)
FN:197,(anonymous_14)
FN:206,(anonymous_15)
FN:276,(anonymous_16)
FN:284,(anonymous_17)
FN:305,(anonymous_18)
FN:309,(anonymous_19)
FN:320,(anonymous_20)
FN:352,(anonymous_21)
FN:381,(anonymous_22)
FN:385,(anonymous_23)
FN:396,(anonymous_24)
FN:428,(anonymous_25)
FN:475,(anonymous_26)
FNF:27
FNH:0
FNDA:0,(anonymous_0)
FNDA:0,(anonymous_1)
FNDA:0,(anonymous_2)
FNDA:0,(anonymous_3)
FNDA:0,(anonymous_4)
FNDA:0,(anonymous_5)
FNDA:0,(anonymous_6)
FNDA:0,(anonymous_7)
FNDA:0,(anonymous_8)
FNDA:0,(anonymous_9)
FNDA:0,(anonymous_10)
FNDA:0,(anonymous_11)
FNDA:0,(anonymous_12)
FNDA:0,(anonymous_13)
FNDA:0,(anonymous_14)
FNDA:0,(anonymous_15)
FNDA:0,(anonymous_16)
FNDA:0,(anonymous_17)
FNDA:0,(anonymous_18)
FNDA:0,(anonymous_19)
FNDA:0,(anonymous_20)
FNDA:0,(anonymous_21)
FNDA:0,(anonymous_22)
FNDA:0,(anonymous_23)
FNDA:0,(anonymous_24)
FNDA:0,(anonymous_25)
FNDA:0,(anonymous_26)
DA:30,0
DA:31,0
DA:32,0
DA:33,0
DA:34,0
DA:35,0
DA:36,0
DA:37,0
DA:40,0
DA:41,0
DA:42,0
DA:44,0
DA:45,0
DA:46,0
DA:50,0
DA:51,0
DA:52,0
DA:56,0
DA:57,0
DA:58,0
DA:61,0
DA:65,0
DA:66,0
DA:67,0
DA:70,0
DA:71,0
DA:74,0
DA:75,0
DA:78,0
DA:79,0
DA:80,0
DA:81,0
DA:83,0
DA:84,0
DA:86,0
DA:87,0
DA:90,0
DA:91,0
DA:96,0
DA:113,0
DA:119,0
DA:123,0
DA:136,0
DA:138,0
DA:139,0
DA:144,0
DA:147,0
DA:198,0
DA:199,0
DA:206,0
DA:277,0
DA:284,0
DA:306,0
DA:309,0
DA:321,0
DA:322,0
DA:323,0
DA:324,0
DA:325,0
DA:352,0
DA:382,0
DA:385,0
DA:397,0
DA:398,0
DA:399,0
DA:400,0
DA:401,0
DA:428,0
DA:475,0
LF:69
LH:0
BRDA:51,0,0,0
BRDA:51,0,1,0
BRDA:57,1,0,0
BRDA:57,1,1,0
BRDA:81,2,0,0
BRDA:81,2,1,0
BRDA:107,3,0,0
BRDA:107,3,1,0
BRDA:130,4,0,0
BRDA:130,4,1,0
BRDA:132,5,0,0
BRDA:132,5,1,0
BRDA:138,6,0,0
BRDA:138,6,1,0
BRDA:160,7,0,0
BRDA:160,7,1,0
BRDA:160,7,2,0
BRDA:168,8,0,0
BRDA:168,8,1,0
BRDA:180,9,0,0
BRDA:180,9,1,0
BRDA:180,9,2,0
BRDA:183,10,0,0
BRDA:183,10,1,0
BRDA:221,11,0,0
BRDA:221,11,1,0
BRDA:302,12,0,0
BRDA:302,12,1,0
BRDA:315,13,0,0
BRDA:315,13,1,0
BRDA:317,14,0,0
BRDA:317,14,1,0
BRDA:322,15,0,0
BRDA:322,15,1,0
BRDA:335,16,0,0
BRDA:335,16,1,0
BRDA:336,17,0,0
BRDA:336,17,1,0
BRDA:341,18,0,0
BRDA:341,18,1,0
BRDA:341,19,0,0
BRDA:341,19,1,0
BRDA:349,20,0,0
BRDA:349,20,1,0
BRDA:378,21,0,0
BRDA:378,21,1,0
BRDA:391,22,0,0
BRDA:391,22,1,0
BRDA:393,23,0,0
BRDA:393,23,1,0
BRDA:398,24,0,0
BRDA:398,24,1,0
BRDA:411,25,0,0
BRDA:411,25,1,0
BRDA:412,26,0,0
BRDA:412,26,1,0
BRDA:417,27,0,0
BRDA:417,27,1,0
BRDA:417,28,0,0
BRDA:417,28,1,0
BRDA:425,29,0,0
BRDA:425,29,1,0
BRDA:483,30,0,0
BRDA:483,30,1,0
BRF:64
BRH:0
end_of_record
TN:
SF:src/pages/YogaGalleryPage.tsx
FN:12,(anonymous_0)
FN:18,(anonymous_1)
FN:21,(anonymous_2)
FN:24,(anonymous_3)
FN:38,(anonymous_4)
FN:43,(anonymous_5)
FN:48,(anonymous_6)
FN:55,(anonymous_7)
FN:84,(anonymous_8)
FN:90,(anonymous_9)
FN:97,(anonymous_10)
FN:151,(anonymous_11)
FNF:12
FNH:0
FNDA:0,(anonymous_0)
FNDA:0,(anonymous_1)
FNDA:0,(anonymous_2)
FNDA:0,(anonymous_3)
FNDA:0,(anonymous_4)
FNDA:0,(anonymous_5)
FNDA:0,(anonymous_6)
FNDA:0,(anonymous_7)
FNDA:0,(anonymous_8)
FNDA:0,(anonymous_9)
FNDA:0,(anonymous_10)
FNDA:0,(anonymous_11)
DA:12,0
DA:13,0
DA:14,0
DA:15,0
DA:16,0
DA:18,0
DA:19,0
DA:20,0
DA:21,0
DA:24,0
DA:25,0
DA:26,0
DA:27,0
DA:28,0
DA:29,0
DA:32,0
DA:34,0
DA:38,0
DA:39,0
DA:40,0
DA:43,0
DA:44,0
DA:45,0
DA:48,0
DA:49,0
DA:50,0
DA:51,0
DA:55,0
DA:56,0
DA:57,0
DA:58,0
DA:62,0
DA:85,0
DA:91,0
DA:97,0
DA:151,0
LF:36
LH:0
BRDA:27,0,0,0
BRDA:27,0,1,0
BRDA:50,1,0,0
BRDA:50,1,1,0
BRDA:57,2,0,0
BRDA:57,2,1,0
BRDA:82,3,0,0
BRDA:82,3,1,0
BRDA:102,4,0,0
BRDA:102,4,1,0
BRDA:118,5,0,0
BRDA:118,5,1,0
BRDA:118,5,2,0
BRDA:129,6,0,0
BRDA:129,6,1,0
BRDA:155,7,0,0
BRDA:155,7,1,0
BRF:17
BRH:0
end_of_record
TN:
SF:src/pages/YogaPage.tsx
FN:16,(anonymous_0)
FN:17,(anonymous_1)
FN:19,(anonymous_2)
FN:29,(anonymous_3)
FN:30,(anonymous_4)
FN:36,(anonymous_5)
FN:47,(anonymous_6)
FN:50,(anonymous_7)
FN:51,(anonymous_8)
FN:53,(anonymous_9)
FN:57,(anonymous_10)
FN:61,(anonymous_11)
FN:64,(anonymous_12)
FN:68,(anonymous_13)
FN:130,(anonymous_14)
FN:132,(anonymous_15)
FN:171,(anonymous_16)
FNF:17
FNH:0
FNDA:0,(anonymous_0)
FNDA:0,(anonymous_1)
FNDA:0,(anonymous_2)
FNDA:0,(anonymous_3)
FNDA:0,(anonymous_4)
FNDA:0,(anonymous_5)
FNDA:0,(anonymous_6)
FNDA:0,(anonymous_7)
FNDA:0,(anonymous_8)
FNDA:0,(anonymous_9)
FNDA:0,(anonymous_10)
FNDA:0,(anonymous_11)
FNDA:0,(anonymous_12)
FNDA:0,(anonymous_13)
FNDA:0,(anonymous_14)
FNDA:0,(anonymous_15)
FNDA:0,(anonymous_16)
DA:16,0
DA:17,0
DA:19,0
DA:20,0
DA:21,0
DA:22,0
DA:23,0
DA:24,0
DA:25,0
DA:26,0
DA:27,0
DA:29,0
DA:30,0
DA:31,0
DA:32,0
DA:33,0
DA:34,0
DA:35,0
DA:36,0
DA:37,0
DA:41,0
DA:45,0
DA:46,0
DA:47,0
DA:50,0
DA:51,0
DA:53,0
DA:54,0
DA:55,0
DA:57,0
DA:58,0
DA:60,0
DA:61,0
DA:64,0
DA:65,0
DA:68,0
DA:69,0
DA:74,0
DA:130,0
DA:133,0
DA:171,0
LF:41
LH:0
BRDA:33,0,0,0
BRDA:33,0,1,0
BRDA:35,1,0,0
BRDA:35,1,1,0
BRDA:55,2,0,0
BRDA:55,2,1,0
BRDA:83,3,0,0
BRDA:83,3,1,0
BRDA:167,4,0,0
BRDA:167,4,1,0
BRF:10
BRH:0
end_of_record
TN:
SF:src/pages/dashboard/ActivityManager.tsx
FN:34,(anonymous_0)
FN:41,(anonymous_1)
FN:59,(anonymous_2)
FN:65,(anonymous_3)
FN:78,(anonymous_4)
FN:82,(anonymous_5)
FN:85,(anonymous_6)
FN:95,(anonymous_7)
FN:96,(anonymous_8)
FN:105,(anonymous_9)
FN:106,(anonymous_10)
FN:115,(anonymous_11)
FN:116,(anonymous_12)
FN:138,(anonymous_13)
FN:144,(anonymous_14)
FN:148,(anonymous_15)
FN:152,(anonymous_16)
FN:158,(anonymous_17)
FN:165,(anonymous_18)
FN:183,(anonymous_19)
FN:189,(anonymous_20)
FN:200,(anonymous_21)
FN:204,(anonymous_22)
FN:213,(anonymous_23)
FN:224,(anonymous_24)
FN:227,(anonymous_25)
FN:228,(anonymous_26)
FN:235,(anonymous_27)
FN:251,(anonymous_28)
FN:252,(anonymous_29)
FN:276,(anonymous_30)
FN:284,(anonymous_31)
FN:290,ActivityManager
FN:305,(anonymous_33)
[...]
DA:78,0
DA:79,0
DA:80,0
DA:83,0
DA:87,0
DA:88,0
DA:89,0
DA:90,0
DA:91,0
DA:94,0
DA:95,0
DA:96,0
DA:97,0
DA:98,0
DA:99,0
DA:100,0
DA:103,0
DA:111,0
DA:112,0
DA:116,0
DA:118,0
DA:127,0
DA:128,0
DA:129,0
DA:131,0
DA:132,0
DA:135,0
DA:136,0
DA:138,0
DA:142,0
DA:143,0
DA:144,0
DA:147,0
DA:148,0
DA:150,0
DA:151,0
DA:153,0
DA:154,0
DA:161,0
DA:162,0
DA:163,0
DA:164,0
DA:166,0
DA:169,0
DA:170,0
DA:172,0
DA:176,0
DA:177,0
DA:180,0
DA:181,0
DA:182,0
DA:183,0
DA:184,0
DA:187,0
DA:194,0
DA:197,0
DA:198,0
DA:199,0
DA:200,0
DA:201,0
DA:210,0
DA:211,0
DA:212,0
DA:214,0
DA:215,0
DA:218,0
DA:219,0
DA:222,0
DA:223,0
DA:224,0
DA:225,0
DA:229,0
DA:236,0
DA:251,0
DA:259,0
DA:266,0
DA:277,0
DA:278,0
DA:280,0
DA:287,0
DA:307,0
DA:314,0
DA:350,0
DA:355,0
DA:369,0
DA:373,0
DA:386,0
DA:410,0
DA:453,0
DA:454,0
LF:120
LH:0
BRDA:62,0,0,0
BRDA:62,0,1,0
BRDA:62,1,0,0
BRDA:62,1,1,0
BRDA:78,2,0,0
BRDA:78,2,1,0
BRDA:95,3,0,0
BRDA:95,3,1,0
BRDA:95,4,0,0
BRDA:95,4,1,0
BRDA:104,5,0,0
BRDA:104,5,1,0
BRDA:112,6,0,0
BRDA:112,6,1,0
BRDA:116,7,0,0
BRDA:116,7,1,0
BRDA:127,8,0,0
BRDA:127,8,1,0
BRDA:132,9,0,0
BRDA:132,9,1,0
BRDA:148,10,0,0
BRDA:148,10,1,0
BRDA:161,11,0,0
BRDA:161,11,1,0
BRDA:181,12,0,0
BRDA:181,12,1,0
BRDA:181,13,0,0
BRDA:181,13,1,0
BRDA:188,14,0,0
BRDA:188,14,1,0
BRDA:211,15,0,0
BRDA:211,15,1,0
BRDA:218,16,0,0
BRDA:218,16,1,0
BRDA:222,17,0,0
BRDA:222,17,1,0
BRDA:231,18,0,0
BRDA:231,18,1,0
BRDA:277,19,0,0
BRDA:277,19,1,0
BRDA:278,20,0,0
BRDA:278,20,1,0
BRDA:292,21,0,0
BRDA:292,21,1,0
BRDA:292,21,2,0
BRDA:294,22,0,0
BRDA:294,22,1,0
BRDA:331,23,0,0
BRDA:331,23,1,0
BRDA:336,24,0,0
BRDA:336,24,1,0
BRDA:340,25,0,0
BRDA:340,25,1,0
BRDA:430,26,0,0
BRDA:430,26,1,0
BRDA:430,27,0,0
BRDA:430,27,1,0
BRDA:439,28,0,0
BRDA:439,28,1,0
BRDA:466,29,0,0
BRDA:466,29,1,0
BRF:61
BRH:0
end_of_record
TN:
SF:src/pages/dashboard/SeoStats.tsx
FN:3,SeoStats
FN:38,(anonymous_1)
FNF:2
FNH:0
FNDA:0,SeoStats
FNDA:0,(anonymous_1)
DA:4,0
DA:39,0
LF:2
LH:0
BRF:0
BRH:0
end_of_record
TN:
SF:src/pages/dashboard/TreatmentsManager.tsx
FN:25,TreatmentsManager
FN:33,(anonymous_1)
FN:34,(anonymous_2)
FN:66,(anonymous_3)
FN:71,(anonymous_4)
FN:87,(anonymous_5)
FN:93,(anonymous_6)
FN:97,(anonymous_7)
FN:105,(anonymous_8)
FN:109,(anonymous_9)
FN:126,(anonymous_10)
FN:132,(anonymous_11)
FN:206,(anonymous_12)
FN:211,(anonymous_13)
FN:243,(anonymous_14)
FN:263,(anonymous_15)
FN:306,(anonymous_16)
FN:340,(anonymous_17)
FN:353,(anonymous_18)
FN:364,(anonymous_19)
FN:381,(anonymous_20)
FN:422,(anonymous_21)
FN:428,(anonymous_22)
FN:456,(anonymous_23)
FN:467,(anonymous_24)
FN:478,(anonymous_25)
FN:489,(anonymous_26)
FN:500,(anonymous_27)
FN:512,(anonymous_28)
FN:531,(anonymous_29)
FN:601,(anonymous_30)
FNF:31
FNH:0
FNDA:0,TreatmentsManager
FNDA:0,(anonymous_1)
FNDA:0,(anonymous_2)
FNDA:0,(anonymous_3)
FNDA:0,(anonymous_4)
FNDA:0,(anonymous_5)
FNDA:0,(anonymous_6)
FNDA:0,(anonymous_7)
FNDA:0,(anonymous_8)
FNDA:0,(anonymous_9)
FNDA:0,(anonymous_10)
FNDA:0,(anonymous_11)
FNDA:0,(anonymous_12)
FNDA:0,(anonymous_13)
FNDA:0,(anonymous_14)
FNDA:0,(anonymous_15)
FNDA:0,(anonymous_16)
FNDA:0,(anonymous_17)
FNDA:0,(anonymous_18)
FNDA:0,(anonymous_19)
FNDA:0,(anonymous_20)
FNDA:0,(anonymous_21)
FNDA:0,(anonymous_22)
FNDA:0,(anonymous_23)
FNDA:0,(anonymous_24)
FNDA:0,(anonymous_25)
FNDA:0,(anonymous_26)
FNDA:0,(anonymous_27)
FNDA:0,(anonymous_28)
FNDA:0,(anonymous_29)
FNDA:0,(anonymous_30)
DA:23,0
DA:26,0
DA:29,0
DA:30,0
DA:33,0
DA:34,0
DA:35,0
DA:36,0
DA:40,0
DA:41,0
DA:42,0
DA:43,0
DA:44,0
DA:47,0
DA:48,0
DA:49,0
DA:50,0
DA:51,0
DA:52,0
DA:53,0
DA:54,0
DA:57,0
DA:58,0
DA:59,0
DA:60,0
DA:61,0
DA:63,0
DA:64,0
DA:66,0
DA:67,0
DA:71,0
DA:72,0
DA:73,0
DA:74,0
DA:75,0
DA:76,0
DA:77,0
DA:78,0
DA:81,0
DA:83,0
DA:87,0
DA:88,0
DA:89,0
DA:90,0
DA:93,0
DA:94,0
DA:95,0
DA:96,0
DA:97,0
DA:98,0
DA:99,0
DA:101,0
DA:105,0
DA:106,0
DA:109,0
DA:110,0
DA:111,0
DA:112,0
DA:113,0
DA:114,0
DA:115,0
DA:116,0
DA:117,0
DA:120,0
DA:121,0
DA:126,0
DA:127,0
DA:128,0
DA:132,0
DA:133,0
DA:134,0
DA:135,0
DA:136,0
DA:138,0
DA:139,0
DA:143,0
DA:145,0
DA:146,0
DA:147,0
DA:148,0
DA:149,0
DA:152,0
DA:153,0
DA:155,0
DA:157,0
DA:159,0
DA:160,0
DA:171,0
DA:173,0
DA:174,0
DA:176,0
DA:180,0
DA:189,0
DA:190,0
DA:191,0
DA:192,0
DA:193,0
DA:195,0
DA:196,0
DA:199,0
DA:200,0
DA:202,0
DA:206,0
DA:207,0
DA:208,0
DA:211,0
DA:212,0
DA:214,0
DA:215,0
DA:216,0
DA:218,0
DA:219,0
DA:226,0
DA:227,0
DA:228,0
DA:229,0
DA:230,0
DA:231,0
DA:233,0
DA:236,0
DA:237,0
DA:239,0
DA:243,0
DA:244,0
DA:245,0
DA:246,0
DA:247,0
DA:248,0
DA:249,0
DA:252,0
DA:253,0
DA:255,0
DA:258,0
DA:259,0
DA:260,0
DA:263,0
DA:264,0
DA:265,0
DA:266,0
DA:267,0
DA:268,0
DA:269,0
DA:270,0
DA:271,0
DA:272,0
DA:273,0
DA:274,0
DA:275,0
DA:278,0
DA:306,0
DA:340,0
DA:353,0
DA:364,0
DA:382,0
DA:422,0
DA:428,0
DA:456,0
DA:467,0
DA:478,0
DA:489,0
DA:500,0
DA:512,0
DA:532,0
DA:533,0
DA:602,0
DA:603,0
LF:166
LH:0
BRDA:29,0,0,0
BRDA:29,0,1,0
BRDA:74,1,0,0
BRDA:74,1,1,0
BRDA:76,2,0,0
BRDA:76,2,1,0
BRDA:94,3,0,0
BRDA:94,3,1,0
BRDA:94,4,0,0
BRDA:94,4,1,0
BRDA:98,5,0,0
BRDA:98,5,1,0
BRDA:110,6,0,0
BRDA:110,6,1,0
BRDA:110,7,0,0
BRDA:110,7,1,0
BRDA:113,8,0,0
BRDA:113,8,1,0
BRDA:136,9,0,0
BRDA:136,9,1,0
BRDA:139,10,0,0
BRDA:139,10,1,0
BRDA:143,11,0,0
BRDA:143,11,1,0
BRDA:147,12,0,0
BRDA:147,12,1,0
BRDA:148,13,0,0
BRDA:148,13,1,0
BRDA:149,14,0,0
BRDA:149,14,1,0
BRDA:152,15,0,0
BRDA:152,15,1,0
BRDA:152,16,0,0
BRDA:152,16,1,0
BRDA:157,17,0,0
BRDA:157,17,1,0
BRDA:159,18,0,0
BRDA:159,18,1,0
BRDA:171,19,0,0
BRDA:171,19,1,0
BRDA:173,20,0,0
BRDA:173,20,1,0
BRDA:173,21,0,0
BRDA:173,21,1,0
BRDA:189,22,0,0
BRDA:189,22,1,0
BRDA:192,23,0,0
BRDA:192,23,1,0
BRDA:192,24,0,0
BRDA:192,24,1,0
BRDA:196,25,0,0
BRDA:196,25,1,0
BRDA:212,26,0,0
BRDA:212,26,1,0
BRDA:216,27,0,0
BRDA:216,27,1,0
BRDA:226,28,0,0
BRDA:226,28,1,0
BRDA:230,29,0,0
BRDA:230,29,1,0
BRDA:230,30,0,0
BRDA:230,30,1,0
BRDA:246,31,0,0
BRDA:246,31,1,0
BRDA:247,32,0,0
BRDA:247,32,1,0
BRDA:248,33,0,0
BRDA:248,33,1,0
BRDA:249,34,0,0
BRDA:249,34,1,0
BRDA:252,35,0,0
BRDA:252,35,1,0
BRDA:252,36,0,0
BRDA:252,36,1,0
BRDA:258,37,0,0
BRDA:258,37,1,0
BRDA:258,38,0,0
BRDA:258,38,1,0
BRDA:280,39,0,0
BRDA:280,39,1,0
BRDA:283,40,0,0
BRDA:283,40,1,0
BRDA:283,40,2,0
BRDA:356,41,0,0
BRDA:356,41,1,0
BRDA:367,42,0,0
BRDA:367,42,1,0
BRDA:377,43,0,0
BRDA:377,43,1,0
BRDA:384,44,0,0
BRDA:384,44,1,0
BRDA:386,45,0,0
BRDA:386,45,1,0
BRDA:405,46,0,0
BRDA:405,46,1,0
BRDA:414,47,0,0
BRDA:414,47,1,0
BRDA:416,48,0,0
BRDA:416,48,1,0
BRDA:440,49,0,0
BRDA:440,49,1,0
BRDA:445,50,0,0
BRDA:445,50,1,0
BRDA:445,51,0,0
BRDA:445,51,1,0
BRDA:526,52,0,0
BRDA:526,52,1,0
BRDA:579,53,0,0
BRDA:579,53,1,0
BRDA:579,54,0,0
BRDA:579,54,1,0
BRDA:588,55,0,0
BRDA:588,55,1,0
BRDA:615,56,0,0
BRDA:615,56,1,0
BRF:115
BRH:0
end_of_record
TN:
SF:src/pages/dashboard/UserManager.tsx
FN:18,UserManager
FN:37,(anonymous_1)
FN:49,(anonymous_2)
FN:60,(anonymous_3)
FN:66,(anonymous_4)
FN:71,(anonymous_5)
FN:72,(anonymous_6)
FN:87,(anonymous_7)
FN:98,(anonymous_8)
FN:103,(anonymous_9)
FN:124,(anonymous_10)
FN:137,(anonymous_11)
FN:155,(anonymous_12)
FN:168,(anonymous_13)
FN:195,(anonymous_14)
FN:226,(anonymous_15)
FN:255,(anonymous_16)
FN:291,(anonymous_17)
FN:297,(anonymous_18)
FN:326,(anonymous_19)
FN:335,(anonymous_20)
FN:344,(anonymous_21)
FN:352,(anonymous_22)
FN:362,(anonymous_23)
FN:395,(anonymous_24)
FNF:25
FNH:0
FNDA:0,UserManager
FNDA:0,(anonymous_1)
FNDA:0,(anonymous_2)
FNDA:0,(anonymous_3)
FNDA:0,(anonymous_4)
FNDA:0,(anonymous_5)
FNDA:0,(anonymous_6)
FNDA:0,(anonymous_7)
FNDA:0,(anonymous_8)
FNDA:0,(anonymous_9)
FNDA:0,(anonymous_10)
FNDA:0,(anonymous_11)
FNDA:0,(anonymous_12)
FNDA:0,(anonymous_13)
FNDA:0,(anonymous_14)
FNDA:0,(anonymous_15)
FNDA:0,(anonymous_16)
FNDA:0,(anonymous_17)
FNDA:0,(anonymous_18)
FNDA:0,(anonymous_19)
FNDA:0,(anonymous_20)
FNDA:0,(anonymous_21)
FNDA:0,(anonymous_22)
FNDA:0,(anonymous_23)
FNDA:0,(anonymous_24)
DA:19,0
DA:20,0
DA:21,0
DA:22,0
DA:23,0
DA:24,0
DA:25,0
DA:26,0
DA:27,0
DA:28,0
DA:34,0
DA:35,0
DA:37,0
DA:38,0
DA:39,0
DA:40,0
DA:46,0
DA:47,0
DA:48,0
DA:49,0
DA:50,0
DA:51,0
DA:54,0
DA:56,0
DA:60,0
DA:62,0
DA:63,0
DA:65,0
DA:66,0
DA:68,0
DA:71,0
DA:72,0
DA:74,0
DA:76,0
DA:82,0
DA:87,0
DA:88,0
DA:89,0
DA:95,0
DA:98,0
DA:99,0
DA:100,0
DA:103,0
DA:104,0
DA:105,0
DA:106,0
DA:108,0
DA:109,0
DA:110,0
DA:119,0
DA:120,0
DA:121,0
DA:122,0
DA:123,0
DA:124,0
DA:126,0
DA:127,0
DA:130,0
DA:131,0
DA:133,0
DA:137,0
DA:138,0
DA:139,0
DA:141,0
DA:142,0
DA:143,0
DA:150,0
DA:151,0
DA:152,0
DA:153,0
DA:154,0
DA:155,0
DA:157,0
DA:158,0
DA:161,0
DA:162,0
DA:164,0
DA:168,0
DA:169,0
DA:170,0
DA:178,0
DA:179,0
DA:182,0
DA:195,0
DA:226,0
DA:256,0
DA:291,0
DA:297,0
DA:326,0
DA:335,0
DA:344,0
DA:352,0
DA:362,0
DA:395,0
LF:94
LH:0
BRDA:46,0,0,0
BRDA:46,0,1,0
BRDA:50,1,0,0
BRDA:50,1,1,0
BRDA:62,2,0,0
BRDA:62,2,1,0
BRDA:62,3,0,0
BRDA:62,3,1,0
BRDA:74,4,0,0
BRDA:74,4,1,0
BRDA:77,5,0,0
BRDA:77,5,1,0
BRDA:77,5,2,0
BRDA:91,6,0,0
BRDA:91,6,1,0
BRDA:92,7,0,0
BRDA:92,7,1,0
BRDA:105,8,0,0
BRDA:105,8,1,0
BRDA:119,9,0,0
BRDA:119,9,1,0
BRDA:127,10,0,0
BRDA:127,10,1,0
BRDA:138,11,0,0
BRDA:138,11,1,0
BRDA:150,12,0,0
BRDA:150,12,1,0
BRDA:158,13,0,0
BRDA:158,13,1,0
BRDA:171,14,0,0
BRDA:171,14,1,0
BRDA:173,15,0,0
BRDA:173,15,1,0
BRDA:178,16,0,0
BRDA:178,16,1,0
BRDA:184,17,0,0
BRDA:184,17,1,0
BRDA:205,18,0,0
BRDA:205,18,1,0
BRDA:260,19,0,0
BRDA:260,19,1,0
BRDA:276,20,0,0
BRDA:276,20,1,0
BRDA:276,21,0,0
BRDA:276,21,1,0
BRDA:278,22,0,0
BRDA:278,22,1,0
BRDA:278,22,2,0
BRDA:313,23,0,0
BRDA:313,23,1,0
BRDA:372,24,0,0
BRDA:372,24,1,0
BRDA:381,25,0,0
BRDA:381,25,1,0
BRDA:406,26,0,0
BRDA:406,26,1,0
BRF:56
BRH:0
end_of_record
TN:
SF:src/pages/dashboard/VisualScheduleEditor.tsx
FN:26,VisualScheduleEditor
FN:38,(anonymous_1)
FN:40,(anonymous_2)
FN:67,(anonymous_3)
FN:72,(anonymous_4)
FN:78,(anonymous_5)
FN:107,(anonymous_6)
FN:108,(anonymous_7)
FN:131,(anonymous_8)
FN:131,(anonymous_9)
FN:139,(anonymous_10)
FN:139,(anonymous_11)
FN:145,(anonymous_12)
FN:146,(anonymous_13)
FN:154,(anonymous_14)
FN:162,(anonymous_15)
FN:176,(anonymous_16)
FN:184,(anonymous_17)
FN:197,(anonymous_18)
FN:210,(anonymous_19)
FN:213,(anonymous_20)
FN:224,(anonymous_21)
FN:235,(anonymous_22)
FN:247,(anonymous_23)
FN:261,(anonymous_24)
FN:289,(anonymous_25)
FN:342,(anonymous_26)
FN:350,(anonymous_27)
FN:374,VisualTimeBlock
FN:379,(anonymous_29)
FN:380,(anonymous_30)
FN:387,(anonymous_31)
FN:396,(anonymous_32)
FN:404,(anonymous_33)
FN:409,(anonymous_34)
FN:418,(anonymous_35)
FN:433,(anonymous_36)
FN:435,(anonymous_37)
FN:450,(anonymous_38)
FN:452,(anonymous_39)
FN:453,(anonymous_40)
FN:469,(anonymous_41)
FN:470,(anonymous_42)
FN:503,(anonymous_43)
FN:504,(anonymous_44)
FNF:45
FNH:0
FNDA:0,VisualScheduleEditor
FNDA:0,(anonymous_1)
FNDA:0,(anonymous_2)
FNDA:0,(anonymous_3)
FNDA:0,(anonymous_4)
FNDA:0,(anonymous_5)
FNDA:0,(anonymous_6)
FNDA:0,(anonymous_7)
FNDA:0,(anonymous_8)
FNDA:0,(anonymous_9)
FNDA:0,(anonymous_10)
FNDA:0,(anonymous_11)
FNDA:0,(anonymous_12)
FNDA:0,(anonymous_13)
FNDA:0,(anonymous_14)
FNDA:0,(anonymous_15)
FNDA:0,(anonymous_16)
FNDA:0,(anonymous_17)
FNDA:0,(anonymous_18)
FNDA:0,(anonymous_19)
FNDA:0,(anonymous_20)
FNDA:0,(anonymous_21)
FNDA:0,(anonymous_22)
FNDA:0,(anonymous_23)
FNDA:0,(anonymous_24)
FNDA:0,(anonymous_25)
FNDA:0,(anonymous_26)
FNDA:0,(anonymous_27)
FNDA:0,VisualTimeBlock
FNDA:0,(anonymous_29)
FNDA:0,(anonymous_30)
FNDA:0,(anonymous_31)
FNDA:0,(anonymous_32)
FNDA:0,(anonymous_33)
FNDA:0,(anonymous_34)
FNDA:0,(anonymous_35)
FNDA:0,(anonymous_36)
FNDA:0,(anonymous_37)
FNDA:0,(anonymous_38)
FNDA:0,(anonymous_39)
FNDA:0,(anonymous_40)
FNDA:0,(anonymous_41)
FNDA:0,(anonymous_42)
FNDA:0,(anonymous_43)
FNDA:0,(anonymous_44)
DA:23,0
DA:24,0
DA:27,0
DA:28,0
DA:29,0
DA:30,0
DA:31,0
DA:34,0
DA:35,0
DA:38,0
DA:39,0
DA:40,0
DA:41,0
DA:42,0
DA:43,0
DA:46,0
DA:47,0
DA:52,0
DA:62,0
DA:67,0
DA:68,0
DA:72,0
DA:73,0
DA:74,0
DA:75,0
DA:76,0
DA:77,0
DA:78,0
DA:79,0
DA:80,0
DA:81,0
DA:83,0
DA:96,0
DA:97,0
DA:100,0
DA:102,0
DA:107,0
DA:108,0
DA:109,0
DA:111,0
DA:112,0
DA:113,0
DA:114,0
DA:115,0
DA:116,0
DA:118,0
DA:119,0
DA:120,0
DA:123,0
DA:124,0
DA:125,0
DA:127,0
DA:128,0
DA:129,0
DA:131,0
DA:132,0
DA:134,0
DA:135,0
DA:136,0
DA:137,0
DA:139,0
DA:140,0
DA:145,0
DA:146,0
DA:147,0
DA:149,0
DA:150,0
DA:154,0
DA:155,0
DA:156,0
DA:157,0
DA:159,0
DA:161,0
DA:162,0
DA:165,0
DA:166,0
DA:169,0
DA:170,0
DA:171,0
DA:172,0
DA:173,0
DA:176,0
DA:177,0
DA:178,0
DA:179,0
DA:180,0
DA:184,0
DA:186,0
DA:189,0
DA:191,0
DA:192,0
DA:194,0
DA:197,0
DA:198,0
DA:200,0
DA:202,0
DA:203,0
DA:204,0
DA:205,0
DA:206,0
DA:207,0
DA:210,0
DA:211,0
DA:213,0
DA:214,0
DA:215,0
DA:216,0
DA:217,0
DA:219,0
DA:221,0
DA:224,0
DA:225,0
DA:226,0
DA:227,0
DA:228,0
DA:229,0
DA:230,0
DA:231,0
DA:232,0
DA:235,0
DA:236,0
DA:237,0
DA:238,0
DA:239,0
DA:240,0
DA:244,0
DA:247,0
DA:248,0
DA:249,0
DA:250,0
DA:251,0
DA:254,0
DA:255,0
DA:256,0
DA:257,0
DA:259,0
DA:261,0
DA:263,0
DA:264,0
DA:265,0
DA:266,0
DA:267,0
DA:268,0
DA:270,0
DA:282,0
DA:283,0
DA:284,0
DA:287,0
DA:288,0
DA:289,0
DA:291,0
DA:293,0
DA:297,0
DA:299,0
DA:343,0
DA:351,0
DA:375,0
DA:376,0
DA:377,0
DA:379,0
DA:380,0
DA:381,0
DA:382,0
DA:383,0
DA:387,0
DA:388,0
DA:389,0
DA:390,0
DA:396,0
DA:397,0
DA:399,0
DA:402,0
DA:404,0
DA:405,0
DA:407,0
DA:412,0
DA:413,0
DA:414,0
DA:418,0
DA:419,0
DA:420,0
DA:421,0
DA:425,0
DA:434,0
DA:436,0
DA:451,0
DA:453,0
DA:454,0
DA:455,0
DA:456,0
DA:457,0
DA:458,0
DA:459,0
DA:460,0
DA:461,0
DA:464,0
DA:466,0
DA:469,0
DA:470,0
DA:503,0
DA:504,0
LF:201
LH:0
BRDA:39,0,0,0
BRDA:39,0,1,0
BRDA:76,1,0,0
BRDA:76,1,1,0
BRDA:88,2,0,0
BRDA:88,2,1,0
BRDA:89,3,0,0
BRDA:89,3,1,0
BRDA:90,4,0,0
BRDA:90,4,1,0
BRDA:91,5,0,0
BRDA:91,5,1,0
BRDA:92,6,0,0
BRDA:92,6,1,0
BRDA:109,7,0,0
BRDA:109,7,1,0
BRDA:118,8,0,0
BRDA:118,8,1,0
BRDA:132,9,0,0
BRDA:132,9,1,0
BRDA:134,10,0,0
BRDA:134,10,1,0
BRDA:140,11,0,0
BRDA:140,11,1,0
BRDA:147,12,0,0
BRDA:147,12,1,0
BRDA:149,13,0,0
BRDA:149,13,1,0
BRDA:155,14,0,0
BRDA:155,14,1,0
BRDA:155,15,0,0
BRDA:155,15,1,0
BRDA:159,16,0,0
BRDA:159,16,1,0
BRDA:169,17,0,0
BRDA:169,17,1,0
BRDA:186,18,0,0
BRDA:186,18,1,0
BRDA:189,19,0,0
BRDA:189,19,1,0
BRDA:194,20,0,0
BRDA:194,20,1,0
BRDA:198,21,0,0
BRDA:198,21,1,0
BRDA:200,22,0,0
BRDA:200,22,1,0
BRDA:207,23,0,0
BRDA:207,23,1,0
BRDA:211,24,0,0
BRDA:211,24,1,0
BRDA:216,25,0,0
BRDA:216,25,1,0
BRDA:225,26,0,0
BRDA:225,26,1,0
BRDA:225,27,0,0
BRDA:225,27,1,0
BRDA:232,28,0,0
BRDA:232,28,1,0
BRDA:239,29,0,0
BRDA:239,29,1,0
BRDA:249,30,0,0
BRDA:249,30,1,0
BRDA:282,31,0,0
BRDA:282,31,1,0
BRDA:284,32,0,0
BRDA:284,32,1,0
BRDA:291,33,0,0
BRDA:291,33,1,0
BRDA:297,34,0,0
BRDA:297,34,1,0
BRDA:312,35,0,0
BRDA:312,35,1,0
BRDA:314,36,0,0
BRDA:314,36,1,0
BRDA:321,37,0,0
BRDA:321,37,1,0
BRDA:328,38,0,0
BRDA:328,38,1,0
BRDA:332,39,0,0
BRDA:332,39,1,0
BRDA:383,40,0,0
BRDA:383,40,1,0
BRDA:383,40,2,0
BRDA:397,41,0,0
BRDA:397,41,1,0
BRDA:402,42,0,0
BRDA:402,42,1,0
BRDA:413,43,0,0
BRDA:413,43,1,0
BRDA:419,44,0,0
BRDA:419,44,1,0
BRDA:454,45,0,0
BRDA:454,45,1,0
BRDA:454,46,0,0
BRDA:454,46,1,0
BRDA:461,47,0,0
BRDA:461,47,1,0
BRDA:474,48,0,0
BRDA:474,48,1,0
BRDA:475,49,0,0
BRDA:475,49,1,0
BRDA:475,50,0,0
BRDA:475,50,1,0
BRDA:476,51,0,0
BRDA:476,51,1,0
BRDA:478,52,0,0
BRDA:478,52,1,0
BRDA:482,53,0,0
BRDA:482,53,1,0
BRDA:487,54,0,0
BRDA:487,54,1,0
BRDA:488,55,0,0
BRDA:488,55,1,0
BRDA:491,56,0,0
BRDA:491,56,1,0
BRDA:496,57,0,0
BRDA:496,57,1,0
BRDA:499,58,0,0
BRDA:499,58,1,0
BRDA:501,59,0,0
BRDA:501,59,1,0
BRDA:507,60,0,0
BRDA:507,60,1,0
BRF:123
BRH:0
end_of_record
TN:
SF:src/pages/dashboard/profile/UserProfile.tsx
FN:7,UserProfile
FN:26,(anonymous_1)
FN:30,(anonymous_2)
FN:40,(anonymous_3)
FN:55,(anonymous_4)
FN:75,(anonymous_5)
FN:76,(anonymous_6)
FN:99,(anonymous_7)
FN:192,(anonymous_8)
FN:290,(anonymous_9)
FN:318,(anonymous_10)
FN:397,(anonymous_11)
FN:425,(anonymous_12)
FN:441,(anonymous_13)
FNF:14
FNH:0
FNDA:0,UserProfile
FNDA:0,(anonymous_1)
FNDA:0,(anonymous_2)
FNDA:0,(anonymous_3)
FNDA:0,(anonymous_4)
FNDA:0,(anonymous_5)
FNDA:0,(anonymous_6)
FNDA:0,(anonymous_7)
FNDA:0,(anonymous_8)
FNDA:0,(anonymous_9)
FNDA:0,(anonymous_10)
FNDA:0,(anonymous_11)
FNDA:0,(anonymous_12)
FNDA:0,(anonymous_13)
DA:8,0
DA:9,0
DA:10,0
DA:11,0
DA:12,0
DA:13,0
DA:14,0
DA:15,0
DA:17,0
DA:26,0
DA:27,0
DA:30,0
DA:31,0
DA:32,0
DA:33,0
DA:38,0
DA:39,0
DA:40,0
DA:49,0
DA:51,0
DA:55,0
DA:56,0
DA:58,0
DA:59,0
DA:60,0
DA:62,0
DA:63,0
DA:64,0
DA:72,0
DA:73,0
DA:75,0
DA:76,0
DA:79,0
DA:80,0
DA:81,0
DA:82,0
DA:83,0
DA:87,0
DA:89,0
DA:90,0
DA:91,0
DA:94,0
DA:95,0
DA:99,0
DA:100,0
DA:101,0
DA:102,0
DA:103,0
DA:105,0
DA:107,0
DA:109,0
DA:110,0
DA:111,0
DA:112,0
DA:116,0
DA:117,0
DA:118,0
DA:119,0
DA:123,0
DA:124,0
DA:125,0
DA:126,0
DA:130,0
DA:133,0
DA:139,0
DA:140,0
DA:144,0
DA:153,0
DA:154,0
DA:155,0
DA:159,0
DA:160,0
DA:161,0
DA:162,0
DA:163,0
DA:164,0
DA:165,0
DA:169,0
DA:172,0
DA:176,0
DA:186,0
DA:188,0
DA:192,0
DA:193,0
DA:196,0
DA:198,0
DA:290,0
DA:318,0
DA:397,0
DA:425,0
DA:441,0
LF:91
LH:0
BRDA:38,0,0,0
BRDA:38,0,1,0
BRDA:42,1,0,0
BRDA:42,1,1,0
BRDA:43,2,0,0
BRDA:43,2,1,0
BRDA:56,3,0,0
BRDA:56,3,1,0
BRDA:56,4,0,0
BRDA:56,4,1,0
BRDA:72,5,0,0
BRDA:72,5,1,0
BRDA:80,6,0,0
BRDA:80,6,1,0
BRDA:107,7,0,0
BRDA:107,7,1,0
BRDA:107,8,0,0
BRDA:107,8,1,0
BRDA:109,9,0,0
BRDA:109,9,1,0
BRDA:109,10,0,0
BRDA:109,10,1,0
BRDA:116,11,0,0
BRDA:116,11,1,0
BRDA:123,12,0,0
BRDA:123,12,1,0
BRDA:134,13,0,0
BRDA:134,13,1,0
BRDA:135,14,0,0
BRDA:135,14,1,0
BRDA:139,15,0,0
BRDA:139,15,1,0
BRDA:139,16,0,0
BRDA:139,16,1,0
BRDA:153,17,0,0
BRDA:153,17,1,0
BRDA:155,18,0,0
BRDA:155,18,1,0
BRDA:161,19,0,0
BRDA:161,19,1,0
BRDA:172,20,0,0
BRDA:172,20,1,0
BRDA:186,21,0,0
BRDA:186,21,1,0
BRDA:196,22,0,0
BRDA:196,22,1,0
BRDA:216,23,0,0
BRDA:216,23,1,0
BRDA:225,24,0,0
BRDA:225,24,1,0
BRDA:225,25,0,0
BRDA:225,25,1,0
BRDA:276,26,0,0
BRDA:276,26,1,0
BRDA:304,27,0,0
BRDA:304,27,1,0
BRDA:386,28,0,0
BRDA:386,28,1,0
BRDA:399,29,0,0
BRDA:399,29,1,0
BRDA:414,30,0,0
BRDA:414,30,1,0
BRDA:427,31,0,0
BRDA:427,31,1,0
BRDA:452,32,0,0
BRDA:452,32,1,0
BRF:66
BRH:0
end_of_record
TN:
SF:src/services/api.ts
FNF:0
FNH:0
DA:4,0
LF:1
LH:0
BRF:0
BRH:0
end_of_record
TN:
SF:src/services/galleryService.ts
FN:14,(anonymous_0)
FN:19,(anonymous_1)
FN:24,(anonymous_2)
FN:29,(anonymous_3)
FN:33,(anonymous_4)
FN:37,(anonymous_5)
FN:41,(anonymous_6)
FN:46,(anonymous_7)
FNF:8
FNH:0
FNDA:0,(anonymous_0)
FNDA:0,(anonymous_1)
FNDA:0,(anonymous_2)
FNDA:0,(anonymous_3)
FNDA:0,(anonymous_4)
FNDA:0,(anonymous_5)
FNDA:0,(anonymous_6)
FNDA:0,(anonymous_7)
DA:13,0
DA:15,0
DA:16,0
DA:20,0
DA:21,0
DA:25,0
DA:26,0
DA:30,0
DA:34,0
DA:38,0
DA:42,0
DA:43,0
DA:47,0
DA:48,0
LF:14
LH:0
BRDA:15,0,0,0
BRDA:15,0,1,0
BRF:2
BRH:0
end_of_record
TN:
SF:src/types/blog.ts
FNF:0
FNH:0
LF:0
LH:0
BRF:0
BRH:0
end_of_record
TN:
SF:src/utils/cropImage.ts
FN:1,(anonymous_0)
FN:2,(anonymous_1)
FN:4,(anonymous_2)
FN:5,(anonymous_3)
FN:10,getRadianAngle
FN:17,rotateSize
FN:31,getCroppedImg
FN:87,(anonymous_7)
FN:88,(anonymous_8)
FNF:9
FNH:0
FNDA:0,(anonymous_0)
FNDA:0,(anonymous_1)
FNDA:0,(anonymous_2)
FNDA:0,(anonymous_3)
FNDA:0,getRadianAngle
FNDA:0,rotateSize
FNDA:0,getCroppedImg
FNDA:0,(anonymous_7)
FNDA:0,(anonymous_8)
DA:1,0
DA:2,0
DA:3,0
DA:4,0
DA:5,0
DA:6,0
DA:7,0
DA:11,0
DA:18,0
DA:20,0
DA:37,0
DA:38,0
DA:39,0
DA:41,0
DA:42,0
DA:45,0
DA:48,0
DA:55,0
DA:56,0
DA:59,0
DA:60,0
DA:61,0
DA:62,0
DA:65,0
DA:69,0
DA:77,0
DA:78,0
DA:81,0
DA:87,0
DA:88,0
DA:89,0
LF:31
LH:0
BRDA:34,0,0,0
BRDA:35,1,0,0
BRDA:41,2,0,0
BRDA:41,2,1,0
BRDA:61,3,0,0
BRDA:61,3,1,0
BRDA:61,4,0,0
BRDA:61,4,1,0
BRF:8
BRH:0
end_of_record
TN:
SF:src/utils/imageUtils.ts
FN:8,(anonymous_0)
FNF:1
FNH:0
FNDA:0,(anonymous_0)
DA:8,0
DA:9,0
DA:10,0
DA:11,0
LF:4
LH:0
BRDA:9,0,0,0
BRDA:9,0,1,0
BRDA:10,1,0,0
BRDA:10,1,1,0
BRF:4
BRH:0
end_of_record
TN:
SF:src/utils/translate.ts
FN:1,(anonymous_0)
FNF:1
FNH:0
FNDA:0,(anonymous_0)
DA:1,0
DA:2,0
DA:5,0
DA:8,0
DA:11,0
DA:12,0
DA:13,0
DA:14,0
DA:16,0
DA:20,0
DA:22,0
DA:23,0
DA:27,0
DA:35,0
DA:36,0
DA:37,0
DA:38,0
DA:45,0
LF:18
LH:0
BRDA:1,0,0,0
BRDA:2,1,0,0
BRDA:2,1,1,0
BRDA:5,2,0,0
BRDA:5,2,1,0
BRDA:5,3,0,0
BRDA:5,3,1,0
BRDA:12,4,0,0
BRDA:12,4,1,0
BRDA:20,5,0,0
BRDA:20,5,1,0
BRDA:20,6,0,0
BRDA:20,6,1,0
BRDA:22,7,0,0
BRDA:22,7,1,0
BRDA:35,8,0,0
BRDA:35,8,1,0
BRDA:37,9,0,0
BRDA:37,9,1,0
BRDA:45,10,0,0
BRDA:45,10,1,0
BRF:21
BRH:0
end_of_record
